2020-04-06T00:33:26+00:00 CRITICAL Uncaught Error: Call to undefined function twentyseventeen_unique_id() in C:\xampp\htdocs\anhhaisang\wp-content\themes\demo\searchform.php:13
Stack trace:
#0 C:\xampp\htdocs\anhhaisang\wp-includes\general-template.php(258): require()
#1 C:\xampp\htdocs\anhhaisang\wp-content\themes\demo\404.php(26): get_search_form()
#2 C:\xampp\htdocs\anhhaisang\wp-includes\template-loader.php(98): include('C:\\xampp\\htdocs...')
#3 C:\xampp\htdocs\anhhaisang\wp-blog-header.php(19): require_once('C:\\xampp\\htdocs...')
#4 C:\xampp\htdocs\anhhaisang\index.php(17): require('C:\\xampp\\htdocs...')
#5 {main}
  thrown in C:\xampp\htdocs\anhhaisang\wp-content\themes\demo\searchform.php on line 13

2020-04-06T00:39:20+00:00 CRITICAL Uncaught Error: Call to undefined function twentyseventeen_unique_id() in C:\xampp\htdocs\anhhaisang\wp-content\themes\demo\searchform.php:13
Stack trace:
#0 C:\xampp\htdocs\anhhaisang\wp-includes\general-template.php(258): require()
#1 C:\xampp\htdocs\anhhaisang\wp-content\themes\demo\404.php(26): get_search_form()
#2 C:\xampp\htdocs\anhhaisang\wp-includes\template-loader.php(98): include('C:\\xampp\\htdocs...')
#3 C:\xampp\htdocs\anhhaisang\wp-blog-header.php(19): require_once('C:\\xampp\\htdocs...')
#4 C:\xampp\htdocs\anhhaisang\index.php(17): require('C:\\xampp\\htdocs...')
#5 {main}
  thrown in C:\xampp\htdocs\anhhaisang\wp-content\themes\demo\searchform.php on line 13

2020-04-06T00:52:26+00:00 CRITICAL Uncaught Error: Call to undefined function twentyseventeen_unique_id() in C:\xampp\htdocs\anhhaisang\wp-content\themes\demo\searchform.php:13
Stack trace:
#0 C:\xampp\htdocs\anhhaisang\wp-includes\general-template.php(258): require()
#1 C:\xampp\htdocs\anhhaisang\wp-content\themes\demo\404.php(26): get_search_form()
#2 C:\xampp\htdocs\anhhaisang\wp-includes\template-loader.php(98): include('C:\\xampp\\htdocs...')
#3 C:\xampp\htdocs\anhhaisang\wp-blog-header.php(19): require_once('C:\\xampp\\htdocs...')
#4 C:\xampp\htdocs\anhhaisang\index.php(17): require('C:\\xampp\\htdocs...')
#5 {main}
  thrown in C:\xampp\htdocs\anhhaisang\wp-content\themes\demo\searchform.php on line 13

2020-04-06T01:12:13+00:00 CRITICAL Uncaught Error: Call to undefined function twentyseventeen_unique_id() in C:\xampp\htdocs\anhhaisang\wp-content\themes\demo\searchform.php:13
Stack trace:
#0 C:\xampp\htdocs\anhhaisang\wp-includes\general-template.php(258): require()
#1 C:\xampp\htdocs\anhhaisang\wp-content\themes\demo\404.php(26): get_search_form()
#2 C:\xampp\htdocs\anhhaisang\wp-includes\template-loader.php(98): include('C:\\xampp\\htdocs...')
#3 C:\xampp\htdocs\anhhaisang\wp-blog-header.php(19): require_once('C:\\xampp\\htdocs...')
#4 C:\xampp\htdocs\anhhaisang\index.php(17): require('C:\\xampp\\htdocs...')
#5 {main}
  thrown in C:\xampp\htdocs\anhhaisang\wp-content\themes\demo\searchform.php on line 13

2020-04-06T01:24:14+00:00 CRITICAL Uncaught Error: Call to undefined function twentyseventeen_unique_id() in C:\xampp\htdocs\anhhaisang\wp-content\themes\demo\searchform.php:13
Stack trace:
#0 C:\xampp\htdocs\anhhaisang\wp-includes\general-template.php(258): require()
#1 C:\xampp\htdocs\anhhaisang\wp-content\themes\demo\404.php(26): get_search_form()
#2 C:\xampp\htdocs\anhhaisang\wp-includes\template-loader.php(98): include('C:\\xampp\\htdocs...')
#3 C:\xampp\htdocs\anhhaisang\wp-blog-header.php(19): require_once('C:\\xampp\\htdocs...')
#4 C:\xampp\htdocs\anhhaisang\index.php(17): require('C:\\xampp\\htdocs...')
#5 {main}
  thrown in C:\xampp\htdocs\anhhaisang\wp-content\themes\demo\searchform.php on line 13

2020-04-06T01:24:39+00:00 CRITICAL Uncaught Error: Call to undefined function twentyseventeen_unique_id() in C:\xampp\htdocs\anhhaisang\wp-content\themes\demo\searchform.php:13
Stack trace:
#0 C:\xampp\htdocs\anhhaisang\wp-includes\general-template.php(258): require()
#1 C:\xampp\htdocs\anhhaisang\wp-content\themes\demo\404.php(26): get_search_form()
#2 C:\xampp\htdocs\anhhaisang\wp-includes\template-loader.php(98): include('C:\\xampp\\htdocs...')
#3 C:\xampp\htdocs\anhhaisang\wp-blog-header.php(19): require_once('C:\\xampp\\htdocs...')
#4 C:\xampp\htdocs\anhhaisang\index.php(17): require('C:\\xampp\\htdocs...')
#5 {main}
  thrown in C:\xampp\htdocs\anhhaisang\wp-content\themes\demo\searchform.php on line 13

2020-04-06T01:32:17+00:00 CRITICAL Uncaught Error: Call to undefined function twentyseventeen_unique_id() in C:\xampp\htdocs\anhhaisang\wp-content\themes\demo\searchform.php:13
Stack trace:
#0 C:\xampp\htdocs\anhhaisang\wp-includes\general-template.php(258): require()
#1 C:\xampp\htdocs\anhhaisang\wp-content\themes\demo\404.php(26): get_search_form()
#2 C:\xampp\htdocs\anhhaisang\wp-includes\template-loader.php(98): include('C:\\xampp\\htdocs...')
#3 C:\xampp\htdocs\anhhaisang\wp-blog-header.php(19): require_once('C:\\xampp\\htdocs...')
#4 C:\xampp\htdocs\anhhaisang\index.php(17): require('C:\\xampp\\htdocs...')
#5 {main}
  thrown in C:\xampp\htdocs\anhhaisang\wp-content\themes\demo\searchform.php on line 13

2020-04-06T01:35:01+00:00 CRITICAL Uncaught Error: Call to undefined function twentyseventeen_unique_id() in C:\xampp\htdocs\anhhaisang\wp-content\themes\demo\searchform.php:13
Stack trace:
#0 C:\xampp\htdocs\anhhaisang\wp-includes\general-template.php(258): require()
#1 C:\xampp\htdocs\anhhaisang\wp-content\themes\demo\404.php(26): get_search_form()
#2 C:\xampp\htdocs\anhhaisang\wp-includes\template-loader.php(98): include('C:\\xampp\\htdocs...')
#3 C:\xampp\htdocs\anhhaisang\wp-blog-header.php(19): require_once('C:\\xampp\\htdocs...')
#4 C:\xampp\htdocs\anhhaisang\index.php(17): require('C:\\xampp\\htdocs...')
#5 {main}
  thrown in C:\xampp\htdocs\anhhaisang\wp-content\themes\demo\searchform.php on line 13

2020-04-06T01:35:37+00:00 CRITICAL Uncaught Error: Call to undefined function twentyseventeen_unique_id() in C:\xampp\htdocs\anhhaisang\wp-content\themes\demo\searchform.php:13
Stack trace:
#0 C:\xampp\htdocs\anhhaisang\wp-includes\general-template.php(258): require()
#1 C:\xampp\htdocs\anhhaisang\wp-content\themes\demo\404.php(26): get_search_form()
#2 C:\xampp\htdocs\anhhaisang\wp-includes\template-loader.php(98): include('C:\\xampp\\htdocs...')
#3 C:\xampp\htdocs\anhhaisang\wp-blog-header.php(19): require_once('C:\\xampp\\htdocs...')
#4 C:\xampp\htdocs\anhhaisang\index.php(17): require('C:\\xampp\\htdocs...')
#5 {main}
  thrown in C:\xampp\htdocs\anhhaisang\wp-content\themes\demo\searchform.php on line 13

2020-04-06T01:41:30+00:00 CRITICAL Uncaught Error: Call to undefined function twentyseventeen_unique_id() in C:\xampp\htdocs\anhhaisang\wp-content\themes\demo\searchform.php:13
Stack trace:
#0 C:\xampp\htdocs\anhhaisang\wp-includes\general-template.php(258): require()
#1 C:\xampp\htdocs\anhhaisang\wp-content\themes\demo\404.php(26): get_search_form()
#2 C:\xampp\htdocs\anhhaisang\wp-includes\template-loader.php(98): include('C:\\xampp\\htdocs...')
#3 C:\xampp\htdocs\anhhaisang\wp-blog-header.php(19): require_once('C:\\xampp\\htdocs...')
#4 C:\xampp\htdocs\anhhaisang\index.php(17): require('C:\\xampp\\htdocs...')
#5 {main}
  thrown in C:\xampp\htdocs\anhhaisang\wp-content\themes\demo\searchform.php on line 13

2020-04-06T01:41:46+00:00 CRITICAL Uncaught Error: Call to undefined function twentyseventeen_unique_id() in C:\xampp\htdocs\anhhaisang\wp-content\themes\demo\searchform.php:13
Stack trace:
#0 C:\xampp\htdocs\anhhaisang\wp-includes\general-template.php(258): require()
#1 C:\xampp\htdocs\anhhaisang\wp-content\themes\demo\404.php(26): get_search_form()
#2 C:\xampp\htdocs\anhhaisang\wp-includes\template-loader.php(98): include('C:\\xampp\\htdocs...')
#3 C:\xampp\htdocs\anhhaisang\wp-blog-header.php(19): require_once('C:\\xampp\\htdocs...')
#4 C:\xampp\htdocs\anhhaisang\index.php(17): require('C:\\xampp\\htdocs...')
#5 {main}
  thrown in C:\xampp\htdocs\anhhaisang\wp-content\themes\demo\searchform.php on line 13

2020-04-06T01:46:43+00:00 CRITICAL Uncaught Error: Call to undefined function twentyseventeen_unique_id() in C:\xampp\htdocs\anhhaisang\wp-content\themes\demo\searchform.php:13
Stack trace:
#0 C:\xampp\htdocs\anhhaisang\wp-includes\general-template.php(258): require()
#1 C:\xampp\htdocs\anhhaisang\wp-content\themes\demo\404.php(26): get_search_form()
#2 C:\xampp\htdocs\anhhaisang\wp-includes\template-loader.php(98): include('C:\\xampp\\htdocs...')
#3 C:\xampp\htdocs\anhhaisang\wp-blog-header.php(19): require_once('C:\\xampp\\htdocs...')
#4 C:\xampp\htdocs\anhhaisang\index.php(17): require('C:\\xampp\\htdocs...')
#5 {main}
  thrown in C:\xampp\htdocs\anhhaisang\wp-content\themes\demo\searchform.php on line 13

2020-04-06T01:48:17+00:00 CRITICAL Uncaught Error: Call to undefined function twentyseventeen_unique_id() in C:\xampp\htdocs\anhhaisang\wp-content\themes\demo\searchform.php:13
Stack trace:
#0 C:\xampp\htdocs\anhhaisang\wp-includes\general-template.php(258): require()
#1 C:\xampp\htdocs\anhhaisang\wp-content\themes\demo\404.php(26): get_search_form()
#2 C:\xampp\htdocs\anhhaisang\wp-includes\template-loader.php(98): include('C:\\xampp\\htdocs...')
#3 C:\xampp\htdocs\anhhaisang\wp-blog-header.php(19): require_once('C:\\xampp\\htdocs...')
#4 C:\xampp\htdocs\anhhaisang\index.php(17): require('C:\\xampp\\htdocs...')
#5 {main}
  thrown in C:\xampp\htdocs\anhhaisang\wp-content\themes\demo\searchform.php on line 13

2020-04-06T01:50:21+00:00 CRITICAL Uncaught Error: Call to undefined function twentyseventeen_unique_id() in C:\xampp\htdocs\anhhaisang\wp-content\themes\demo\searchform.php:13
Stack trace:
#0 C:\xampp\htdocs\anhhaisang\wp-includes\general-template.php(258): require()
#1 C:\xampp\htdocs\anhhaisang\wp-content\themes\demo\404.php(26): get_search_form()
#2 C:\xampp\htdocs\anhhaisang\wp-includes\template-loader.php(98): include('C:\\xampp\\htdocs...')
#3 C:\xampp\htdocs\anhhaisang\wp-blog-header.php(19): require_once('C:\\xampp\\htdocs...')
#4 C:\xampp\htdocs\anhhaisang\index.php(17): require('C:\\xampp\\htdocs...')
#5 {main}
  thrown in C:\xampp\htdocs\anhhaisang\wp-content\themes\demo\searchform.php on line 13

2020-04-06T01:51:39+00:00 CRITICAL Uncaught Error: Call to undefined function twentyseventeen_unique_id() in C:\xampp\htdocs\anhhaisang\wp-content\themes\demo\searchform.php:13
Stack trace:
#0 C:\xampp\htdocs\anhhaisang\wp-includes\general-template.php(258): require()
#1 C:\xampp\htdocs\anhhaisang\wp-content\themes\demo\404.php(26): get_search_form()
#2 C:\xampp\htdocs\anhhaisang\wp-includes\template-loader.php(98): include('C:\\xampp\\htdocs...')
#3 C:\xampp\htdocs\anhhaisang\wp-blog-header.php(19): require_once('C:\\xampp\\htdocs...')
#4 C:\xampp\htdocs\anhhaisang\index.php(17): require('C:\\xampp\\htdocs...')
#5 {main}
  thrown in C:\xampp\htdocs\anhhaisang\wp-content\themes\demo\searchform.php on line 13

2020-04-06T01:53:21+00:00 CRITICAL Uncaught Error: Call to undefined function twentyseventeen_unique_id() in C:\xampp\htdocs\anhhaisang\wp-content\themes\demo\searchform.php:13
Stack trace:
#0 C:\xampp\htdocs\anhhaisang\wp-includes\general-template.php(258): require()
#1 C:\xampp\htdocs\anhhaisang\wp-content\themes\demo\404.php(26): get_search_form()
#2 C:\xampp\htdocs\anhhaisang\wp-includes\template-loader.php(98): include('C:\\xampp\\htdocs...')
#3 C:\xampp\htdocs\anhhaisang\wp-blog-header.php(19): require_once('C:\\xampp\\htdocs...')
#4 C:\xampp\htdocs\anhhaisang\index.php(17): require('C:\\xampp\\htdocs...')
#5 {main}
  thrown in C:\xampp\htdocs\anhhaisang\wp-content\themes\demo\searchform.php on line 13

2020-04-06T01:53:53+00:00 CRITICAL Uncaught Error: Call to undefined function twentyseventeen_unique_id() in C:\xampp\htdocs\anhhaisang\wp-content\themes\demo\searchform.php:13
Stack trace:
#0 C:\xampp\htdocs\anhhaisang\wp-includes\general-template.php(258): require()
#1 C:\xampp\htdocs\anhhaisang\wp-content\themes\demo\404.php(26): get_search_form()
#2 C:\xampp\htdocs\anhhaisang\wp-includes\template-loader.php(98): include('C:\\xampp\\htdocs...')
#3 C:\xampp\htdocs\anhhaisang\wp-blog-header.php(19): require_once('C:\\xampp\\htdocs...')
#4 C:\xampp\htdocs\anhhaisang\index.php(17): require('C:\\xampp\\htdocs...')
#5 {main}
  thrown in C:\xampp\htdocs\anhhaisang\wp-content\themes\demo\searchform.php on line 13

2020-04-06T01:58:51+00:00 CRITICAL Uncaught Error: Call to undefined function twentyseventeen_unique_id() in C:\xampp\htdocs\anhhaisang\wp-content\themes\demo\searchform.php:13
Stack trace:
#0 C:\xampp\htdocs\anhhaisang\wp-includes\general-template.php(258): require()
#1 C:\xampp\htdocs\anhhaisang\wp-content\themes\demo\404.php(26): get_search_form()
#2 C:\xampp\htdocs\anhhaisang\wp-includes\template-loader.php(98): include('C:\\xampp\\htdocs...')
#3 C:\xampp\htdocs\anhhaisang\wp-blog-header.php(19): require_once('C:\\xampp\\htdocs...')
#4 C:\xampp\htdocs\anhhaisang\index.php(17): require('C:\\xampp\\htdocs...')
#5 {main}
  thrown in C:\xampp\htdocs\anhhaisang\wp-content\themes\demo\searchform.php on line 13

2020-04-06T02:25:42+00:00 CRITICAL Uncaught Error: Class 'Services_Widget' not found in C:\xampp\htdocs\anhhaisang\wp-includes\class-wp-widget-factory.php:71
Stack trace:
#0 C:\xampp\htdocs\anhhaisang\wp-includes\widgets.php(115): WP_Widget_Factory->register('Services_Widget')
#1 C:\xampp\htdocs\anhhaisang\wp-content\themes\demo\functions.php(540): register_widget('Services_Widget')
#2 C:\xampp\htdocs\anhhaisang\wp-includes\class-wp-hook.php(288): create_services_widget('')
#3 C:\xampp\htdocs\anhhaisang\wp-includes\class-wp-hook.php(312): WP_Hook->apply_filters(NULL, Array)
#4 C:\xampp\htdocs\anhhaisang\wp-includes\plugin.php(478): WP_Hook->do_action(Array)
#5 C:\xampp\htdocs\anhhaisang\wp-includes\widgets.php(1765): do_action('widgets_init')
#6 C:\xampp\htdocs\anhhaisang\wp-includes\class-wp-hook.php(288): wp_widgets_init('')
#7 C:\xampp\htdocs\anhhaisang\wp-includes\class-wp-hook.php(312): WP_Hook->apply_filters(NULL, Array)
#8 C:\xampp\htdocs\anhhaisang\wp-includes\plugin.php(478): WP_Hook->do_action(Array)
#9 C:\xampp\htdocs\anhhaisang\wp- in C:\xampp\htdocs\anhhaisang\wp-includes\class-wp-widget-factory.php on line 71

2020-04-06T02:27:42+00:00 CRITICAL Uncaught Error: Class 'Services_Widget' not found in C:\xampp\htdocs\anhhaisang\wp-includes\class-wp-widget-factory.php:71
Stack trace:
#0 C:\xampp\htdocs\anhhaisang\wp-includes\widgets.php(115): WP_Widget_Factory->register('Services_Widget')
#1 C:\xampp\htdocs\anhhaisang\wp-content\themes\demo\functions.php(540): register_widget('Services_Widget')
#2 C:\xampp\htdocs\anhhaisang\wp-includes\class-wp-hook.php(288): create_services_widget('')
#3 C:\xampp\htdocs\anhhaisang\wp-includes\class-wp-hook.php(312): WP_Hook->apply_filters(NULL, Array)
#4 C:\xampp\htdocs\anhhaisang\wp-includes\plugin.php(478): WP_Hook->do_action(Array)
#5 C:\xampp\htdocs\anhhaisang\wp-includes\widgets.php(1765): do_action('widgets_init')
#6 C:\xampp\htdocs\anhhaisang\wp-includes\class-wp-hook.php(288): wp_widgets_init('')
#7 C:\xampp\htdocs\anhhaisang\wp-includes\class-wp-hook.php(312): WP_Hook->apply_filters(NULL, Array)
#8 C:\xampp\htdocs\anhhaisang\wp-includes\plugin.php(478): WP_Hook->do_action(Array)
#9 C:\xampp\htdocs\anhhaisang\wp- in C:\xampp\htdocs\anhhaisang\wp-includes\class-wp-widget-factory.php on line 71

2020-04-06T02:29:42+00:00 CRITICAL Uncaught Error: Class 'Services_Widget' not found in C:\xampp\htdocs\anhhaisang\wp-includes\class-wp-widget-factory.php:71
Stack trace:
#0 C:\xampp\htdocs\anhhaisang\wp-includes\widgets.php(115): WP_Widget_Factory->register('Services_Widget')
#1 C:\xampp\htdocs\anhhaisang\wp-content\themes\demo\functions.php(540): register_widget('Services_Widget')
#2 C:\xampp\htdocs\anhhaisang\wp-includes\class-wp-hook.php(288): create_services_widget('')
#3 C:\xampp\htdocs\anhhaisang\wp-includes\class-wp-hook.php(312): WP_Hook->apply_filters(NULL, Array)
#4 C:\xampp\htdocs\anhhaisang\wp-includes\plugin.php(478): WP_Hook->do_action(Array)
#5 C:\xampp\htdocs\anhhaisang\wp-includes\widgets.php(1765): do_action('widgets_init')
#6 C:\xampp\htdocs\anhhaisang\wp-includes\class-wp-hook.php(288): wp_widgets_init('')
#7 C:\xampp\htdocs\anhhaisang\wp-includes\class-wp-hook.php(312): WP_Hook->apply_filters(NULL, Array)
#8 C:\xampp\htdocs\anhhaisang\wp-includes\plugin.php(478): WP_Hook->do_action(Array)
#9 C:\xampp\htdocs\anhhaisang\wp- in C:\xampp\htdocs\anhhaisang\wp-includes\class-wp-widget-factory.php on line 71

2020-04-06T02:30:04+00:00 CRITICAL Uncaught Error: Class 'Services_Widget' not found in C:\xampp\htdocs\anhhaisang\wp-includes\class-wp-widget-factory.php:71
Stack trace:
#0 C:\xampp\htdocs\anhhaisang\wp-includes\widgets.php(115): WP_Widget_Factory->register('Services_Widget')
#1 C:\xampp\htdocs\anhhaisang\wp-content\themes\demo\functions.php(540): register_widget('Services_Widget')
#2 C:\xampp\htdocs\anhhaisang\wp-includes\class-wp-hook.php(288): create_services_widget('')
#3 C:\xampp\htdocs\anhhaisang\wp-includes\class-wp-hook.php(312): WP_Hook->apply_filters(NULL, Array)
#4 C:\xampp\htdocs\anhhaisang\wp-includes\plugin.php(478): WP_Hook->do_action(Array)
#5 C:\xampp\htdocs\anhhaisang\wp-includes\widgets.php(1765): do_action('widgets_init')
#6 C:\xampp\htdocs\anhhaisang\wp-includes\class-wp-hook.php(288): wp_widgets_init('')
#7 C:\xampp\htdocs\anhhaisang\wp-includes\class-wp-hook.php(312): WP_Hook->apply_filters(NULL, Array)
#8 C:\xampp\htdocs\anhhaisang\wp-includes\plugin.php(478): WP_Hook->do_action(Array)
#9 C:\xampp\htdocs\anhhaisang\wp- in C:\xampp\htdocs\anhhaisang\wp-includes\class-wp-widget-factory.php on line 71

2020-04-06T02:31:04+00:00 CRITICAL Uncaught Error: Class 'Services_Widget' not found in C:\xampp\htdocs\anhhaisang\wp-includes\class-wp-widget-factory.php:71
Stack trace:
#0 C:\xampp\htdocs\anhhaisang\wp-includes\widgets.php(115): WP_Widget_Factory->register('Services_Widget')
#1 C:\xampp\htdocs\anhhaisang\wp-content\themes\demo\functions.php(540): register_widget('Services_Widget')
#2 C:\xampp\htdocs\anhhaisang\wp-includes\class-wp-hook.php(288): create_services_widget('')
#3 C:\xampp\htdocs\anhhaisang\wp-includes\class-wp-hook.php(312): WP_Hook->apply_filters(NULL, Array)
#4 C:\xampp\htdocs\anhhaisang\wp-includes\plugin.php(478): WP_Hook->do_action(Array)
#5 C:\xampp\htdocs\anhhaisang\wp-includes\widgets.php(1765): do_action('widgets_init')
#6 C:\xampp\htdocs\anhhaisang\wp-includes\class-wp-hook.php(288): wp_widgets_init('')
#7 C:\xampp\htdocs\anhhaisang\wp-includes\class-wp-hook.php(312): WP_Hook->apply_filters(NULL, Array)
#8 C:\xampp\htdocs\anhhaisang\wp-includes\plugin.php(478): WP_Hook->do_action(Array)
#9 C:\xampp\htdocs\anhhaisang\wp- in C:\xampp\htdocs\anhhaisang\wp-includes\class-wp-widget-factory.php on line 71

2020-04-06T02:31:41+00:00 CRITICAL Uncaught Error: Class 'Services_Widget' not found in C:\xampp\htdocs\anhhaisang\wp-includes\class-wp-widget-factory.php:71
Stack trace:
#0 C:\xampp\htdocs\anhhaisang\wp-includes\widgets.php(115): WP_Widget_Factory->register('Services_Widget')
#1 C:\xampp\htdocs\anhhaisang\wp-content\themes\demo\functions.php(540): register_widget('Services_Widget')
#2 C:\xampp\htdocs\anhhaisang\wp-includes\class-wp-hook.php(288): create_services_widget('')
#3 C:\xampp\htdocs\anhhaisang\wp-includes\class-wp-hook.php(312): WP_Hook->apply_filters(NULL, Array)
#4 C:\xampp\htdocs\anhhaisang\wp-includes\plugin.php(478): WP_Hook->do_action(Array)
#5 C:\xampp\htdocs\anhhaisang\wp-includes\widgets.php(1765): do_action('widgets_init')
#6 C:\xampp\htdocs\anhhaisang\wp-includes\class-wp-hook.php(288): wp_widgets_init('')
#7 C:\xampp\htdocs\anhhaisang\wp-includes\class-wp-hook.php(312): WP_Hook->apply_filters(NULL, Array)
#8 C:\xampp\htdocs\anhhaisang\wp-includes\plugin.php(478): WP_Hook->do_action(Array)
#9 C:\xampp\htdocs\anhhaisang\wp- in C:\xampp\htdocs\anhhaisang\wp-includes\class-wp-widget-factory.php on line 71

2020-04-06T02:33:05+00:00 CRITICAL Uncaught Error: Class 'Services_Widget' not found in C:\xampp\htdocs\anhhaisang\wp-includes\class-wp-widget-factory.php:71
Stack trace:
#0 C:\xampp\htdocs\anhhaisang\wp-includes\widgets.php(115): WP_Widget_Factory->register('Services_Widget')
#1 C:\xampp\htdocs\anhhaisang\wp-content\themes\demo\functions.php(540): register_widget('Services_Widget')
#2 C:\xampp\htdocs\anhhaisang\wp-includes\class-wp-hook.php(288): create_services_widget('')
#3 C:\xampp\htdocs\anhhaisang\wp-includes\class-wp-hook.php(312): WP_Hook->apply_filters(NULL, Array)
#4 C:\xampp\htdocs\anhhaisang\wp-includes\plugin.php(478): WP_Hook->do_action(Array)
#5 C:\xampp\htdocs\anhhaisang\wp-includes\widgets.php(1765): do_action('widgets_init')
#6 C:\xampp\htdocs\anhhaisang\wp-includes\class-wp-hook.php(288): wp_widgets_init('')
#7 C:\xampp\htdocs\anhhaisang\wp-includes\class-wp-hook.php(312): WP_Hook->apply_filters(NULL, Array)
#8 C:\xampp\htdocs\anhhaisang\wp-includes\plugin.php(478): WP_Hook->do_action(Array)
#9 C:\xampp\htdocs\anhhaisang\wp- in C:\xampp\htdocs\anhhaisang\wp-includes\class-wp-widget-factory.php on line 71

2020-04-06T02:33:41+00:00 CRITICAL Uncaught Error: Class 'Services_Widget' not found in C:\xampp\htdocs\anhhaisang\wp-includes\class-wp-widget-factory.php:71
Stack trace:
#0 C:\xampp\htdocs\anhhaisang\wp-includes\widgets.php(115): WP_Widget_Factory->register('Services_Widget')
#1 C:\xampp\htdocs\anhhaisang\wp-content\themes\demo\functions.php(540): register_widget('Services_Widget')
#2 C:\xampp\htdocs\anhhaisang\wp-includes\class-wp-hook.php(288): create_services_widget('')
#3 C:\xampp\htdocs\anhhaisang\wp-includes\class-wp-hook.php(312): WP_Hook->apply_filters(NULL, Array)
#4 C:\xampp\htdocs\anhhaisang\wp-includes\plugin.php(478): WP_Hook->do_action(Array)
#5 C:\xampp\htdocs\anhhaisang\wp-includes\widgets.php(1765): do_action('widgets_init')
#6 C:\xampp\htdocs\anhhaisang\wp-includes\class-wp-hook.php(288): wp_widgets_init('')
#7 C:\xampp\htdocs\anhhaisang\wp-includes\class-wp-hook.php(312): WP_Hook->apply_filters(NULL, Array)
#8 C:\xampp\htdocs\anhhaisang\wp-includes\plugin.php(478): WP_Hook->do_action(Array)
#9 C:\xampp\htdocs\anhhaisang\wp- in C:\xampp\htdocs\anhhaisang\wp-includes\class-wp-widget-factory.php on line 71

2020-04-06T02:35:04+00:00 CRITICAL Uncaught Error: Class 'Services_Widget' not found in C:\xampp\htdocs\anhhaisang\wp-includes\class-wp-widget-factory.php:71
Stack trace:
#0 C:\xampp\htdocs\anhhaisang\wp-includes\widgets.php(115): WP_Widget_Factory->register('Services_Widget')
#1 C:\xampp\htdocs\anhhaisang\wp-content\themes\demo\functions.php(540): register_widget('Services_Widget')
#2 C:\xampp\htdocs\anhhaisang\wp-includes\class-wp-hook.php(288): create_services_widget('')
#3 C:\xampp\htdocs\anhhaisang\wp-includes\class-wp-hook.php(312): WP_Hook->apply_filters(NULL, Array)
#4 C:\xampp\htdocs\anhhaisang\wp-includes\plugin.php(478): WP_Hook->do_action(Array)
#5 C:\xampp\htdocs\anhhaisang\wp-includes\widgets.php(1765): do_action('widgets_init')
#6 C:\xampp\htdocs\anhhaisang\wp-includes\class-wp-hook.php(288): wp_widgets_init('')
#7 C:\xampp\htdocs\anhhaisang\wp-includes\class-wp-hook.php(312): WP_Hook->apply_filters(NULL, Array)
#8 C:\xampp\htdocs\anhhaisang\wp-includes\plugin.php(478): WP_Hook->do_action(Array)
#9 C:\xampp\htdocs\anhhaisang\wp- in C:\xampp\htdocs\anhhaisang\wp-includes\class-wp-widget-factory.php on line 71

2020-04-06T02:35:42+00:00 CRITICAL Uncaught Error: Class 'Services_Widget' not found in C:\xampp\htdocs\anhhaisang\wp-includes\class-wp-widget-factory.php:71
Stack trace:
#0 C:\xampp\htdocs\anhhaisang\wp-includes\widgets.php(115): WP_Widget_Factory->register('Services_Widget')
#1 C:\xampp\htdocs\anhhaisang\wp-content\themes\demo\functions.php(540): register_widget('Services_Widget')
#2 C:\xampp\htdocs\anhhaisang\wp-includes\class-wp-hook.php(288): create_services_widget('')
#3 C:\xampp\htdocs\anhhaisang\wp-includes\class-wp-hook.php(312): WP_Hook->apply_filters(NULL, Array)
#4 C:\xampp\htdocs\anhhaisang\wp-includes\plugin.php(478): WP_Hook->do_action(Array)
#5 C:\xampp\htdocs\anhhaisang\wp-includes\widgets.php(1765): do_action('widgets_init')
#6 C:\xampp\htdocs\anhhaisang\wp-includes\class-wp-hook.php(288): wp_widgets_init('')
#7 C:\xampp\htdocs\anhhaisang\wp-includes\class-wp-hook.php(312): WP_Hook->apply_filters(NULL, Array)
#8 C:\xampp\htdocs\anhhaisang\wp-includes\plugin.php(478): WP_Hook->do_action(Array)
#9 C:\xampp\htdocs\anhhaisang\wp- in C:\xampp\htdocs\anhhaisang\wp-includes\class-wp-widget-factory.php on line 71

2020-04-06T02:37:04+00:00 CRITICAL Uncaught Error: Class 'Services_Widget' not found in C:\xampp\htdocs\anhhaisang\wp-includes\class-wp-widget-factory.php:71
Stack trace:
#0 C:\xampp\htdocs\anhhaisang\wp-includes\widgets.php(115): WP_Widget_Factory->register('Services_Widget')
#1 C:\xampp\htdocs\anhhaisang\wp-content\themes\demo\functions.php(540): register_widget('Services_Widget')
#2 C:\xampp\htdocs\anhhaisang\wp-includes\class-wp-hook.php(288): create_services_widget('')
#3 C:\xampp\htdocs\anhhaisang\wp-includes\class-wp-hook.php(312): WP_Hook->apply_filters(NULL, Array)
#4 C:\xampp\htdocs\anhhaisang\wp-includes\plugin.php(478): WP_Hook->do_action(Array)
#5 C:\xampp\htdocs\anhhaisang\wp-includes\widgets.php(1765): do_action('widgets_init')
#6 C:\xampp\htdocs\anhhaisang\wp-includes\class-wp-hook.php(288): wp_widgets_init('')
#7 C:\xampp\htdocs\anhhaisang\wp-includes\class-wp-hook.php(312): WP_Hook->apply_filters(NULL, Array)
#8 C:\xampp\htdocs\anhhaisang\wp-includes\plugin.php(478): WP_Hook->do_action(Array)
#9 C:\xampp\htdocs\anhhaisang\wp- in C:\xampp\htdocs\anhhaisang\wp-includes\class-wp-widget-factory.php on line 71

2020-04-06T02:37:41+00:00 CRITICAL Uncaught Error: Class 'Services_Widget' not found in C:\xampp\htdocs\anhhaisang\wp-includes\class-wp-widget-factory.php:71
Stack trace:
#0 C:\xampp\htdocs\anhhaisang\wp-includes\widgets.php(115): WP_Widget_Factory->register('Services_Widget')
#1 C:\xampp\htdocs\anhhaisang\wp-content\themes\demo\functions.php(540): register_widget('Services_Widget')
#2 C:\xampp\htdocs\anhhaisang\wp-includes\class-wp-hook.php(288): create_services_widget('')
#3 C:\xampp\htdocs\anhhaisang\wp-includes\class-wp-hook.php(312): WP_Hook->apply_filters(NULL, Array)
#4 C:\xampp\htdocs\anhhaisang\wp-includes\plugin.php(478): WP_Hook->do_action(Array)
#5 C:\xampp\htdocs\anhhaisang\wp-includes\widgets.php(1765): do_action('widgets_init')
#6 C:\xampp\htdocs\anhhaisang\wp-includes\class-wp-hook.php(288): wp_widgets_init('')
#7 C:\xampp\htdocs\anhhaisang\wp-includes\class-wp-hook.php(312): WP_Hook->apply_filters(NULL, Array)
#8 C:\xampp\htdocs\anhhaisang\wp-includes\plugin.php(478): WP_Hook->do_action(Array)
#9 C:\xampp\htdocs\anhhaisang\wp- in C:\xampp\htdocs\anhhaisang\wp-includes\class-wp-widget-factory.php on line 71

2020-04-06T02:39:05+00:00 CRITICAL Uncaught Error: Class 'Services_Widget' not found in C:\xampp\htdocs\anhhaisang\wp-includes\class-wp-widget-factory.php:71
Stack trace:
#0 C:\xampp\htdocs\anhhaisang\wp-includes\widgets.php(115): WP_Widget_Factory->register('Services_Widget')
#1 C:\xampp\htdocs\anhhaisang\wp-content\themes\demo\functions.php(540): register_widget('Services_Widget')
#2 C:\xampp\htdocs\anhhaisang\wp-includes\class-wp-hook.php(288): create_services_widget('')
#3 C:\xampp\htdocs\anhhaisang\wp-includes\class-wp-hook.php(312): WP_Hook->apply_filters(NULL, Array)
#4 C:\xampp\htdocs\anhhaisang\wp-includes\plugin.php(478): WP_Hook->do_action(Array)
#5 C:\xampp\htdocs\anhhaisang\wp-includes\widgets.php(1765): do_action('widgets_init')
#6 C:\xampp\htdocs\anhhaisang\wp-includes\class-wp-hook.php(288): wp_widgets_init('')
#7 C:\xampp\htdocs\anhhaisang\wp-includes\class-wp-hook.php(312): WP_Hook->apply_filters(NULL, Array)
#8 C:\xampp\htdocs\anhhaisang\wp-includes\plugin.php(478): WP_Hook->do_action(Array)
#9 C:\xampp\htdocs\anhhaisang\wp- in C:\xampp\htdocs\anhhaisang\wp-includes\class-wp-widget-factory.php on line 71

2020-04-06T02:39:42+00:00 CRITICAL Uncaught Error: Class 'Services_Widget' not found in C:\xampp\htdocs\anhhaisang\wp-includes\class-wp-widget-factory.php:71
Stack trace:
#0 C:\xampp\htdocs\anhhaisang\wp-includes\widgets.php(115): WP_Widget_Factory->register('Services_Widget')
#1 C:\xampp\htdocs\anhhaisang\wp-content\themes\demo\functions.php(540): register_widget('Services_Widget')
#2 C:\xampp\htdocs\anhhaisang\wp-includes\class-wp-hook.php(288): create_services_widget('')
#3 C:\xampp\htdocs\anhhaisang\wp-includes\class-wp-hook.php(312): WP_Hook->apply_filters(NULL, Array)
#4 C:\xampp\htdocs\anhhaisang\wp-includes\plugin.php(478): WP_Hook->do_action(Array)
#5 C:\xampp\htdocs\anhhaisang\wp-includes\widgets.php(1765): do_action('widgets_init')
#6 C:\xampp\htdocs\anhhaisang\wp-includes\class-wp-hook.php(288): wp_widgets_init('')
#7 C:\xampp\htdocs\anhhaisang\wp-includes\class-wp-hook.php(312): WP_Hook->apply_filters(NULL, Array)
#8 C:\xampp\htdocs\anhhaisang\wp-includes\plugin.php(478): WP_Hook->do_action(Array)
#9 C:\xampp\htdocs\anhhaisang\wp- in C:\xampp\htdocs\anhhaisang\wp-includes\class-wp-widget-factory.php on line 71

2020-04-06T03:39:48+00:00 CRITICAL Uncaught Error: Call to undefined function twentyseventeen_unique_id() in C:\xampp\htdocs\anhhaisang\wp-content\themes\demo\searchform.php:13
Stack trace:
#0 C:\xampp\htdocs\anhhaisang\wp-includes\general-template.php(258): require()
#1 C:\xampp\htdocs\anhhaisang\wp-content\themes\demo\404.php(26): get_search_form()
#2 C:\xampp\htdocs\anhhaisang\wp-includes\template-loader.php(98): include('C:\\xampp\\htdocs...')
#3 C:\xampp\htdocs\anhhaisang\wp-blog-header.php(19): require_once('C:\\xampp\\htdocs...')
#4 C:\xampp\htdocs\anhhaisang\index.php(17): require('C:\\xampp\\htdocs...')
#5 {main}
  thrown in C:\xampp\htdocs\anhhaisang\wp-content\themes\demo\searchform.php on line 13

2020-04-06T03:39:48+00:00 CRITICAL Uncaught Error: Call to undefined function twentyseventeen_unique_id() in C:\xampp\htdocs\anhhaisang\wp-content\themes\demo\searchform.php:13
Stack trace:
#0 C:\xampp\htdocs\anhhaisang\wp-includes\general-template.php(258): require()
#1 C:\xampp\htdocs\anhhaisang\wp-content\themes\demo\404.php(26): get_search_form()
#2 C:\xampp\htdocs\anhhaisang\wp-includes\template-loader.php(98): include('C:\\xampp\\htdocs...')
#3 C:\xampp\htdocs\anhhaisang\wp-blog-header.php(19): require_once('C:\\xampp\\htdocs...')
#4 C:\xampp\htdocs\anhhaisang\index.php(17): require('C:\\xampp\\htdocs...')
#5 {main}
  thrown in C:\xampp\htdocs\anhhaisang\wp-content\themes\demo\searchform.php on line 13

2020-04-06T03:40:19+00:00 CRITICAL Uncaught Error: Call to undefined function twentyseventeen_unique_id() in C:\xampp\htdocs\anhhaisang\wp-content\themes\demo\searchform.php:13
Stack trace:
#0 C:\xampp\htdocs\anhhaisang\wp-includes\general-template.php(258): require()
#1 C:\xampp\htdocs\anhhaisang\wp-content\themes\demo\404.php(26): get_search_form()
#2 C:\xampp\htdocs\anhhaisang\wp-includes\template-loader.php(98): include('C:\\xampp\\htdocs...')
#3 C:\xampp\htdocs\anhhaisang\wp-blog-header.php(19): require_once('C:\\xampp\\htdocs...')
#4 C:\xampp\htdocs\anhhaisang\index.php(17): require('C:\\xampp\\htdocs...')
#5 {main}
  thrown in C:\xampp\htdocs\anhhaisang\wp-content\themes\demo\searchform.php on line 13

2020-04-06T03:41:38+00:00 CRITICAL Uncaught Error: Call to undefined function twentyseventeen_unique_id() in C:\xampp\htdocs\anhhaisang\wp-content\themes\demo\searchform.php:13
Stack trace:
#0 C:\xampp\htdocs\anhhaisang\wp-includes\general-template.php(258): require()
#1 C:\xampp\htdocs\anhhaisang\wp-content\themes\demo\404.php(26): get_search_form()
#2 C:\xampp\htdocs\anhhaisang\wp-includes\template-loader.php(98): include('C:\\xampp\\htdocs...')
#3 C:\xampp\htdocs\anhhaisang\wp-blog-header.php(19): require_once('C:\\xampp\\htdocs...')
#4 C:\xampp\htdocs\anhhaisang\index.php(17): require('C:\\xampp\\htdocs...')
#5 {main}
  thrown in C:\xampp\htdocs\anhhaisang\wp-content\themes\demo\searchform.php on line 13

2020-04-06T03:49:17+00:00 CRITICAL Uncaught Error: Call to undefined function twentyseventeen_unique_id() in C:\xampp\htdocs\anhhaisang\wp-content\themes\demo\searchform.php:13
Stack trace:
#0 C:\xampp\htdocs\anhhaisang\wp-includes\general-template.php(258): require()
#1 C:\xampp\htdocs\anhhaisang\wp-content\themes\demo\404.php(26): get_search_form()
#2 C:\xampp\htdocs\anhhaisang\wp-includes\template-loader.php(98): include('C:\\xampp\\htdocs...')
#3 C:\xampp\htdocs\anhhaisang\wp-blog-header.php(19): require_once('C:\\xampp\\htdocs...')
#4 C:\xampp\htdocs\anhhaisang\index.php(17): require('C:\\xampp\\htdocs...')
#5 {main}
  thrown in C:\xampp\htdocs\anhhaisang\wp-content\themes\demo\searchform.php on line 13

2020-04-06T03:49:23+00:00 CRITICAL Uncaught Error: Call to undefined function twentyseventeen_unique_id() in C:\xampp\htdocs\anhhaisang\wp-content\themes\demo\searchform.php:13
Stack trace:
#0 C:\xampp\htdocs\anhhaisang\wp-includes\general-template.php(258): require()
#1 C:\xampp\htdocs\anhhaisang\wp-content\themes\demo\404.php(26): get_search_form()
#2 C:\xampp\htdocs\anhhaisang\wp-includes\template-loader.php(98): include('C:\\xampp\\htdocs...')
#3 C:\xampp\htdocs\anhhaisang\wp-blog-header.php(19): require_once('C:\\xampp\\htdocs...')
#4 C:\xampp\htdocs\anhhaisang\index.php(17): require('C:\\xampp\\htdocs...')
#5 {main}
  thrown in C:\xampp\htdocs\anhhaisang\wp-content\themes\demo\searchform.php on line 13

2020-04-06T03:51:56+00:00 CRITICAL Uncaught Error: Call to undefined function twentyseventeen_unique_id() in C:\xampp\htdocs\anhhaisang\wp-content\themes\demo\searchform.php:13
Stack trace:
#0 C:\xampp\htdocs\anhhaisang\wp-includes\general-template.php(258): require()
#1 C:\xampp\htdocs\anhhaisang\wp-content\themes\demo\404.php(26): get_search_form()
#2 C:\xampp\htdocs\anhhaisang\wp-includes\template-loader.php(98): include('C:\\xampp\\htdocs...')
#3 C:\xampp\htdocs\anhhaisang\wp-blog-header.php(19): require_once('C:\\xampp\\htdocs...')
#4 C:\xampp\htdocs\anhhaisang\index.php(17): require('C:\\xampp\\htdocs...')
#5 {main}
  thrown in C:\xampp\htdocs\anhhaisang\wp-content\themes\demo\searchform.php on line 13

2020-04-06T04:05:29+00:00 CRITICAL Uncaught Error: Call to undefined function twentyseventeen_unique_id() in C:\xampp\htdocs\anhhaisang\wp-content\themes\demo\searchform.php:13
Stack trace:
#0 C:\xampp\htdocs\anhhaisang\wp-includes\general-template.php(258): require()
#1 C:\xampp\htdocs\anhhaisang\wp-content\themes\demo\404.php(26): get_search_form()
#2 C:\xampp\htdocs\anhhaisang\wp-includes\template-loader.php(98): include('C:\\xampp\\htdocs...')
#3 C:\xampp\htdocs\anhhaisang\wp-blog-header.php(19): require_once('C:\\xampp\\htdocs...')
#4 C:\xampp\htdocs\anhhaisang\index.php(17): require('C:\\xampp\\htdocs...')
#5 {main}
  thrown in C:\xampp\htdocs\anhhaisang\wp-content\themes\demo\searchform.php on line 13

2020-04-06T04:13:07+00:00 CRITICAL Uncaught Error: Call to undefined function twentyseventeen_unique_id() in C:\xampp\htdocs\anhhaisang\wp-content\themes\demo\searchform.php:13
Stack trace:
#0 C:\xampp\htdocs\anhhaisang\wp-includes\general-template.php(258): require()
#1 C:\xampp\htdocs\anhhaisang\wp-content\themes\demo\404.php(26): get_search_form()
#2 C:\xampp\htdocs\anhhaisang\wp-includes\template-loader.php(98): include('C:\\xampp\\htdocs...')
#3 C:\xampp\htdocs\anhhaisang\wp-blog-header.php(19): require_once('C:\\xampp\\htdocs...')
#4 C:\xampp\htdocs\anhhaisang\index.php(17): require('C:\\xampp\\htdocs...')
#5 {main}
  thrown in C:\xampp\htdocs\anhhaisang\wp-content\themes\demo\searchform.php on line 13

2020-04-06T04:13:19+00:00 CRITICAL Uncaught Error: Call to undefined function twentyseventeen_unique_id() in C:\xampp\htdocs\anhhaisang\wp-content\themes\demo\searchform.php:13
Stack trace:
#0 C:\xampp\htdocs\anhhaisang\wp-includes\general-template.php(258): require()
#1 C:\xampp\htdocs\anhhaisang\wp-content\themes\demo\404.php(26): get_search_form()
#2 C:\xampp\htdocs\anhhaisang\wp-includes\template-loader.php(98): include('C:\\xampp\\htdocs...')
#3 C:\xampp\htdocs\anhhaisang\wp-blog-header.php(19): require_once('C:\\xampp\\htdocs...')
#4 C:\xampp\htdocs\anhhaisang\index.php(17): require('C:\\xampp\\htdocs...')
#5 {main}
  thrown in C:\xampp\htdocs\anhhaisang\wp-content\themes\demo\searchform.php on line 13

2020-04-06T04:13:52+00:00 CRITICAL Uncaught Error: Call to undefined function twentyseventeen_unique_id() in C:\xampp\htdocs\anhhaisang\wp-content\themes\demo\searchform.php:13
Stack trace:
#0 C:\xampp\htdocs\anhhaisang\wp-includes\general-template.php(258): require()
#1 C:\xampp\htdocs\anhhaisang\wp-content\themes\demo\404.php(26): get_search_form()
#2 C:\xampp\htdocs\anhhaisang\wp-includes\template-loader.php(98): include('C:\\xampp\\htdocs...')
#3 C:\xampp\htdocs\anhhaisang\wp-blog-header.php(19): require_once('C:\\xampp\\htdocs...')
#4 C:\xampp\htdocs\anhhaisang\index.php(17): require('C:\\xampp\\htdocs...')
#5 {main}
  thrown in C:\xampp\htdocs\anhhaisang\wp-content\themes\demo\searchform.php on line 13

2020-04-06T04:23:49+00:00 CRITICAL Uncaught Error: Call to undefined function twentyseventeen_unique_id() in C:\xampp\htdocs\anhhaisang\wp-content\themes\demo\searchform.php:13
Stack trace:
#0 C:\xampp\htdocs\anhhaisang\wp-includes\general-template.php(258): require()
#1 C:\xampp\htdocs\anhhaisang\wp-content\themes\demo\404.php(26): get_search_form()
#2 C:\xampp\htdocs\anhhaisang\wp-includes\template-loader.php(98): include('C:\\xampp\\htdocs...')
#3 C:\xampp\htdocs\anhhaisang\wp-blog-header.php(19): require_once('C:\\xampp\\htdocs...')
#4 C:\xampp\htdocs\anhhaisang\index.php(17): require('C:\\xampp\\htdocs...')
#5 {main}
  thrown in C:\xampp\htdocs\anhhaisang\wp-content\themes\demo\searchform.php on line 13

2020-04-06T05:00:16+00:00 CRITICAL Uncaught Error: Call to undefined function twentyseventeen_unique_id() in C:\xampp\htdocs\anhhaisang\wp-content\themes\demo\searchform.php:13
Stack trace:
#0 C:\xampp\htdocs\anhhaisang\wp-includes\general-template.php(258): require()
#1 C:\xampp\htdocs\anhhaisang\wp-content\themes\demo\404.php(26): get_search_form()
#2 C:\xampp\htdocs\anhhaisang\wp-includes\template-loader.php(98): include('C:\\xampp\\htdocs...')
#3 C:\xampp\htdocs\anhhaisang\wp-blog-header.php(19): require_once('C:\\xampp\\htdocs...')
#4 C:\xampp\htdocs\anhhaisang\index.php(17): require('C:\\xampp\\htdocs...')
#5 {main}
  thrown in C:\xampp\htdocs\anhhaisang\wp-content\themes\demo\searchform.php on line 13

2020-04-06T05:01:40+00:00 CRITICAL Uncaught Error: Call to undefined function twentyseventeen_unique_id() in C:\xampp\htdocs\anhhaisang\wp-content\themes\demo\searchform.php:13
Stack trace:
#0 C:\xampp\htdocs\anhhaisang\wp-includes\general-template.php(258): require()
#1 C:\xampp\htdocs\anhhaisang\wp-content\themes\demo\404.php(26): get_search_form()
#2 C:\xampp\htdocs\anhhaisang\wp-includes\template-loader.php(98): include('C:\\xampp\\htdocs...')
#3 C:\xampp\htdocs\anhhaisang\wp-blog-header.php(19): require_once('C:\\xampp\\htdocs...')
#4 C:\xampp\htdocs\anhhaisang\index.php(17): require('C:\\xampp\\htdocs...')
#5 {main}
  thrown in C:\xampp\htdocs\anhhaisang\wp-content\themes\demo\searchform.php on line 13

2020-04-06T05:02:23+00:00 CRITICAL Uncaught Error: Call to undefined function twentyseventeen_unique_id() in C:\xampp\htdocs\anhhaisang\wp-content\themes\demo\searchform.php:13
Stack trace:
#0 C:\xampp\htdocs\anhhaisang\wp-includes\general-template.php(258): require()
#1 C:\xampp\htdocs\anhhaisang\wp-content\themes\demo\404.php(26): get_search_form()
#2 C:\xampp\htdocs\anhhaisang\wp-includes\template-loader.php(98): include('C:\\xampp\\htdocs...')
#3 C:\xampp\htdocs\anhhaisang\wp-blog-header.php(19): require_once('C:\\xampp\\htdocs...')
#4 C:\xampp\htdocs\anhhaisang\index.php(17): require('C:\\xampp\\htdocs...')
#5 {main}
  thrown in C:\xampp\htdocs\anhhaisang\wp-content\themes\demo\searchform.php on line 13

2020-04-06T05:03:56+00:00 CRITICAL Uncaught Error: Call to undefined function twentyseventeen_unique_id() in C:\xampp\htdocs\anhhaisang\wp-content\themes\demo\searchform.php:13
Stack trace:
#0 C:\xampp\htdocs\anhhaisang\wp-includes\general-template.php(258): require()
#1 C:\xampp\htdocs\anhhaisang\wp-content\themes\demo\404.php(26): get_search_form()
#2 C:\xampp\htdocs\anhhaisang\wp-includes\template-loader.php(98): include('C:\\xampp\\htdocs...')
#3 C:\xampp\htdocs\anhhaisang\wp-blog-header.php(19): require_once('C:\\xampp\\htdocs...')
#4 C:\xampp\htdocs\anhhaisang\index.php(17): require('C:\\xampp\\htdocs...')
#5 {main}
  thrown in C:\xampp\htdocs\anhhaisang\wp-content\themes\demo\searchform.php on line 13

2020-04-06T05:04:50+00:00 CRITICAL Uncaught Error: Call to undefined function twentyseventeen_unique_id() in C:\xampp\htdocs\anhhaisang\wp-content\themes\demo\searchform.php:13
Stack trace:
#0 C:\xampp\htdocs\anhhaisang\wp-includes\general-template.php(258): require()
#1 C:\xampp\htdocs\anhhaisang\wp-content\themes\demo\404.php(26): get_search_form()
#2 C:\xampp\htdocs\anhhaisang\wp-includes\template-loader.php(98): include('C:\\xampp\\htdocs...')
#3 C:\xampp\htdocs\anhhaisang\wp-blog-header.php(19): require_once('C:\\xampp\\htdocs...')
#4 C:\xampp\htdocs\anhhaisang\index.php(17): require('C:\\xampp\\htdocs...')
#5 {main}
  thrown in C:\xampp\htdocs\anhhaisang\wp-content\themes\demo\searchform.php on line 13

2020-04-06T05:08:23+00:00 CRITICAL Uncaught Error: Call to undefined function twentyseventeen_unique_id() in C:\xampp\htdocs\anhhaisang\wp-content\themes\demo\searchform.php:13
Stack trace:
#0 C:\xampp\htdocs\anhhaisang\wp-includes\general-template.php(258): require()
#1 C:\xampp\htdocs\anhhaisang\wp-content\themes\demo\404.php(26): get_search_form()
#2 C:\xampp\htdocs\anhhaisang\wp-includes\template-loader.php(98): include('C:\\xampp\\htdocs...')
#3 C:\xampp\htdocs\anhhaisang\wp-blog-header.php(19): require_once('C:\\xampp\\htdocs...')
#4 C:\xampp\htdocs\anhhaisang\index.php(17): require('C:\\xampp\\htdocs...')
#5 {main}
  thrown in C:\xampp\htdocs\anhhaisang\wp-content\themes\demo\searchform.php on line 13

2020-04-06T05:08:55+00:00 CRITICAL Uncaught Error: Call to undefined function twentyseventeen_unique_id() in C:\xampp\htdocs\anhhaisang\wp-content\themes\demo\searchform.php:13
Stack trace:
#0 C:\xampp\htdocs\anhhaisang\wp-includes\general-template.php(258): require()
#1 C:\xampp\htdocs\anhhaisang\wp-content\themes\demo\404.php(26): get_search_form()
#2 C:\xampp\htdocs\anhhaisang\wp-includes\template-loader.php(98): include('C:\\xampp\\htdocs...')
#3 C:\xampp\htdocs\anhhaisang\wp-blog-header.php(19): require_once('C:\\xampp\\htdocs...')
#4 C:\xampp\htdocs\anhhaisang\index.php(17): require('C:\\xampp\\htdocs...')
#5 {main}
  thrown in C:\xampp\htdocs\anhhaisang\wp-content\themes\demo\searchform.php on line 13

2020-04-06T06:28:28+00:00 CRITICAL Uncaught Error: Call to undefined function twentyseventeen_unique_id() in C:\xampp\htdocs\anhhaisang\wp-content\themes\demo\searchform.php:13
Stack trace:
#0 C:\xampp\htdocs\anhhaisang\wp-includes\general-template.php(258): require()
#1 C:\xampp\htdocs\anhhaisang\wp-content\themes\demo\404.php(26): get_search_form()
#2 C:\xampp\htdocs\anhhaisang\wp-includes\template-loader.php(98): include('C:\\xampp\\htdocs...')
#3 C:\xampp\htdocs\anhhaisang\wp-blog-header.php(19): require_once('C:\\xampp\\htdocs...')
#4 C:\xampp\htdocs\anhhaisang\index.php(17): require('C:\\xampp\\htdocs...')
#5 {main}
  thrown in C:\xampp\htdocs\anhhaisang\wp-content\themes\demo\searchform.php on line 13

2020-04-06T06:35:43+00:00 CRITICAL Uncaught Error: Call to undefined function twentyseventeen_unique_id() in C:\xampp\htdocs\anhhaisang\wp-content\themes\demo\searchform.php:13
Stack trace:
#0 C:\xampp\htdocs\anhhaisang\wp-includes\general-template.php(258): require()
#1 C:\xampp\htdocs\anhhaisang\wp-content\themes\demo\404.php(26): get_search_form()
#2 C:\xampp\htdocs\anhhaisang\wp-includes\template-loader.php(98): include('C:\\xampp\\htdocs...')
#3 C:\xampp\htdocs\anhhaisang\wp-blog-header.php(19): require_once('C:\\xampp\\htdocs...')
#4 C:\xampp\htdocs\anhhaisang\index.php(17): require('C:\\xampp\\htdocs...')
#5 {main}
  thrown in C:\xampp\htdocs\anhhaisang\wp-content\themes\demo\searchform.php on line 13

2020-04-06T06:41:01+00:00 CRITICAL Uncaught Error: Call to undefined function twentyseventeen_unique_id() in C:\xampp\htdocs\anhhaisang\wp-content\themes\demo\searchform.php:13
Stack trace:
#0 C:\xampp\htdocs\anhhaisang\wp-includes\general-template.php(258): require()
#1 C:\xampp\htdocs\anhhaisang\wp-content\themes\demo\404.php(26): get_search_form()
#2 C:\xampp\htdocs\anhhaisang\wp-includes\template-loader.php(98): include('C:\\xampp\\htdocs...')
#3 C:\xampp\htdocs\anhhaisang\wp-blog-header.php(19): require_once('C:\\xampp\\htdocs...')
#4 C:\xampp\htdocs\anhhaisang\index.php(17): require('C:\\xampp\\htdocs...')
#5 {main}
  thrown in C:\xampp\htdocs\anhhaisang\wp-content\themes\demo\searchform.php on line 13

2020-04-06T06:43:39+00:00 CRITICAL Uncaught Error: Call to undefined function twentyseventeen_unique_id() in C:\xampp\htdocs\anhhaisang\wp-content\themes\demo\searchform.php:13
Stack trace:
#0 C:\xampp\htdocs\anhhaisang\wp-includes\general-template.php(258): require()
#1 C:\xampp\htdocs\anhhaisang\wp-content\themes\demo\404.php(26): get_search_form()
#2 C:\xampp\htdocs\anhhaisang\wp-includes\template-loader.php(98): include('C:\\xampp\\htdocs...')
#3 C:\xampp\htdocs\anhhaisang\wp-blog-header.php(19): require_once('C:\\xampp\\htdocs...')
#4 C:\xampp\htdocs\anhhaisang\index.php(17): require('C:\\xampp\\htdocs...')
#5 {main}
  thrown in C:\xampp\htdocs\anhhaisang\wp-content\themes\demo\searchform.php on line 13

2020-04-06T06:46:52+00:00 CRITICAL Uncaught Error: Call to undefined function twentyseventeen_unique_id() in C:\xampp\htdocs\anhhaisang\wp-content\themes\demo\searchform.php:13
Stack trace:
#0 C:\xampp\htdocs\anhhaisang\wp-includes\general-template.php(258): require()
#1 C:\xampp\htdocs\anhhaisang\wp-content\themes\demo\404.php(26): get_search_form()
#2 C:\xampp\htdocs\anhhaisang\wp-includes\template-loader.php(98): include('C:\\xampp\\htdocs...')
#3 C:\xampp\htdocs\anhhaisang\wp-blog-header.php(19): require_once('C:\\xampp\\htdocs...')
#4 C:\xampp\htdocs\anhhaisang\index.php(17): require('C:\\xampp\\htdocs...')
#5 {main}
  thrown in C:\xampp\htdocs\anhhaisang\wp-content\themes\demo\searchform.php on line 13

2020-04-06T06:50:05+00:00 CRITICAL Uncaught Error: Call to undefined function twentyseventeen_unique_id() in C:\xampp\htdocs\anhhaisang\wp-content\themes\demo\searchform.php:13
Stack trace:
#0 C:\xampp\htdocs\anhhaisang\wp-includes\general-template.php(258): require()
#1 C:\xampp\htdocs\anhhaisang\wp-content\themes\demo\404.php(26): get_search_form()
#2 C:\xampp\htdocs\anhhaisang\wp-includes\template-loader.php(98): include('C:\\xampp\\htdocs...')
#3 C:\xampp\htdocs\anhhaisang\wp-blog-header.php(19): require_once('C:\\xampp\\htdocs...')
#4 C:\xampp\htdocs\anhhaisang\index.php(17): require('C:\\xampp\\htdocs...')
#5 {main}
  thrown in C:\xampp\htdocs\anhhaisang\wp-content\themes\demo\searchform.php on line 13

2020-04-06T06:50:38+00:00 CRITICAL Uncaught Error: Call to undefined function twentyseventeen_unique_id() in C:\xampp\htdocs\anhhaisang\wp-content\themes\demo\searchform.php:13
Stack trace:
#0 C:\xampp\htdocs\anhhaisang\wp-includes\general-template.php(258): require()
#1 C:\xampp\htdocs\anhhaisang\wp-content\themes\demo\404.php(26): get_search_form()
#2 C:\xampp\htdocs\anhhaisang\wp-includes\template-loader.php(98): include('C:\\xampp\\htdocs...')
#3 C:\xampp\htdocs\anhhaisang\wp-blog-header.php(19): require_once('C:\\xampp\\htdocs...')
#4 C:\xampp\htdocs\anhhaisang\index.php(17): require('C:\\xampp\\htdocs...')
#5 {main}
  thrown in C:\xampp\htdocs\anhhaisang\wp-content\themes\demo\searchform.php on line 13

2020-04-06T06:51:10+00:00 CRITICAL Uncaught Error: Call to undefined function twentyseventeen_unique_id() in C:\xampp\htdocs\anhhaisang\wp-content\themes\demo\searchform.php:13
Stack trace:
#0 C:\xampp\htdocs\anhhaisang\wp-includes\general-template.php(258): require()
#1 C:\xampp\htdocs\anhhaisang\wp-content\themes\demo\404.php(26): get_search_form()
#2 C:\xampp\htdocs\anhhaisang\wp-includes\template-loader.php(98): include('C:\\xampp\\htdocs...')
#3 C:\xampp\htdocs\anhhaisang\wp-blog-header.php(19): require_once('C:\\xampp\\htdocs...')
#4 C:\xampp\htdocs\anhhaisang\index.php(17): require('C:\\xampp\\htdocs...')
#5 {main}
  thrown in C:\xampp\htdocs\anhhaisang\wp-content\themes\demo\searchform.php on line 13

2020-04-06T06:51:33+00:00 CRITICAL Uncaught Error: Call to undefined function twentyseventeen_unique_id() in C:\xampp\htdocs\anhhaisang\wp-content\themes\demo\searchform.php:13
Stack trace:
#0 C:\xampp\htdocs\anhhaisang\wp-includes\general-template.php(258): require()
#1 C:\xampp\htdocs\anhhaisang\wp-content\themes\demo\404.php(26): get_search_form()
#2 C:\xampp\htdocs\anhhaisang\wp-includes\template-loader.php(98): include('C:\\xampp\\htdocs...')
#3 C:\xampp\htdocs\anhhaisang\wp-blog-header.php(19): require_once('C:\\xampp\\htdocs...')
#4 C:\xampp\htdocs\anhhaisang\index.php(17): require('C:\\xampp\\htdocs...')
#5 {main}
  thrown in C:\xampp\htdocs\anhhaisang\wp-content\themes\demo\searchform.php on line 13

2020-04-06T06:51:48+00:00 CRITICAL Uncaught Error: Call to undefined function twentyseventeen_unique_id() in C:\xampp\htdocs\anhhaisang\wp-content\themes\demo\searchform.php:13
Stack trace:
#0 C:\xampp\htdocs\anhhaisang\wp-includes\general-template.php(258): require()
#1 C:\xampp\htdocs\anhhaisang\wp-content\themes\demo\404.php(26): get_search_form()
#2 C:\xampp\htdocs\anhhaisang\wp-includes\template-loader.php(98): include('C:\\xampp\\htdocs...')
#3 C:\xampp\htdocs\anhhaisang\wp-blog-header.php(19): require_once('C:\\xampp\\htdocs...')
#4 C:\xampp\htdocs\anhhaisang\index.php(17): require('C:\\xampp\\htdocs...')
#5 {main}
  thrown in C:\xampp\htdocs\anhhaisang\wp-content\themes\demo\searchform.php on line 13

2020-04-06T06:52:34+00:00 CRITICAL Uncaught Error: Call to undefined function twentyseventeen_unique_id() in C:\xampp\htdocs\anhhaisang\wp-content\themes\demo\searchform.php:13
Stack trace:
#0 C:\xampp\htdocs\anhhaisang\wp-includes\general-template.php(258): require()
#1 C:\xampp\htdocs\anhhaisang\wp-content\themes\demo\404.php(26): get_search_form()
#2 C:\xampp\htdocs\anhhaisang\wp-includes\template-loader.php(98): include('C:\\xampp\\htdocs...')
#3 C:\xampp\htdocs\anhhaisang\wp-blog-header.php(19): require_once('C:\\xampp\\htdocs...')
#4 C:\xampp\htdocs\anhhaisang\index.php(17): require('C:\\xampp\\htdocs...')
#5 {main}
  thrown in C:\xampp\htdocs\anhhaisang\wp-content\themes\demo\searchform.php on line 13

2020-04-06T06:53:08+00:00 CRITICAL Uncaught Error: Call to undefined function twentyseventeen_unique_id() in C:\xampp\htdocs\anhhaisang\wp-content\themes\demo\searchform.php:13
Stack trace:
#0 C:\xampp\htdocs\anhhaisang\wp-includes\general-template.php(258): require()
#1 C:\xampp\htdocs\anhhaisang\wp-content\themes\demo\404.php(26): get_search_form()
#2 C:\xampp\htdocs\anhhaisang\wp-includes\template-loader.php(98): include('C:\\xampp\\htdocs...')
#3 C:\xampp\htdocs\anhhaisang\wp-blog-header.php(19): require_once('C:\\xampp\\htdocs...')
#4 C:\xampp\htdocs\anhhaisang\index.php(17): require('C:\\xampp\\htdocs...')
#5 {main}
  thrown in C:\xampp\htdocs\anhhaisang\wp-content\themes\demo\searchform.php on line 13

2020-04-06T06:53:57+00:00 CRITICAL Uncaught Error: Call to undefined function twentyseventeen_unique_id() in C:\xampp\htdocs\anhhaisang\wp-content\themes\demo\searchform.php:13
Stack trace:
#0 C:\xampp\htdocs\anhhaisang\wp-includes\general-template.php(258): require()
#1 C:\xampp\htdocs\anhhaisang\wp-content\themes\demo\404.php(26): get_search_form()
#2 C:\xampp\htdocs\anhhaisang\wp-includes\template-loader.php(98): include('C:\\xampp\\htdocs...')
#3 C:\xampp\htdocs\anhhaisang\wp-blog-header.php(19): require_once('C:\\xampp\\htdocs...')
#4 C:\xampp\htdocs\anhhaisang\index.php(17): require('C:\\xampp\\htdocs...')
#5 {main}
  thrown in C:\xampp\htdocs\anhhaisang\wp-content\themes\demo\searchform.php on line 13

2020-04-06T06:54:29+00:00 CRITICAL Uncaught Error: Call to undefined function twentyseventeen_unique_id() in C:\xampp\htdocs\anhhaisang\wp-content\themes\demo\searchform.php:13
Stack trace:
#0 C:\xampp\htdocs\anhhaisang\wp-includes\general-template.php(258): require()
#1 C:\xampp\htdocs\anhhaisang\wp-content\themes\demo\404.php(26): get_search_form()
#2 C:\xampp\htdocs\anhhaisang\wp-includes\template-loader.php(98): include('C:\\xampp\\htdocs...')
#3 C:\xampp\htdocs\anhhaisang\wp-blog-header.php(19): require_once('C:\\xampp\\htdocs...')
#4 C:\xampp\htdocs\anhhaisang\index.php(17): require('C:\\xampp\\htdocs...')
#5 {main}
  thrown in C:\xampp\htdocs\anhhaisang\wp-content\themes\demo\searchform.php on line 13

2020-04-06T06:55:48+00:00 CRITICAL Uncaught Error: Call to undefined function twentyseventeen_unique_id() in C:\xampp\htdocs\anhhaisang\wp-content\themes\demo\searchform.php:13
Stack trace:
#0 C:\xampp\htdocs\anhhaisang\wp-includes\general-template.php(258): require()
#1 C:\xampp\htdocs\anhhaisang\wp-content\themes\demo\404.php(26): get_search_form()
#2 C:\xampp\htdocs\anhhaisang\wp-includes\template-loader.php(98): include('C:\\xampp\\htdocs...')
#3 C:\xampp\htdocs\anhhaisang\wp-blog-header.php(19): require_once('C:\\xampp\\htdocs...')
#4 C:\xampp\htdocs\anhhaisang\index.php(17): require('C:\\xampp\\htdocs...')
#5 {main}
  thrown in C:\xampp\htdocs\anhhaisang\wp-content\themes\demo\searchform.php on line 13

2020-04-06T06:56:40+00:00 CRITICAL Uncaught Error: Call to undefined function twentyseventeen_unique_id() in C:\xampp\htdocs\anhhaisang\wp-content\themes\demo\searchform.php:13
Stack trace:
#0 C:\xampp\htdocs\anhhaisang\wp-includes\general-template.php(258): require()
#1 C:\xampp\htdocs\anhhaisang\wp-content\themes\demo\404.php(26): get_search_form()
#2 C:\xampp\htdocs\anhhaisang\wp-includes\template-loader.php(98): include('C:\\xampp\\htdocs...')
#3 C:\xampp\htdocs\anhhaisang\wp-blog-header.php(19): require_once('C:\\xampp\\htdocs...')
#4 C:\xampp\htdocs\anhhaisang\index.php(17): require('C:\\xampp\\htdocs...')
#5 {main}
  thrown in C:\xampp\htdocs\anhhaisang\wp-content\themes\demo\searchform.php on line 13

2020-04-06T06:59:58+00:00 CRITICAL Uncaught Error: Call to undefined function twentyseventeen_unique_id() in C:\xampp\htdocs\anhhaisang\wp-content\themes\demo\searchform.php:13
Stack trace:
#0 C:\xampp\htdocs\anhhaisang\wp-includes\general-template.php(258): require()
#1 C:\xampp\htdocs\anhhaisang\wp-content\themes\demo\404.php(26): get_search_form()
#2 C:\xampp\htdocs\anhhaisang\wp-includes\template-loader.php(98): include('C:\\xampp\\htdocs...')
#3 C:\xampp\htdocs\anhhaisang\wp-blog-header.php(19): require_once('C:\\xampp\\htdocs...')
#4 C:\xampp\htdocs\anhhaisang\index.php(17): require('C:\\xampp\\htdocs...')
#5 {main}
  thrown in C:\xampp\htdocs\anhhaisang\wp-content\themes\demo\searchform.php on line 13

2020-04-06T07:04:59+00:00 CRITICAL Uncaught Error: Call to undefined function twentyseventeen_unique_id() in C:\xampp\htdocs\anhhaisang\wp-content\themes\demo\searchform.php:13
Stack trace:
#0 C:\xampp\htdocs\anhhaisang\wp-includes\general-template.php(258): require()
#1 C:\xampp\htdocs\anhhaisang\wp-content\themes\demo\404.php(26): get_search_form()
#2 C:\xampp\htdocs\anhhaisang\wp-includes\template-loader.php(98): include('C:\\xampp\\htdocs...')
#3 C:\xampp\htdocs\anhhaisang\wp-blog-header.php(19): require_once('C:\\xampp\\htdocs...')
#4 C:\xampp\htdocs\anhhaisang\index.php(17): require('C:\\xampp\\htdocs...')
#5 {main}
  thrown in C:\xampp\htdocs\anhhaisang\wp-content\themes\demo\searchform.php on line 13

2020-04-06T07:31:20+00:00 CRITICAL Uncaught Error: Call to undefined function twentyseventeen_unique_id() in C:\xampp\htdocs\anhhaisang\wp-content\themes\demo\searchform.php:13
Stack trace:
#0 C:\xampp\htdocs\anhhaisang\wp-includes\general-template.php(258): require()
#1 C:\xampp\htdocs\anhhaisang\wp-content\themes\demo\404.php(26): get_search_form()
#2 C:\xampp\htdocs\anhhaisang\wp-includes\template-loader.php(98): include('C:\\xampp\\htdocs...')
#3 C:\xampp\htdocs\anhhaisang\wp-blog-header.php(19): require_once('C:\\xampp\\htdocs...')
#4 C:\xampp\htdocs\anhhaisang\index.php(17): require('C:\\xampp\\htdocs...')
#5 {main}
  thrown in C:\xampp\htdocs\anhhaisang\wp-content\themes\demo\searchform.php on line 13

2020-04-06T07:31:22+00:00 CRITICAL Uncaught Error: Call to undefined function twentyseventeen_unique_id() in C:\xampp\htdocs\anhhaisang\wp-content\themes\demo\searchform.php:13
Stack trace:
#0 C:\xampp\htdocs\anhhaisang\wp-includes\general-template.php(258): require()
#1 C:\xampp\htdocs\anhhaisang\wp-content\themes\demo\404.php(26): get_search_form()
#2 C:\xampp\htdocs\anhhaisang\wp-includes\template-loader.php(98): include('C:\\xampp\\htdocs...')
#3 C:\xampp\htdocs\anhhaisang\wp-blog-header.php(19): require_once('C:\\xampp\\htdocs...')
#4 C:\xampp\htdocs\anhhaisang\index.php(17): require('C:\\xampp\\htdocs...')
#5 {main}
  thrown in C:\xampp\htdocs\anhhaisang\wp-content\themes\demo\searchform.php on line 13

2020-04-06T07:31:32+00:00 CRITICAL Uncaught Error: Call to undefined function twentyseventeen_unique_id() in C:\xampp\htdocs\anhhaisang\wp-content\themes\demo\searchform.php:13
Stack trace:
#0 C:\xampp\htdocs\anhhaisang\wp-includes\general-template.php(258): require()
#1 C:\xampp\htdocs\anhhaisang\wp-content\themes\demo\404.php(26): get_search_form()
#2 C:\xampp\htdocs\anhhaisang\wp-includes\template-loader.php(98): include('C:\\xampp\\htdocs...')
#3 C:\xampp\htdocs\anhhaisang\wp-blog-header.php(19): require_once('C:\\xampp\\htdocs...')
#4 C:\xampp\htdocs\anhhaisang\index.php(17): require('C:\\xampp\\htdocs...')
#5 {main}
  thrown in C:\xampp\htdocs\anhhaisang\wp-content\themes\demo\searchform.php on line 13

2020-04-06T07:31:34+00:00 CRITICAL Uncaught Error: Call to undefined function twentyseventeen_unique_id() in C:\xampp\htdocs\anhhaisang\wp-content\themes\demo\searchform.php:13
Stack trace:
#0 C:\xampp\htdocs\anhhaisang\wp-includes\general-template.php(258): require()
#1 C:\xampp\htdocs\anhhaisang\wp-content\themes\demo\404.php(26): get_search_form()
#2 C:\xampp\htdocs\anhhaisang\wp-includes\template-loader.php(98): include('C:\\xampp\\htdocs...')
#3 C:\xampp\htdocs\anhhaisang\wp-blog-header.php(19): require_once('C:\\xampp\\htdocs...')
#4 C:\xampp\htdocs\anhhaisang\index.php(17): require('C:\\xampp\\htdocs...')
#5 {main}
  thrown in C:\xampp\htdocs\anhhaisang\wp-content\themes\demo\searchform.php on line 13

2020-04-06T07:36:37+00:00 CRITICAL Uncaught Error: Call to undefined function twentyseventeen_unique_id() in C:\xampp\htdocs\anhhaisang\wp-content\themes\demo\searchform.php:13
Stack trace:
#0 C:\xampp\htdocs\anhhaisang\wp-includes\general-template.php(258): require()
#1 C:\xampp\htdocs\anhhaisang\wp-content\themes\demo\404.php(26): get_search_form()
#2 C:\xampp\htdocs\anhhaisang\wp-includes\template-loader.php(98): include('C:\\xampp\\htdocs...')
#3 C:\xampp\htdocs\anhhaisang\wp-blog-header.php(19): require_once('C:\\xampp\\htdocs...')
#4 C:\xampp\htdocs\anhhaisang\index.php(17): require('C:\\xampp\\htdocs...')
#5 {main}
  thrown in C:\xampp\htdocs\anhhaisang\wp-content\themes\demo\searchform.php on line 13

2020-04-06T07:41:31+00:00 CRITICAL Uncaught Error: Call to undefined function twentyseventeen_unique_id() in C:\xampp\htdocs\anhhaisang\wp-content\themes\demo\searchform.php:13
Stack trace:
#0 C:\xampp\htdocs\anhhaisang\wp-includes\general-template.php(258): require()
#1 C:\xampp\htdocs\anhhaisang\wp-content\themes\demo\404.php(26): get_search_form()
#2 C:\xampp\htdocs\anhhaisang\wp-includes\template-loader.php(98): include('C:\\xampp\\htdocs...')
#3 C:\xampp\htdocs\anhhaisang\wp-blog-header.php(19): require_once('C:\\xampp\\htdocs...')
#4 C:\xampp\htdocs\anhhaisang\index.php(17): require('C:\\xampp\\htdocs...')
#5 {main}
  thrown in C:\xampp\htdocs\anhhaisang\wp-content\themes\demo\searchform.php on line 13

2020-04-06T07:41:31+00:00 CRITICAL Uncaught Error: Call to undefined function twentyseventeen_unique_id() in C:\xampp\htdocs\anhhaisang\wp-content\themes\demo\searchform.php:13
Stack trace:
#0 C:\xampp\htdocs\anhhaisang\wp-includes\general-template.php(258): require()
#1 C:\xampp\htdocs\anhhaisang\wp-content\themes\demo\404.php(26): get_search_form()
#2 C:\xampp\htdocs\anhhaisang\wp-includes\template-loader.php(98): include('C:\\xampp\\htdocs...')
#3 C:\xampp\htdocs\anhhaisang\wp-blog-header.php(19): require_once('C:\\xampp\\htdocs...')
#4 C:\xampp\htdocs\anhhaisang\index.php(17): require('C:\\xampp\\htdocs...')
#5 {main}
  thrown in C:\xampp\htdocs\anhhaisang\wp-content\themes\demo\searchform.php on line 13

2020-04-06T07:44:14+00:00 CRITICAL Uncaught Error: Call to undefined function twentyseventeen_unique_id() in C:\xampp\htdocs\anhhaisang\wp-content\themes\demo\searchform.php:13
Stack trace:
#0 C:\xampp\htdocs\anhhaisang\wp-includes\general-template.php(258): require()
#1 C:\xampp\htdocs\anhhaisang\wp-content\themes\demo\404.php(26): get_search_form()
#2 C:\xampp\htdocs\anhhaisang\wp-includes\template-loader.php(98): include('C:\\xampp\\htdocs...')
#3 C:\xampp\htdocs\anhhaisang\wp-blog-header.php(19): require_once('C:\\xampp\\htdocs...')
#4 C:\xampp\htdocs\anhhaisang\index.php(17): require('C:\\xampp\\htdocs...')
#5 {main}
  thrown in C:\xampp\htdocs\anhhaisang\wp-content\themes\demo\searchform.php on line 13

2020-04-06T07:49:44+00:00 CRITICAL Uncaught Error: Call to undefined function twentyseventeen_unique_id() in C:\xampp\htdocs\anhhaisang\wp-content\themes\demo\searchform.php:13
Stack trace:
#0 C:\xampp\htdocs\anhhaisang\wp-includes\general-template.php(258): require()
#1 C:\xampp\htdocs\anhhaisang\wp-content\themes\demo\404.php(26): get_search_form()
#2 C:\xampp\htdocs\anhhaisang\wp-includes\template-loader.php(98): include('C:\\xampp\\htdocs...')
#3 C:\xampp\htdocs\anhhaisang\wp-blog-header.php(19): require_once('C:\\xampp\\htdocs...')
#4 C:\xampp\htdocs\anhhaisang\index.php(17): require('C:\\xampp\\htdocs...')
#5 {main}
  thrown in C:\xampp\htdocs\anhhaisang\wp-content\themes\demo\searchform.php on line 13

2020-04-06T08:03:31+00:00 CRITICAL Uncaught Error: Call to undefined function twentyseventeen_unique_id() in C:\xampp\htdocs\anhhaisang\wp-content\themes\demo\searchform.php:13
Stack trace:
#0 C:\xampp\htdocs\anhhaisang\wp-includes\general-template.php(258): require()
#1 C:\xampp\htdocs\anhhaisang\wp-content\themes\demo\404.php(26): get_search_form()
#2 C:\xampp\htdocs\anhhaisang\wp-includes\template-loader.php(98): include('C:\\xampp\\htdocs...')
#3 C:\xampp\htdocs\anhhaisang\wp-blog-header.php(19): require_once('C:\\xampp\\htdocs...')
#4 C:\xampp\htdocs\anhhaisang\index.php(17): require('C:\\xampp\\htdocs...')
#5 {main}
  thrown in C:\xampp\htdocs\anhhaisang\wp-content\themes\demo\searchform.php on line 13

2020-04-06T08:08:08+00:00 CRITICAL Uncaught Error: Call to undefined function twentyseventeen_unique_id() in C:\xampp\htdocs\anhhaisang\wp-content\themes\demo\searchform.php:13
Stack trace:
#0 C:\xampp\htdocs\anhhaisang\wp-includes\general-template.php(258): require()
#1 C:\xampp\htdocs\anhhaisang\wp-content\themes\demo\404.php(26): get_search_form()
#2 C:\xampp\htdocs\anhhaisang\wp-includes\template-loader.php(98): include('C:\\xampp\\htdocs...')
#3 C:\xampp\htdocs\anhhaisang\wp-blog-header.php(19): require_once('C:\\xampp\\htdocs...')
#4 C:\xampp\htdocs\anhhaisang\index.php(17): require('C:\\xampp\\htdocs...')
#5 {main}
  thrown in C:\xampp\htdocs\anhhaisang\wp-content\themes\demo\searchform.php on line 13

2020-04-06T08:09:48+00:00 CRITICAL Uncaught Error: Call to undefined function twentyseventeen_unique_id() in C:\xampp\htdocs\anhhaisang\wp-content\themes\demo\searchform.php:13
Stack trace:
#0 C:\xampp\htdocs\anhhaisang\wp-includes\general-template.php(258): require()
#1 C:\xampp\htdocs\anhhaisang\wp-content\themes\demo\404.php(26): get_search_form()
#2 C:\xampp\htdocs\anhhaisang\wp-includes\template-loader.php(98): include('C:\\xampp\\htdocs...')
#3 C:\xampp\htdocs\anhhaisang\wp-blog-header.php(19): require_once('C:\\xampp\\htdocs...')
#4 C:\xampp\htdocs\anhhaisang\index.php(17): require('C:\\xampp\\htdocs...')
#5 {main}
  thrown in C:\xampp\htdocs\anhhaisang\wp-content\themes\demo\searchform.php on line 13

2020-04-06T08:12:14+00:00 CRITICAL Uncaught Error: Call to undefined function twentyseventeen_unique_id() in C:\xampp\htdocs\anhhaisang\wp-content\themes\demo\searchform.php:13
Stack trace:
#0 C:\xampp\htdocs\anhhaisang\wp-includes\general-template.php(258): require()
#1 C:\xampp\htdocs\anhhaisang\wp-content\themes\demo\404.php(26): get_search_form()
#2 C:\xampp\htdocs\anhhaisang\wp-includes\template-loader.php(98): include('C:\\xampp\\htdocs...')
#3 C:\xampp\htdocs\anhhaisang\wp-blog-header.php(19): require_once('C:\\xampp\\htdocs...')
#4 C:\xampp\htdocs\anhhaisang\index.php(17): require('C:\\xampp\\htdocs...')
#5 {main}
  thrown in C:\xampp\htdocs\anhhaisang\wp-content\themes\demo\searchform.php on line 13

2020-04-06T08:12:42+00:00 CRITICAL Uncaught Error: Call to undefined function twentyseventeen_unique_id() in C:\xampp\htdocs\anhhaisang\wp-content\themes\demo\searchform.php:13
Stack trace:
#0 C:\xampp\htdocs\anhhaisang\wp-includes\general-template.php(258): require()
#1 C:\xampp\htdocs\anhhaisang\wp-content\themes\demo\404.php(26): get_search_form()
#2 C:\xampp\htdocs\anhhaisang\wp-includes\template-loader.php(98): include('C:\\xampp\\htdocs...')
#3 C:\xampp\htdocs\anhhaisang\wp-blog-header.php(19): require_once('C:\\xampp\\htdocs...')
#4 C:\xampp\htdocs\anhhaisang\index.php(17): require('C:\\xampp\\htdocs...')
#5 {main}
  thrown in C:\xampp\htdocs\anhhaisang\wp-content\themes\demo\searchform.php on line 13

2020-04-06T08:15:40+00:00 CRITICAL Uncaught Error: Call to undefined function twentyseventeen_unique_id() in C:\xampp\htdocs\anhhaisang\wp-content\themes\demo\searchform.php:13
Stack trace:
#0 C:\xampp\htdocs\anhhaisang\wp-includes\general-template.php(258): require()
#1 C:\xampp\htdocs\anhhaisang\wp-content\themes\demo\404.php(26): get_search_form()
#2 C:\xampp\htdocs\anhhaisang\wp-includes\template-loader.php(98): include('C:\\xampp\\htdocs...')
#3 C:\xampp\htdocs\anhhaisang\wp-blog-header.php(19): require_once('C:\\xampp\\htdocs...')
#4 C:\xampp\htdocs\anhhaisang\index.php(17): require('C:\\xampp\\htdocs...')
#5 {main}
  thrown in C:\xampp\htdocs\anhhaisang\wp-content\themes\demo\searchform.php on line 13

2020-04-06T08:16:08+00:00 CRITICAL Uncaught Error: Call to undefined function twentyseventeen_unique_id() in C:\xampp\htdocs\anhhaisang\wp-content\themes\demo\searchform.php:13
Stack trace:
#0 C:\xampp\htdocs\anhhaisang\wp-includes\general-template.php(258): require()
#1 C:\xampp\htdocs\anhhaisang\wp-content\themes\demo\404.php(26): get_search_form()
#2 C:\xampp\htdocs\anhhaisang\wp-includes\template-loader.php(98): include('C:\\xampp\\htdocs...')
#3 C:\xampp\htdocs\anhhaisang\wp-blog-header.php(19): require_once('C:\\xampp\\htdocs...')
#4 C:\xampp\htdocs\anhhaisang\index.php(17): require('C:\\xampp\\htdocs...')
#5 {main}
  thrown in C:\xampp\htdocs\anhhaisang\wp-content\themes\demo\searchform.php on line 13

2020-04-06T08:18:58+00:00 CRITICAL Uncaught Error: Call to undefined function twentyseventeen_unique_id() in C:\xampp\htdocs\anhhaisang\wp-content\themes\demo\searchform.php:13
Stack trace:
#0 C:\xampp\htdocs\anhhaisang\wp-includes\general-template.php(258): require()
#1 C:\xampp\htdocs\anhhaisang\wp-content\themes\demo\404.php(26): get_search_form()
#2 C:\xampp\htdocs\anhhaisang\wp-includes\template-loader.php(98): include('C:\\xampp\\htdocs...')
#3 C:\xampp\htdocs\anhhaisang\wp-blog-header.php(19): require_once('C:\\xampp\\htdocs...')
#4 C:\xampp\htdocs\anhhaisang\index.php(17): require('C:\\xampp\\htdocs...')
#5 {main}
  thrown in C:\xampp\htdocs\anhhaisang\wp-content\themes\demo\searchform.php on line 13

2020-04-06T08:19:50+00:00 CRITICAL Uncaught Error: Call to undefined function twentyseventeen_unique_id() in C:\xampp\htdocs\anhhaisang\wp-content\themes\demo\searchform.php:13
Stack trace:
#0 C:\xampp\htdocs\anhhaisang\wp-includes\general-template.php(258): require()
#1 C:\xampp\htdocs\anhhaisang\wp-content\themes\demo\404.php(26): get_search_form()
#2 C:\xampp\htdocs\anhhaisang\wp-includes\template-loader.php(98): include('C:\\xampp\\htdocs...')
#3 C:\xampp\htdocs\anhhaisang\wp-blog-header.php(19): require_once('C:\\xampp\\htdocs...')
#4 C:\xampp\htdocs\anhhaisang\index.php(17): require('C:\\xampp\\htdocs...')
#5 {main}
  thrown in C:\xampp\htdocs\anhhaisang\wp-content\themes\demo\searchform.php on line 13

2020-04-06T08:33:07+00:00 CRITICAL Uncaught Error: Call to undefined function twentyseventeen_unique_id() in C:\xampp\htdocs\anhhaisang\wp-content\themes\demo\searchform.php:13
Stack trace:
#0 C:\xampp\htdocs\anhhaisang\wp-includes\general-template.php(258): require()
#1 C:\xampp\htdocs\anhhaisang\wp-content\themes\demo\404.php(26): get_search_form()
#2 C:\xampp\htdocs\anhhaisang\wp-includes\template-loader.php(98): include('C:\\xampp\\htdocs...')
#3 C:\xampp\htdocs\anhhaisang\wp-blog-header.php(19): require_once('C:\\xampp\\htdocs...')
#4 C:\xampp\htdocs\anhhaisang\index.php(17): require('C:\\xampp\\htdocs...')
#5 {main}
  thrown in C:\xampp\htdocs\anhhaisang\wp-content\themes\demo\searchform.php on line 13

2020-04-06T08:38:00+00:00 CRITICAL Uncaught Error: Call to undefined function twentyseventeen_unique_id() in C:\xampp\htdocs\anhhaisang\wp-content\themes\demo\searchform.php:13
Stack trace:
#0 C:\xampp\htdocs\anhhaisang\wp-includes\general-template.php(258): require()
#1 C:\xampp\htdocs\anhhaisang\wp-content\themes\demo\404.php(26): get_search_form()
#2 C:\xampp\htdocs\anhhaisang\wp-includes\template-loader.php(98): include('C:\\xampp\\htdocs...')
#3 C:\xampp\htdocs\anhhaisang\wp-blog-header.php(19): require_once('C:\\xampp\\htdocs...')
#4 C:\xampp\htdocs\anhhaisang\index.php(17): require('C:\\xampp\\htdocs...')
#5 {main}
  thrown in C:\xampp\htdocs\anhhaisang\wp-content\themes\demo\searchform.php on line 13

2020-04-06T08:43:14+00:00 CRITICAL Uncaught Error: Call to undefined function twentyseventeen_unique_id() in C:\xampp\htdocs\anhhaisang\wp-content\themes\demo\searchform.php:13
Stack trace:
#0 C:\xampp\htdocs\anhhaisang\wp-includes\general-template.php(258): require()
#1 C:\xampp\htdocs\anhhaisang\wp-content\themes\demo\404.php(26): get_search_form()
#2 C:\xampp\htdocs\anhhaisang\wp-includes\template-loader.php(98): include('C:\\xampp\\htdocs...')
#3 C:\xampp\htdocs\anhhaisang\wp-blog-header.php(19): require_once('C:\\xampp\\htdocs...')
#4 C:\xampp\htdocs\anhhaisang\index.php(17): require('C:\\xampp\\htdocs...')
#5 {main}
  thrown in C:\xampp\htdocs\anhhaisang\wp-content\themes\demo\searchform.php on line 13

2020-04-06T08:57:11+00:00 CRITICAL Uncaught Error: Call to undefined function twentyseventeen_unique_id() in C:\xampp\htdocs\anhhaisang\wp-content\themes\demo\searchform.php:13
Stack trace:
#0 C:\xampp\htdocs\anhhaisang\wp-includes\general-template.php(258): require()
#1 C:\xampp\htdocs\anhhaisang\wp-content\themes\demo\404.php(26): get_search_form()
#2 C:\xampp\htdocs\anhhaisang\wp-includes\template-loader.php(98): include('C:\\xampp\\htdocs...')
#3 C:\xampp\htdocs\anhhaisang\wp-blog-header.php(19): require_once('C:\\xampp\\htdocs...')
#4 C:\xampp\htdocs\anhhaisang\index.php(17): require('C:\\xampp\\htdocs...')
#5 {main}
  thrown in C:\xampp\htdocs\anhhaisang\wp-content\themes\demo\searchform.php on line 13

2020-04-06T09:02:07+00:00 CRITICAL Uncaught Error: Call to undefined function twentyseventeen_unique_id() in C:\xampp\htdocs\anhhaisang\wp-content\themes\demo\searchform.php:13
Stack trace:
#0 C:\xampp\htdocs\anhhaisang\wp-includes\general-template.php(258): require()
#1 C:\xampp\htdocs\anhhaisang\wp-content\themes\demo\404.php(26): get_search_form()
#2 C:\xampp\htdocs\anhhaisang\wp-includes\template-loader.php(98): include('C:\\xampp\\htdocs...')
#3 C:\xampp\htdocs\anhhaisang\wp-blog-header.php(19): require_once('C:\\xampp\\htdocs...')
#4 C:\xampp\htdocs\anhhaisang\index.php(17): require('C:\\xampp\\htdocs...')
#5 {main}
  thrown in C:\xampp\htdocs\anhhaisang\wp-content\themes\demo\searchform.php on line 13

2020-04-06T09:08:30+00:00 CRITICAL Uncaught Error: Call to undefined function twentyseventeen_unique_id() in C:\xampp\htdocs\anhhaisang\wp-content\themes\demo\searchform.php:13
Stack trace:
#0 C:\xampp\htdocs\anhhaisang\wp-includes\general-template.php(258): require()
#1 C:\xampp\htdocs\anhhaisang\wp-content\themes\demo\404.php(26): get_search_form()
#2 C:\xampp\htdocs\anhhaisang\wp-includes\template-loader.php(98): include('C:\\xampp\\htdocs...')
#3 C:\xampp\htdocs\anhhaisang\wp-blog-header.php(19): require_once('C:\\xampp\\htdocs...')
#4 C:\xampp\htdocs\anhhaisang\index.php(17): require('C:\\xampp\\htdocs...')
#5 {main}
  thrown in C:\xampp\htdocs\anhhaisang\wp-content\themes\demo\searchform.php on line 13

2020-04-06T09:13:33+00:00 CRITICAL Uncaught Error: Call to undefined function twentyseventeen_unique_id() in C:\xampp\htdocs\anhhaisang\wp-content\themes\demo\searchform.php:13
Stack trace:
#0 C:\xampp\htdocs\anhhaisang\wp-includes\general-template.php(258): require()
#1 C:\xampp\htdocs\anhhaisang\wp-content\themes\demo\404.php(26): get_search_form()
#2 C:\xampp\htdocs\anhhaisang\wp-includes\template-loader.php(98): include('C:\\xampp\\htdocs...')
#3 C:\xampp\htdocs\anhhaisang\wp-blog-header.php(19): require_once('C:\\xampp\\htdocs...')
#4 C:\xampp\htdocs\anhhaisang\index.php(17): require('C:\\xampp\\htdocs...')
#5 {main}
  thrown in C:\xampp\htdocs\anhhaisang\wp-content\themes\demo\searchform.php on line 13

2020-04-06T09:16:58+00:00 CRITICAL Uncaught Error: Call to undefined function twentyseventeen_unique_id() in C:\xampp\htdocs\anhhaisang\wp-content\themes\demo\searchform.php:13
Stack trace:
#0 C:\xampp\htdocs\anhhaisang\wp-includes\general-template.php(258): require()
#1 C:\xampp\htdocs\anhhaisang\wp-content\themes\demo\404.php(26): get_search_form()
#2 C:\xampp\htdocs\anhhaisang\wp-includes\template-loader.php(98): include('C:\\xampp\\htdocs...')
#3 C:\xampp\htdocs\anhhaisang\wp-blog-header.php(19): require_once('C:\\xampp\\htdocs...')
#4 C:\xampp\htdocs\anhhaisang\index.php(17): require('C:\\xampp\\htdocs...')
#5 {main}
  thrown in C:\xampp\htdocs\anhhaisang\wp-content\themes\demo\searchform.php on line 13

2020-04-06T09:17:32+00:00 CRITICAL Uncaught Error: Call to undefined function twentyseventeen_unique_id() in C:\xampp\htdocs\anhhaisang\wp-content\themes\demo\searchform.php:13
Stack trace:
#0 C:\xampp\htdocs\anhhaisang\wp-includes\general-template.php(258): require()
#1 C:\xampp\htdocs\anhhaisang\wp-content\themes\demo\404.php(26): get_search_form()
#2 C:\xampp\htdocs\anhhaisang\wp-includes\template-loader.php(98): include('C:\\xampp\\htdocs...')
#3 C:\xampp\htdocs\anhhaisang\wp-blog-header.php(19): require_once('C:\\xampp\\htdocs...')
#4 C:\xampp\htdocs\anhhaisang\index.php(17): require('C:\\xampp\\htdocs...')
#5 {main}
  thrown in C:\xampp\htdocs\anhhaisang\wp-content\themes\demo\searchform.php on line 13

2020-04-06T09:20:01+00:00 CRITICAL Uncaught Error: Call to undefined function twentyseventeen_unique_id() in C:\xampp\htdocs\anhhaisang\wp-content\themes\demo\searchform.php:13
Stack trace:
#0 C:\xampp\htdocs\anhhaisang\wp-includes\general-template.php(258): require()
#1 C:\xampp\htdocs\anhhaisang\wp-content\themes\demo\404.php(26): get_search_form()
#2 C:\xampp\htdocs\anhhaisang\wp-includes\template-loader.php(98): include('C:\\xampp\\htdocs...')
#3 C:\xampp\htdocs\anhhaisang\wp-blog-header.php(19): require_once('C:\\xampp\\htdocs...')
#4 C:\xampp\htdocs\anhhaisang\index.php(17): require('C:\\xampp\\htdocs...')
#5 {main}
  thrown in C:\xampp\htdocs\anhhaisang\wp-content\themes\demo\searchform.php on line 13

2020-04-06T09:48:28+00:00 CRITICAL Uncaught Error: Call to undefined function twentyseventeen_unique_id() in C:\xampp\htdocs\anhhaisang\wp-content\themes\demo\searchform.php:13
Stack trace:
#0 C:\xampp\htdocs\anhhaisang\wp-includes\general-template.php(258): require()
#1 C:\xampp\htdocs\anhhaisang\wp-content\themes\demo\404.php(26): get_search_form()
#2 C:\xampp\htdocs\anhhaisang\wp-includes\template-loader.php(98): include('C:\\xampp\\htdocs...')
#3 C:\xampp\htdocs\anhhaisang\wp-blog-header.php(19): require_once('C:\\xampp\\htdocs...')
#4 C:\xampp\htdocs\anhhaisang\index.php(17): require('C:\\xampp\\htdocs...')
#5 {main}
  thrown in C:\xampp\htdocs\anhhaisang\wp-content\themes\demo\searchform.php on line 13

2020-04-06T09:53:57+00:00 CRITICAL Uncaught Error: Call to undefined function twentyseventeen_unique_id() in C:\xampp\htdocs\anhhaisang\wp-content\themes\demo\searchform.php:13
Stack trace:
#0 C:\xampp\htdocs\anhhaisang\wp-includes\general-template.php(258): require()
#1 C:\xampp\htdocs\anhhaisang\wp-content\themes\demo\404.php(26): get_search_form()
#2 C:\xampp\htdocs\anhhaisang\wp-includes\template-loader.php(98): include('C:\\xampp\\htdocs...')
#3 C:\xampp\htdocs\anhhaisang\wp-blog-header.php(19): require_once('C:\\xampp\\htdocs...')
#4 C:\xampp\htdocs\anhhaisang\index.php(17): require('C:\\xampp\\htdocs...')
#5 {main}
  thrown in C:\xampp\htdocs\anhhaisang\wp-content\themes\demo\searchform.php on line 13

2020-04-06T09:54:47+00:00 CRITICAL Uncaught Error: Call to undefined function twentyseventeen_unique_id() in C:\xampp\htdocs\anhhaisang\wp-content\themes\demo\searchform.php:13
Stack trace:
#0 C:\xampp\htdocs\anhhaisang\wp-includes\general-template.php(258): require()
#1 C:\xampp\htdocs\anhhaisang\wp-content\themes\demo\404.php(26): get_search_form()
#2 C:\xampp\htdocs\anhhaisang\wp-includes\template-loader.php(98): include('C:\\xampp\\htdocs...')
#3 C:\xampp\htdocs\anhhaisang\wp-blog-header.php(19): require_once('C:\\xampp\\htdocs...')
#4 C:\xampp\htdocs\anhhaisang\index.php(17): require('C:\\xampp\\htdocs...')
#5 {main}
  thrown in C:\xampp\htdocs\anhhaisang\wp-content\themes\demo\searchform.php on line 13

2020-04-06T09:57:16+00:00 CRITICAL Uncaught Error: Call to undefined function twentyseventeen_unique_id() in C:\xampp\htdocs\anhhaisang\wp-content\themes\demo\searchform.php:13
Stack trace:
#0 C:\xampp\htdocs\anhhaisang\wp-includes\general-template.php(258): require()
#1 C:\xampp\htdocs\anhhaisang\wp-content\themes\demo\404.php(26): get_search_form()
#2 C:\xampp\htdocs\anhhaisang\wp-includes\template-loader.php(98): include('C:\\xampp\\htdocs...')
#3 C:\xampp\htdocs\anhhaisang\wp-blog-header.php(19): require_once('C:\\xampp\\htdocs...')
#4 C:\xampp\htdocs\anhhaisang\index.php(17): require('C:\\xampp\\htdocs...')
#5 {main}
  thrown in C:\xampp\htdocs\anhhaisang\wp-content\themes\demo\searchform.php on line 13

2020-04-06T09:58:28+00:00 CRITICAL Uncaught Error: Call to undefined function twentyseventeen_unique_id() in C:\xampp\htdocs\anhhaisang\wp-content\themes\demo\searchform.php:13
Stack trace:
#0 C:\xampp\htdocs\anhhaisang\wp-includes\general-template.php(258): require()
#1 C:\xampp\htdocs\anhhaisang\wp-content\themes\demo\404.php(26): get_search_form()
#2 C:\xampp\htdocs\anhhaisang\wp-includes\template-loader.php(98): include('C:\\xampp\\htdocs...')
#3 C:\xampp\htdocs\anhhaisang\wp-blog-header.php(19): require_once('C:\\xampp\\htdocs...')
#4 C:\xampp\htdocs\anhhaisang\index.php(17): require('C:\\xampp\\htdocs...')
#5 {main}
  thrown in C:\xampp\htdocs\anhhaisang\wp-content\themes\demo\searchform.php on line 13

2020-04-06T09:59:31+00:00 CRITICAL Uncaught Error: Call to undefined function twentyseventeen_unique_id() in C:\xampp\htdocs\anhhaisang\wp-content\themes\demo\searchform.php:13
Stack trace:
#0 C:\xampp\htdocs\anhhaisang\wp-includes\general-template.php(258): require()
#1 C:\xampp\htdocs\anhhaisang\wp-content\themes\demo\404.php(26): get_search_form()
#2 C:\xampp\htdocs\anhhaisang\wp-includes\template-loader.php(98): include('C:\\xampp\\htdocs...')
#3 C:\xampp\htdocs\anhhaisang\wp-blog-header.php(19): require_once('C:\\xampp\\htdocs...')
#4 C:\xampp\htdocs\anhhaisang\index.php(17): require('C:\\xampp\\htdocs...')
#5 {main}
  thrown in C:\xampp\htdocs\anhhaisang\wp-content\themes\demo\searchform.php on line 13

2020-04-06T10:01:03+00:00 CRITICAL Uncaught Error: Call to undefined function twentyseventeen_unique_id() in C:\xampp\htdocs\anhhaisang\wp-content\themes\demo\searchform.php:13
Stack trace:
#0 C:\xampp\htdocs\anhhaisang\wp-includes\general-template.php(258): require()
#1 C:\xampp\htdocs\anhhaisang\wp-content\themes\demo\404.php(26): get_search_form()
#2 C:\xampp\htdocs\anhhaisang\wp-includes\template-loader.php(98): include('C:\\xampp\\htdocs...')
#3 C:\xampp\htdocs\anhhaisang\wp-blog-header.php(19): require_once('C:\\xampp\\htdocs...')
#4 C:\xampp\htdocs\anhhaisang\index.php(17): require('C:\\xampp\\htdocs...')
#5 {main}
  thrown in C:\xampp\htdocs\anhhaisang\wp-content\themes\demo\searchform.php on line 13

2020-04-06T10:03:33+00:00 CRITICAL Uncaught Error: Call to undefined function twentyseventeen_unique_id() in C:\xampp\htdocs\anhhaisang\wp-content\themes\demo\searchform.php:13
Stack trace:
#0 C:\xampp\htdocs\anhhaisang\wp-includes\general-template.php(258): require()
#1 C:\xampp\htdocs\anhhaisang\wp-content\themes\demo\404.php(26): get_search_form()
#2 C:\xampp\htdocs\anhhaisang\wp-includes\template-loader.php(98): include('C:\\xampp\\htdocs...')
#3 C:\xampp\htdocs\anhhaisang\wp-blog-header.php(19): require_once('C:\\xampp\\htdocs...')
#4 C:\xampp\htdocs\anhhaisang\index.php(17): require('C:\\xampp\\htdocs...')
#5 {main}
  thrown in C:\xampp\htdocs\anhhaisang\wp-content\themes\demo\searchform.php on line 13

2020-04-06T10:07:02+00:00 CRITICAL Uncaught Error: Call to undefined function twentyseventeen_unique_id() in C:\xampp\htdocs\anhhaisang\wp-content\themes\demo\searchform.php:13
Stack trace:
#0 C:\xampp\htdocs\anhhaisang\wp-includes\general-template.php(258): require()
#1 C:\xampp\htdocs\anhhaisang\wp-content\themes\demo\404.php(26): get_search_form()
#2 C:\xampp\htdocs\anhhaisang\wp-includes\template-loader.php(98): include('C:\\xampp\\htdocs...')
#3 C:\xampp\htdocs\anhhaisang\wp-blog-header.php(19): require_once('C:\\xampp\\htdocs...')
#4 C:\xampp\htdocs\anhhaisang\index.php(17): require('C:\\xampp\\htdocs...')
#5 {main}
  thrown in C:\xampp\htdocs\anhhaisang\wp-content\themes\demo\searchform.php on line 13

2020-04-06T13:36:40+00:00 CRITICAL Uncaught Error: Call to undefined function twentyseventeen_unique_id() in C:\xampp\htdocs\anhhaisang\wp-content\themes\demo\searchform.php:13
Stack trace:
#0 C:\xampp\htdocs\anhhaisang\wp-includes\general-template.php(258): require()
#1 C:\xampp\htdocs\anhhaisang\wp-content\themes\demo\404.php(26): get_search_form()
#2 C:\xampp\htdocs\anhhaisang\wp-includes\template-loader.php(98): include('C:\\xampp\\htdocs...')
#3 C:\xampp\htdocs\anhhaisang\wp-blog-header.php(19): require_once('C:\\xampp\\htdocs...')
#4 C:\xampp\htdocs\anhhaisang\index.php(17): require('C:\\xampp\\htdocs...')
#5 {main}
  thrown in C:\xampp\htdocs\anhhaisang\wp-content\themes\demo\searchform.php on line 13

2020-04-06T13:43:20+00:00 CRITICAL Uncaught Error: Call to undefined function twentyseventeen_unique_id() in C:\xampp\htdocs\anhhaisang\wp-content\themes\demo\searchform.php:13
Stack trace:
#0 C:\xampp\htdocs\anhhaisang\wp-includes\general-template.php(258): require()
#1 C:\xampp\htdocs\anhhaisang\wp-content\themes\demo\404.php(26): get_search_form()
#2 C:\xampp\htdocs\anhhaisang\wp-includes\template-loader.php(98): include('C:\\xampp\\htdocs...')
#3 C:\xampp\htdocs\anhhaisang\wp-blog-header.php(19): require_once('C:\\xampp\\htdocs...')
#4 C:\xampp\htdocs\anhhaisang\index.php(17): require('C:\\xampp\\htdocs...')
#5 {main}
  thrown in C:\xampp\htdocs\anhhaisang\wp-content\themes\demo\searchform.php on line 13

2020-04-06T13:43:20+00:00 CRITICAL Uncaught Error: Call to undefined function twentyseventeen_unique_id() in C:\xampp\htdocs\anhhaisang\wp-content\themes\demo\searchform.php:13
Stack trace:
#0 C:\xampp\htdocs\anhhaisang\wp-includes\general-template.php(258): require()
#1 C:\xampp\htdocs\anhhaisang\wp-content\themes\demo\404.php(26): get_search_form()
#2 C:\xampp\htdocs\anhhaisang\wp-includes\template-loader.php(98): include('C:\\xampp\\htdocs...')
#3 C:\xampp\htdocs\anhhaisang\wp-blog-header.php(19): require_once('C:\\xampp\\htdocs...')
#4 C:\xampp\htdocs\anhhaisang\index.php(17): require('C:\\xampp\\htdocs...')
#5 {main}
  thrown in C:\xampp\htdocs\anhhaisang\wp-content\themes\demo\searchform.php on line 13

2020-04-06T14:36:48+00:00 CRITICAL Uncaught Error: Call to undefined function twentyseventeen_unique_id() in C:\xampp\htdocs\anhhaisang\wp-content\themes\demo\searchform.php:13
Stack trace:
#0 C:\xampp\htdocs\anhhaisang\wp-includes\general-template.php(258): require()
#1 C:\xampp\htdocs\anhhaisang\wp-content\themes\demo\404.php(26): get_search_form()
#2 C:\xampp\htdocs\anhhaisang\wp-includes\template-loader.php(98): include('C:\\xampp\\htdocs...')
#3 C:\xampp\htdocs\anhhaisang\wp-blog-header.php(19): require_once('C:\\xampp\\htdocs...')
#4 C:\xampp\htdocs\anhhaisang\index.php(17): require('C:\\xampp\\htdocs...')
#5 {main}
  thrown in C:\xampp\htdocs\anhhaisang\wp-content\themes\demo\searchform.php on line 13

2020-04-06T14:36:48+00:00 CRITICAL Uncaught Error: Call to undefined function twentyseventeen_unique_id() in C:\xampp\htdocs\anhhaisang\wp-content\themes\demo\searchform.php:13
Stack trace:
#0 C:\xampp\htdocs\anhhaisang\wp-includes\general-template.php(258): require()
#1 C:\xampp\htdocs\anhhaisang\wp-content\themes\demo\404.php(26): get_search_form()
#2 C:\xampp\htdocs\anhhaisang\wp-includes\template-loader.php(98): include('C:\\xampp\\htdocs...')
#3 C:\xampp\htdocs\anhhaisang\wp-blog-header.php(19): require_once('C:\\xampp\\htdocs...')
#4 C:\xampp\htdocs\anhhaisang\index.php(17): require('C:\\xampp\\htdocs...')
#5 {main}
  thrown in C:\xampp\htdocs\anhhaisang\wp-content\themes\demo\searchform.php on line 13

