2020-04-02T09:20:13+00:00 CRITICAL Uncaught Error: Call to undefined function twentyseventeen_unique_id() in C:\xampp\htdocs\anhhaisang\wp-content\themes\demo\searchform.php:13
Stack trace:
#0 C:\xampp\htdocs\anhhaisang\wp-includes\general-template.php(258): require()
#1 C:\xampp\htdocs\anhhaisang\wp-content\themes\demo\404.php(26): get_search_form()
#2 C:\xampp\htdocs\anhhaisang\wp-includes\template-loader.php(98): include('C:\\xampp\\htdocs...')
#3 C:\xampp\htdocs\anhhaisang\wp-blog-header.php(19): require_once('C:\\xampp\\htdocs...')
#4 C:\xampp\htdocs\anhhaisang\index.php(17): require('C:\\xampp\\htdocs...')
#5 {main}
  thrown in C:\xampp\htdocs\anhhaisang\wp-content\themes\demo\searchform.php on line 13

2020-04-02T09:25:52+00:00 CRITICAL Uncaught Error: Call to undefined function twentyseventeen_unique_id() in C:\xampp\htdocs\anhhaisang\wp-content\themes\demo\searchform.php:13
Stack trace:
#0 C:\xampp\htdocs\anhhaisang\wp-includes\general-template.php(258): require()
#1 C:\xampp\htdocs\anhhaisang\wp-content\themes\demo\404.php(26): get_search_form()
#2 C:\xampp\htdocs\anhhaisang\wp-includes\template-loader.php(98): include('C:\\xampp\\htdocs...')
#3 C:\xampp\htdocs\anhhaisang\wp-blog-header.php(19): require_once('C:\\xampp\\htdocs...')
#4 C:\xampp\htdocs\anhhaisang\index.php(17): require('C:\\xampp\\htdocs...')
#5 {main}
  thrown in C:\xampp\htdocs\anhhaisang\wp-content\themes\demo\searchform.php on line 13

2020-04-02T09:27:36+00:00 CRITICAL Uncaught Error: Call to undefined function twentyseventeen_unique_id() in C:\xampp\htdocs\anhhaisang\wp-content\themes\demo\searchform.php:13
Stack trace:
#0 C:\xampp\htdocs\anhhaisang\wp-includes\general-template.php(258): require()
#1 C:\xampp\htdocs\anhhaisang\wp-content\themes\demo\404.php(26): get_search_form()
#2 C:\xampp\htdocs\anhhaisang\wp-includes\template-loader.php(98): include('C:\\xampp\\htdocs...')
#3 C:\xampp\htdocs\anhhaisang\wp-blog-header.php(19): require_once('C:\\xampp\\htdocs...')
#4 C:\xampp\htdocs\anhhaisang\index.php(17): require('C:\\xampp\\htdocs...')
#5 {main}
  thrown in C:\xampp\htdocs\anhhaisang\wp-content\themes\demo\searchform.php on line 13

2020-04-02T09:27:39+00:00 CRITICAL Uncaught Error: Call to undefined function twentyseventeen_unique_id() in C:\xampp\htdocs\anhhaisang\wp-content\themes\demo\searchform.php:13
Stack trace:
#0 C:\xampp\htdocs\anhhaisang\wp-includes\general-template.php(258): require()
#1 C:\xampp\htdocs\anhhaisang\wp-content\themes\demo\404.php(26): get_search_form()
#2 C:\xampp\htdocs\anhhaisang\wp-includes\template-loader.php(98): include('C:\\xampp\\htdocs...')
#3 C:\xampp\htdocs\anhhaisang\wp-blog-header.php(19): require_once('C:\\xampp\\htdocs...')
#4 C:\xampp\htdocs\anhhaisang\index.php(17): require('C:\\xampp\\htdocs...')
#5 {main}
  thrown in C:\xampp\htdocs\anhhaisang\wp-content\themes\demo\searchform.php on line 13

2020-04-02T09:27:42+00:00 CRITICAL Uncaught Error: Call to undefined function twentyseventeen_unique_id() in C:\xampp\htdocs\anhhaisang\wp-content\themes\demo\searchform.php:13
Stack trace:
#0 C:\xampp\htdocs\anhhaisang\wp-includes\general-template.php(258): require()
#1 C:\xampp\htdocs\anhhaisang\wp-content\themes\demo\404.php(26): get_search_form()
#2 C:\xampp\htdocs\anhhaisang\wp-includes\template-loader.php(98): include('C:\\xampp\\htdocs...')
#3 C:\xampp\htdocs\anhhaisang\wp-blog-header.php(19): require_once('C:\\xampp\\htdocs...')
#4 C:\xampp\htdocs\anhhaisang\index.php(17): require('C:\\xampp\\htdocs...')
#5 {main}
  thrown in C:\xampp\htdocs\anhhaisang\wp-content\themes\demo\searchform.php on line 13

2020-04-02T09:27:58+00:00 CRITICAL Uncaught Error: Call to undefined function twentyseventeen_unique_id() in C:\xampp\htdocs\anhhaisang\wp-content\themes\demo\searchform.php:13
Stack trace:
#0 C:\xampp\htdocs\anhhaisang\wp-includes\general-template.php(258): require()
#1 C:\xampp\htdocs\anhhaisang\wp-content\themes\demo\404.php(26): get_search_form()
#2 C:\xampp\htdocs\anhhaisang\wp-includes\template-loader.php(98): include('C:\\xampp\\htdocs...')
#3 C:\xampp\htdocs\anhhaisang\wp-blog-header.php(19): require_once('C:\\xampp\\htdocs...')
#4 C:\xampp\htdocs\anhhaisang\index.php(17): require('C:\\xampp\\htdocs...')
#5 {main}
  thrown in C:\xampp\htdocs\anhhaisang\wp-content\themes\demo\searchform.php on line 13

2020-04-02T09:31:12+00:00 CRITICAL Uncaught Error: Call to undefined function twentyseventeen_unique_id() in C:\xampp\htdocs\anhhaisang\wp-content\themes\demo\searchform.php:13
Stack trace:
#0 C:\xampp\htdocs\anhhaisang\wp-includes\general-template.php(258): require()
#1 C:\xampp\htdocs\anhhaisang\wp-content\themes\demo\404.php(26): get_search_form()
#2 C:\xampp\htdocs\anhhaisang\wp-includes\template-loader.php(98): include('C:\\xampp\\htdocs...')
#3 C:\xampp\htdocs\anhhaisang\wp-blog-header.php(19): require_once('C:\\xampp\\htdocs...')
#4 C:\xampp\htdocs\anhhaisang\index.php(17): require('C:\\xampp\\htdocs...')
#5 {main}
  thrown in C:\xampp\htdocs\anhhaisang\wp-content\themes\demo\searchform.php on line 13

2020-04-02T09:31:14+00:00 CRITICAL Uncaught Error: Call to undefined function twentyseventeen_unique_id() in C:\xampp\htdocs\anhhaisang\wp-content\themes\demo\searchform.php:13
Stack trace:
#0 C:\xampp\htdocs\anhhaisang\wp-includes\general-template.php(258): require()
#1 C:\xampp\htdocs\anhhaisang\wp-content\themes\demo\404.php(26): get_search_form()
#2 C:\xampp\htdocs\anhhaisang\wp-includes\template-loader.php(98): include('C:\\xampp\\htdocs...')
#3 C:\xampp\htdocs\anhhaisang\wp-blog-header.php(19): require_once('C:\\xampp\\htdocs...')
#4 C:\xampp\htdocs\anhhaisang\index.php(17): require('C:\\xampp\\htdocs...')
#5 {main}
  thrown in C:\xampp\htdocs\anhhaisang\wp-content\themes\demo\searchform.php on line 13

2020-04-02T09:31:16+00:00 CRITICAL Uncaught Error: Call to undefined function twentyseventeen_unique_id() in C:\xampp\htdocs\anhhaisang\wp-content\themes\demo\searchform.php:13
Stack trace:
#0 C:\xampp\htdocs\anhhaisang\wp-includes\general-template.php(258): require()
#1 C:\xampp\htdocs\anhhaisang\wp-content\themes\demo\404.php(26): get_search_form()
#2 C:\xampp\htdocs\anhhaisang\wp-includes\template-loader.php(98): include('C:\\xampp\\htdocs...')
#3 C:\xampp\htdocs\anhhaisang\wp-blog-header.php(19): require_once('C:\\xampp\\htdocs...')
#4 C:\xampp\htdocs\anhhaisang\index.php(17): require('C:\\xampp\\htdocs...')
#5 {main}
  thrown in C:\xampp\htdocs\anhhaisang\wp-content\themes\demo\searchform.php on line 13

2020-04-02T09:31:34+00:00 CRITICAL Uncaught Error: Call to undefined function twentyseventeen_unique_id() in C:\xampp\htdocs\anhhaisang\wp-content\themes\demo\searchform.php:13
Stack trace:
#0 C:\xampp\htdocs\anhhaisang\wp-includes\general-template.php(258): require()
#1 C:\xampp\htdocs\anhhaisang\wp-content\themes\demo\404.php(26): get_search_form()
#2 C:\xampp\htdocs\anhhaisang\wp-includes\template-loader.php(98): include('C:\\xampp\\htdocs...')
#3 C:\xampp\htdocs\anhhaisang\wp-blog-header.php(19): require_once('C:\\xampp\\htdocs...')
#4 C:\xampp\htdocs\anhhaisang\index.php(17): require('C:\\xampp\\htdocs...')
#5 {main}
  thrown in C:\xampp\htdocs\anhhaisang\wp-content\themes\demo\searchform.php on line 13

2020-04-02T09:31:37+00:00 CRITICAL Uncaught Error: Call to undefined function twentyseventeen_unique_id() in C:\xampp\htdocs\anhhaisang\wp-content\themes\demo\searchform.php:13
Stack trace:
#0 C:\xampp\htdocs\anhhaisang\wp-includes\general-template.php(258): require()
#1 C:\xampp\htdocs\anhhaisang\wp-content\themes\demo\404.php(26): get_search_form()
#2 C:\xampp\htdocs\anhhaisang\wp-includes\template-loader.php(98): include('C:\\xampp\\htdocs...')
#3 C:\xampp\htdocs\anhhaisang\wp-blog-header.php(19): require_once('C:\\xampp\\htdocs...')
#4 C:\xampp\htdocs\anhhaisang\index.php(17): require('C:\\xampp\\htdocs...')
#5 {main}
  thrown in C:\xampp\htdocs\anhhaisang\wp-content\themes\demo\searchform.php on line 13

2020-04-02T09:31:39+00:00 CRITICAL Uncaught Error: Call to undefined function twentyseventeen_unique_id() in C:\xampp\htdocs\anhhaisang\wp-content\themes\demo\searchform.php:13
Stack trace:
#0 C:\xampp\htdocs\anhhaisang\wp-includes\general-template.php(258): require()
#1 C:\xampp\htdocs\anhhaisang\wp-content\themes\demo\404.php(26): get_search_form()
#2 C:\xampp\htdocs\anhhaisang\wp-includes\template-loader.php(98): include('C:\\xampp\\htdocs...')
#3 C:\xampp\htdocs\anhhaisang\wp-blog-header.php(19): require_once('C:\\xampp\\htdocs...')
#4 C:\xampp\htdocs\anhhaisang\index.php(17): require('C:\\xampp\\htdocs...')
#5 {main}
  thrown in C:\xampp\htdocs\anhhaisang\wp-content\themes\demo\searchform.php on line 13

2020-04-02T09:31:45+00:00 CRITICAL Uncaught Error: Call to undefined function twentyseventeen_unique_id() in C:\xampp\htdocs\anhhaisang\wp-content\themes\demo\searchform.php:13
Stack trace:
#0 C:\xampp\htdocs\anhhaisang\wp-includes\general-template.php(258): require()
#1 C:\xampp\htdocs\anhhaisang\wp-content\themes\demo\404.php(26): get_search_form()
#2 C:\xampp\htdocs\anhhaisang\wp-includes\template-loader.php(98): include('C:\\xampp\\htdocs...')
#3 C:\xampp\htdocs\anhhaisang\wp-blog-header.php(19): require_once('C:\\xampp\\htdocs...')
#4 C:\xampp\htdocs\anhhaisang\index.php(17): require('C:\\xampp\\htdocs...')
#5 {main}
  thrown in C:\xampp\htdocs\anhhaisang\wp-content\themes\demo\searchform.php on line 13

2020-04-02T09:36:54+00:00 CRITICAL Uncaught Error: Call to undefined function twentyseventeen_unique_id() in C:\xampp\htdocs\anhhaisang\wp-content\themes\demo\searchform.php:13
Stack trace:
#0 C:\xampp\htdocs\anhhaisang\wp-includes\general-template.php(258): require()
#1 C:\xampp\htdocs\anhhaisang\wp-content\themes\demo\404.php(26): get_search_form()
#2 C:\xampp\htdocs\anhhaisang\wp-includes\template-loader.php(98): include('C:\\xampp\\htdocs...')
#3 C:\xampp\htdocs\anhhaisang\wp-blog-header.php(19): require_once('C:\\xampp\\htdocs...')
#4 C:\xampp\htdocs\anhhaisang\index.php(17): require('C:\\xampp\\htdocs...')
#5 {main}
  thrown in C:\xampp\htdocs\anhhaisang\wp-content\themes\demo\searchform.php on line 13

2020-04-02T09:36:55+00:00 CRITICAL Uncaught Error: Call to undefined function twentyseventeen_unique_id() in C:\xampp\htdocs\anhhaisang\wp-content\themes\demo\searchform.php:13
Stack trace:
#0 C:\xampp\htdocs\anhhaisang\wp-includes\general-template.php(258): require()
#1 C:\xampp\htdocs\anhhaisang\wp-content\themes\demo\404.php(26): get_search_form()
#2 C:\xampp\htdocs\anhhaisang\wp-includes\template-loader.php(98): include('C:\\xampp\\htdocs...')
#3 C:\xampp\htdocs\anhhaisang\wp-blog-header.php(19): require_once('C:\\xampp\\htdocs...')
#4 C:\xampp\htdocs\anhhaisang\index.php(17): require('C:\\xampp\\htdocs...')
#5 {main}
  thrown in C:\xampp\htdocs\anhhaisang\wp-content\themes\demo\searchform.php on line 13

2020-04-02T09:36:56+00:00 CRITICAL Uncaught Error: Call to undefined function twentyseventeen_unique_id() in C:\xampp\htdocs\anhhaisang\wp-content\themes\demo\searchform.php:13
Stack trace:
#0 C:\xampp\htdocs\anhhaisang\wp-includes\general-template.php(258): require()
#1 C:\xampp\htdocs\anhhaisang\wp-content\themes\demo\404.php(26): get_search_form()
#2 C:\xampp\htdocs\anhhaisang\wp-includes\template-loader.php(98): include('C:\\xampp\\htdocs...')
#3 C:\xampp\htdocs\anhhaisang\wp-blog-header.php(19): require_once('C:\\xampp\\htdocs...')
#4 C:\xampp\htdocs\anhhaisang\index.php(17): require('C:\\xampp\\htdocs...')
#5 {main}
  thrown in C:\xampp\htdocs\anhhaisang\wp-content\themes\demo\searchform.php on line 13

2020-04-02T09:36:59+00:00 CRITICAL Uncaught Error: Call to undefined function twentyseventeen_unique_id() in C:\xampp\htdocs\anhhaisang\wp-content\themes\demo\searchform.php:13
Stack trace:
#0 C:\xampp\htdocs\anhhaisang\wp-includes\general-template.php(258): require()
#1 C:\xampp\htdocs\anhhaisang\wp-content\themes\demo\404.php(26): get_search_form()
#2 C:\xampp\htdocs\anhhaisang\wp-includes\template-loader.php(98): include('C:\\xampp\\htdocs...')
#3 C:\xampp\htdocs\anhhaisang\wp-blog-header.php(19): require_once('C:\\xampp\\htdocs...')
#4 C:\xampp\htdocs\anhhaisang\index.php(17): require('C:\\xampp\\htdocs...')
#5 {main}
  thrown in C:\xampp\htdocs\anhhaisang\wp-content\themes\demo\searchform.php on line 13

2020-04-02T09:37:08+00:00 CRITICAL Uncaught Error: Call to undefined function twentyseventeen_unique_id() in C:\xampp\htdocs\anhhaisang\wp-content\themes\demo\searchform.php:13
Stack trace:
#0 C:\xampp\htdocs\anhhaisang\wp-includes\general-template.php(258): require()
#1 C:\xampp\htdocs\anhhaisang\wp-content\themes\demo\404.php(26): get_search_form()
#2 C:\xampp\htdocs\anhhaisang\wp-includes\template-loader.php(98): include('C:\\xampp\\htdocs...')
#3 C:\xampp\htdocs\anhhaisang\wp-blog-header.php(19): require_once('C:\\xampp\\htdocs...')
#4 C:\xampp\htdocs\anhhaisang\index.php(17): require('C:\\xampp\\htdocs...')
#5 {main}
  thrown in C:\xampp\htdocs\anhhaisang\wp-content\themes\demo\searchform.php on line 13

2020-04-02T09:38:14+00:00 CRITICAL Uncaught Error: Call to undefined function twentyseventeen_unique_id() in C:\xampp\htdocs\anhhaisang\wp-content\themes\demo\searchform.php:13
Stack trace:
#0 C:\xampp\htdocs\anhhaisang\wp-includes\general-template.php(258): require()
#1 C:\xampp\htdocs\anhhaisang\wp-content\themes\demo\404.php(26): get_search_form()
#2 C:\xampp\htdocs\anhhaisang\wp-includes\template-loader.php(98): include('C:\\xampp\\htdocs...')
#3 C:\xampp\htdocs\anhhaisang\wp-blog-header.php(19): require_once('C:\\xampp\\htdocs...')
#4 C:\xampp\htdocs\anhhaisang\index.php(17): require('C:\\xampp\\htdocs...')
#5 {main}
  thrown in C:\xampp\htdocs\anhhaisang\wp-content\themes\demo\searchform.php on line 13

2020-04-02T09:38:34+00:00 CRITICAL Uncaught Error: Call to undefined function twentyseventeen_unique_id() in C:\xampp\htdocs\anhhaisang\wp-content\themes\demo\searchform.php:13
Stack trace:
#0 C:\xampp\htdocs\anhhaisang\wp-includes\general-template.php(258): require()
#1 C:\xampp\htdocs\anhhaisang\wp-content\themes\demo\404.php(26): get_search_form()
#2 C:\xampp\htdocs\anhhaisang\wp-includes\template-loader.php(98): include('C:\\xampp\\htdocs...')
#3 C:\xampp\htdocs\anhhaisang\wp-blog-header.php(19): require_once('C:\\xampp\\htdocs...')
#4 C:\xampp\htdocs\anhhaisang\index.php(17): require('C:\\xampp\\htdocs...')
#5 {main}
  thrown in C:\xampp\htdocs\anhhaisang\wp-content\themes\demo\searchform.php on line 13

2020-04-02T09:38:36+00:00 CRITICAL Uncaught Error: Call to undefined function twentyseventeen_unique_id() in C:\xampp\htdocs\anhhaisang\wp-content\themes\demo\searchform.php:13
Stack trace:
#0 C:\xampp\htdocs\anhhaisang\wp-includes\general-template.php(258): require()
#1 C:\xampp\htdocs\anhhaisang\wp-content\themes\demo\404.php(26): get_search_form()
#2 C:\xampp\htdocs\anhhaisang\wp-includes\template-loader.php(98): include('C:\\xampp\\htdocs...')
#3 C:\xampp\htdocs\anhhaisang\wp-blog-header.php(19): require_once('C:\\xampp\\htdocs...')
#4 C:\xampp\htdocs\anhhaisang\index.php(17): require('C:\\xampp\\htdocs...')
#5 {main}
  thrown in C:\xampp\htdocs\anhhaisang\wp-content\themes\demo\searchform.php on line 13

2020-04-02T09:38:38+00:00 CRITICAL Uncaught Error: Call to undefined function twentyseventeen_unique_id() in C:\xampp\htdocs\anhhaisang\wp-content\themes\demo\searchform.php:13
Stack trace:
#0 C:\xampp\htdocs\anhhaisang\wp-includes\general-template.php(258): require()
#1 C:\xampp\htdocs\anhhaisang\wp-content\themes\demo\404.php(26): get_search_form()
#2 C:\xampp\htdocs\anhhaisang\wp-includes\template-loader.php(98): include('C:\\xampp\\htdocs...')
#3 C:\xampp\htdocs\anhhaisang\wp-blog-header.php(19): require_once('C:\\xampp\\htdocs...')
#4 C:\xampp\htdocs\anhhaisang\index.php(17): require('C:\\xampp\\htdocs...')
#5 {main}
  thrown in C:\xampp\htdocs\anhhaisang\wp-content\themes\demo\searchform.php on line 13

2020-04-02T09:39:51+00:00 CRITICAL Uncaught Error: Call to undefined function twentyseventeen_unique_id() in C:\xampp\htdocs\anhhaisang\wp-content\themes\demo\searchform.php:13
Stack trace:
#0 C:\xampp\htdocs\anhhaisang\wp-includes\general-template.php(258): require()
#1 C:\xampp\htdocs\anhhaisang\wp-content\themes\demo\404.php(26): get_search_form()
#2 C:\xampp\htdocs\anhhaisang\wp-includes\template-loader.php(98): include('C:\\xampp\\htdocs...')
#3 C:\xampp\htdocs\anhhaisang\wp-blog-header.php(19): require_once('C:\\xampp\\htdocs...')
#4 C:\xampp\htdocs\anhhaisang\index.php(17): require('C:\\xampp\\htdocs...')
#5 {main}
  thrown in C:\xampp\htdocs\anhhaisang\wp-content\themes\demo\searchform.php on line 13

2020-04-02T09:39:54+00:00 CRITICAL Uncaught Error: Call to undefined function twentyseventeen_unique_id() in C:\xampp\htdocs\anhhaisang\wp-content\themes\demo\searchform.php:13
Stack trace:
#0 C:\xampp\htdocs\anhhaisang\wp-includes\general-template.php(258): require()
#1 C:\xampp\htdocs\anhhaisang\wp-content\themes\demo\404.php(26): get_search_form()
#2 C:\xampp\htdocs\anhhaisang\wp-includes\template-loader.php(98): include('C:\\xampp\\htdocs...')
#3 C:\xampp\htdocs\anhhaisang\wp-blog-header.php(19): require_once('C:\\xampp\\htdocs...')
#4 C:\xampp\htdocs\anhhaisang\index.php(17): require('C:\\xampp\\htdocs...')
#5 {main}
  thrown in C:\xampp\htdocs\anhhaisang\wp-content\themes\demo\searchform.php on line 13

2020-04-02T09:39:56+00:00 CRITICAL Uncaught Error: Call to undefined function twentyseventeen_unique_id() in C:\xampp\htdocs\anhhaisang\wp-content\themes\demo\searchform.php:13
Stack trace:
#0 C:\xampp\htdocs\anhhaisang\wp-includes\general-template.php(258): require()
#1 C:\xampp\htdocs\anhhaisang\wp-content\themes\demo\404.php(26): get_search_form()
#2 C:\xampp\htdocs\anhhaisang\wp-includes\template-loader.php(98): include('C:\\xampp\\htdocs...')
#3 C:\xampp\htdocs\anhhaisang\wp-blog-header.php(19): require_once('C:\\xampp\\htdocs...')
#4 C:\xampp\htdocs\anhhaisang\index.php(17): require('C:\\xampp\\htdocs...')
#5 {main}
  thrown in C:\xampp\htdocs\anhhaisang\wp-content\themes\demo\searchform.php on line 13

2020-04-02T09:42:01+00:00 CRITICAL Uncaught Error: Call to undefined function twentyseventeen_unique_id() in C:\xampp\htdocs\anhhaisang\wp-content\themes\demo\searchform.php:13
Stack trace:
#0 C:\xampp\htdocs\anhhaisang\wp-includes\general-template.php(258): require()
#1 C:\xampp\htdocs\anhhaisang\wp-content\themes\demo\404.php(26): get_search_form()
#2 C:\xampp\htdocs\anhhaisang\wp-includes\template-loader.php(98): include('C:\\xampp\\htdocs...')
#3 C:\xampp\htdocs\anhhaisang\wp-blog-header.php(19): require_once('C:\\xampp\\htdocs...')
#4 C:\xampp\htdocs\anhhaisang\index.php(17): require('C:\\xampp\\htdocs...')
#5 {main}
  thrown in C:\xampp\htdocs\anhhaisang\wp-content\themes\demo\searchform.php on line 13

2020-04-02T09:43:30+00:00 CRITICAL Uncaught Error: Call to undefined function twentyseventeen_unique_id() in C:\xampp\htdocs\anhhaisang\wp-content\themes\demo\searchform.php:13
Stack trace:
#0 C:\xampp\htdocs\anhhaisang\wp-includes\general-template.php(258): require()
#1 C:\xampp\htdocs\anhhaisang\wp-content\themes\demo\404.php(26): get_search_form()
#2 C:\xampp\htdocs\anhhaisang\wp-includes\template-loader.php(98): include('C:\\xampp\\htdocs...')
#3 C:\xampp\htdocs\anhhaisang\wp-blog-header.php(19): require_once('C:\\xampp\\htdocs...')
#4 C:\xampp\htdocs\anhhaisang\index.php(17): require('C:\\xampp\\htdocs...')
#5 {main}
  thrown in C:\xampp\htdocs\anhhaisang\wp-content\themes\demo\searchform.php on line 13

2020-04-02T09:43:32+00:00 CRITICAL Uncaught Error: Call to undefined function twentyseventeen_unique_id() in C:\xampp\htdocs\anhhaisang\wp-content\themes\demo\searchform.php:13
Stack trace:
#0 C:\xampp\htdocs\anhhaisang\wp-includes\general-template.php(258): require()
#1 C:\xampp\htdocs\anhhaisang\wp-content\themes\demo\404.php(26): get_search_form()
#2 C:\xampp\htdocs\anhhaisang\wp-includes\template-loader.php(98): include('C:\\xampp\\htdocs...')
#3 C:\xampp\htdocs\anhhaisang\wp-blog-header.php(19): require_once('C:\\xampp\\htdocs...')
#4 C:\xampp\htdocs\anhhaisang\index.php(17): require('C:\\xampp\\htdocs...')
#5 {main}
  thrown in C:\xampp\htdocs\anhhaisang\wp-content\themes\demo\searchform.php on line 13

2020-04-02T09:43:34+00:00 CRITICAL Uncaught Error: Call to undefined function twentyseventeen_unique_id() in C:\xampp\htdocs\anhhaisang\wp-content\themes\demo\searchform.php:13
Stack trace:
#0 C:\xampp\htdocs\anhhaisang\wp-includes\general-template.php(258): require()
#1 C:\xampp\htdocs\anhhaisang\wp-content\themes\demo\404.php(26): get_search_form()
#2 C:\xampp\htdocs\anhhaisang\wp-includes\template-loader.php(98): include('C:\\xampp\\htdocs...')
#3 C:\xampp\htdocs\anhhaisang\wp-blog-header.php(19): require_once('C:\\xampp\\htdocs...')
#4 C:\xampp\htdocs\anhhaisang\index.php(17): require('C:\\xampp\\htdocs...')
#5 {main}
  thrown in C:\xampp\htdocs\anhhaisang\wp-content\themes\demo\searchform.php on line 13

2020-04-02T09:44:01+00:00 CRITICAL Uncaught Error: Call to undefined function twentyseventeen_unique_id() in C:\xampp\htdocs\anhhaisang\wp-content\themes\demo\searchform.php:13
Stack trace:
#0 C:\xampp\htdocs\anhhaisang\wp-includes\general-template.php(258): require()
#1 C:\xampp\htdocs\anhhaisang\wp-content\themes\demo\404.php(26): get_search_form()
#2 C:\xampp\htdocs\anhhaisang\wp-includes\template-loader.php(98): include('C:\\xampp\\htdocs...')
#3 C:\xampp\htdocs\anhhaisang\wp-blog-header.php(19): require_once('C:\\xampp\\htdocs...')
#4 C:\xampp\htdocs\anhhaisang\index.php(17): require('C:\\xampp\\htdocs...')
#5 {main}
  thrown in C:\xampp\htdocs\anhhaisang\wp-content\themes\demo\searchform.php on line 13

2020-04-02T09:44:13+00:00 CRITICAL Uncaught Error: Call to undefined function twentyseventeen_unique_id() in C:\xampp\htdocs\anhhaisang\wp-content\themes\demo\searchform.php:13
Stack trace:
#0 C:\xampp\htdocs\anhhaisang\wp-includes\general-template.php(258): require()
#1 C:\xampp\htdocs\anhhaisang\wp-content\themes\demo\404.php(26): get_search_form()
#2 C:\xampp\htdocs\anhhaisang\wp-includes\template-loader.php(98): include('C:\\xampp\\htdocs...')
#3 C:\xampp\htdocs\anhhaisang\wp-blog-header.php(19): require_once('C:\\xampp\\htdocs...')
#4 C:\xampp\htdocs\anhhaisang\index.php(17): require('C:\\xampp\\htdocs...')
#5 {main}
  thrown in C:\xampp\htdocs\anhhaisang\wp-content\themes\demo\searchform.php on line 13

2020-04-02T09:44:16+00:00 CRITICAL Uncaught Error: Call to undefined function twentyseventeen_unique_id() in C:\xampp\htdocs\anhhaisang\wp-content\themes\demo\searchform.php:13
Stack trace:
#0 C:\xampp\htdocs\anhhaisang\wp-includes\general-template.php(258): require()
#1 C:\xampp\htdocs\anhhaisang\wp-content\themes\demo\404.php(26): get_search_form()
#2 C:\xampp\htdocs\anhhaisang\wp-includes\template-loader.php(98): include('C:\\xampp\\htdocs...')
#3 C:\xampp\htdocs\anhhaisang\wp-blog-header.php(19): require_once('C:\\xampp\\htdocs...')
#4 C:\xampp\htdocs\anhhaisang\index.php(17): require('C:\\xampp\\htdocs...')
#5 {main}
  thrown in C:\xampp\htdocs\anhhaisang\wp-content\themes\demo\searchform.php on line 13

2020-04-02T09:44:18+00:00 CRITICAL Uncaught Error: Call to undefined function twentyseventeen_unique_id() in C:\xampp\htdocs\anhhaisang\wp-content\themes\demo\searchform.php:13
Stack trace:
#0 C:\xampp\htdocs\anhhaisang\wp-includes\general-template.php(258): require()
#1 C:\xampp\htdocs\anhhaisang\wp-content\themes\demo\404.php(26): get_search_form()
#2 C:\xampp\htdocs\anhhaisang\wp-includes\template-loader.php(98): include('C:\\xampp\\htdocs...')
#3 C:\xampp\htdocs\anhhaisang\wp-blog-header.php(19): require_once('C:\\xampp\\htdocs...')
#4 C:\xampp\htdocs\anhhaisang\index.php(17): require('C:\\xampp\\htdocs...')
#5 {main}
  thrown in C:\xampp\htdocs\anhhaisang\wp-content\themes\demo\searchform.php on line 13

2020-04-02T09:44:39+00:00 CRITICAL Uncaught Error: Call to undefined function twentyseventeen_unique_id() in C:\xampp\htdocs\anhhaisang\wp-content\themes\demo\searchform.php:13
Stack trace:
#0 C:\xampp\htdocs\anhhaisang\wp-includes\general-template.php(258): require()
#1 C:\xampp\htdocs\anhhaisang\wp-content\themes\demo\404.php(26): get_search_form()
#2 C:\xampp\htdocs\anhhaisang\wp-includes\template-loader.php(98): include('C:\\xampp\\htdocs...')
#3 C:\xampp\htdocs\anhhaisang\wp-blog-header.php(19): require_once('C:\\xampp\\htdocs...')
#4 C:\xampp\htdocs\anhhaisang\index.php(17): require('C:\\xampp\\htdocs...')
#5 {main}
  thrown in C:\xampp\htdocs\anhhaisang\wp-content\themes\demo\searchform.php on line 13

2020-04-02T09:51:13+00:00 CRITICAL Uncaught Error: Call to undefined function twentyseventeen_unique_id() in C:\xampp\htdocs\anhhaisang\wp-content\themes\demo\searchform.php:13
Stack trace:
#0 C:\xampp\htdocs\anhhaisang\wp-includes\general-template.php(258): require()
#1 C:\xampp\htdocs\anhhaisang\wp-content\themes\demo\404.php(26): get_search_form()
#2 C:\xampp\htdocs\anhhaisang\wp-includes\template-loader.php(98): include('C:\\xampp\\htdocs...')
#3 C:\xampp\htdocs\anhhaisang\wp-blog-header.php(19): require_once('C:\\xampp\\htdocs...')
#4 C:\xampp\htdocs\anhhaisang\index.php(17): require('C:\\xampp\\htdocs...')
#5 {main}
  thrown in C:\xampp\htdocs\anhhaisang\wp-content\themes\demo\searchform.php on line 13

2020-04-02T10:03:39+00:00 CRITICAL Uncaught Error: Call to undefined function twentyseventeen_unique_id() in C:\xampp\htdocs\anhhaisang\wp-content\themes\demo\searchform.php:13
Stack trace:
#0 C:\xampp\htdocs\anhhaisang\wp-includes\general-template.php(258): require()
#1 C:\xampp\htdocs\anhhaisang\wp-content\themes\demo\404.php(26): get_search_form()
#2 C:\xampp\htdocs\anhhaisang\wp-includes\template-loader.php(98): include('C:\\xampp\\htdocs...')
#3 C:\xampp\htdocs\anhhaisang\wp-blog-header.php(19): require_once('C:\\xampp\\htdocs...')
#4 C:\xampp\htdocs\anhhaisang\index.php(17): require('C:\\xampp\\htdocs...')
#5 {main}
  thrown in C:\xampp\htdocs\anhhaisang\wp-content\themes\demo\searchform.php on line 13

2020-04-02T10:03:40+00:00 CRITICAL Uncaught Error: Call to undefined function twentyseventeen_unique_id() in C:\xampp\htdocs\anhhaisang\wp-content\themes\demo\searchform.php:13
Stack trace:
#0 C:\xampp\htdocs\anhhaisang\wp-includes\general-template.php(258): require()
#1 C:\xampp\htdocs\anhhaisang\wp-content\themes\demo\404.php(26): get_search_form()
#2 C:\xampp\htdocs\anhhaisang\wp-includes\template-loader.php(98): include('C:\\xampp\\htdocs...')
#3 C:\xampp\htdocs\anhhaisang\wp-blog-header.php(19): require_once('C:\\xampp\\htdocs...')
#4 C:\xampp\htdocs\anhhaisang\index.php(17): require('C:\\xampp\\htdocs...')
#5 {main}
  thrown in C:\xampp\htdocs\anhhaisang\wp-content\themes\demo\searchform.php on line 13

2020-04-02T10:03:41+00:00 CRITICAL Uncaught Error: Call to undefined function twentyseventeen_unique_id() in C:\xampp\htdocs\anhhaisang\wp-content\themes\demo\searchform.php:13
Stack trace:
#0 C:\xampp\htdocs\anhhaisang\wp-includes\general-template.php(258): require()
#1 C:\xampp\htdocs\anhhaisang\wp-content\themes\demo\404.php(26): get_search_form()
#2 C:\xampp\htdocs\anhhaisang\wp-includes\template-loader.php(98): include('C:\\xampp\\htdocs...')
#3 C:\xampp\htdocs\anhhaisang\wp-blog-header.php(19): require_once('C:\\xampp\\htdocs...')
#4 C:\xampp\htdocs\anhhaisang\index.php(17): require('C:\\xampp\\htdocs...')
#5 {main}
  thrown in C:\xampp\htdocs\anhhaisang\wp-content\themes\demo\searchform.php on line 13

2020-04-02T10:03:43+00:00 CRITICAL Uncaught Error: Call to undefined function twentyseventeen_unique_id() in C:\xampp\htdocs\anhhaisang\wp-content\themes\demo\searchform.php:13
Stack trace:
#0 C:\xampp\htdocs\anhhaisang\wp-includes\general-template.php(258): require()
#1 C:\xampp\htdocs\anhhaisang\wp-content\themes\demo\404.php(26): get_search_form()
#2 C:\xampp\htdocs\anhhaisang\wp-includes\template-loader.php(98): include('C:\\xampp\\htdocs...')
#3 C:\xampp\htdocs\anhhaisang\wp-blog-header.php(19): require_once('C:\\xampp\\htdocs...')
#4 C:\xampp\htdocs\anhhaisang\index.php(17): require('C:\\xampp\\htdocs...')
#5 {main}
  thrown in C:\xampp\htdocs\anhhaisang\wp-content\themes\demo\searchform.php on line 13

2020-04-02T10:05:02+00:00 CRITICAL Uncaught Error: Call to undefined function twentyseventeen_unique_id() in C:\xampp\htdocs\anhhaisang\wp-content\themes\demo\searchform.php:13
Stack trace:
#0 C:\xampp\htdocs\anhhaisang\wp-includes\general-template.php(258): require()
#1 C:\xampp\htdocs\anhhaisang\wp-content\themes\demo\404.php(26): get_search_form()
#2 C:\xampp\htdocs\anhhaisang\wp-includes\template-loader.php(98): include('C:\\xampp\\htdocs...')
#3 C:\xampp\htdocs\anhhaisang\wp-blog-header.php(19): require_once('C:\\xampp\\htdocs...')
#4 C:\xampp\htdocs\anhhaisang\index.php(17): require('C:\\xampp\\htdocs...')
#5 {main}
  thrown in C:\xampp\htdocs\anhhaisang\wp-content\themes\demo\searchform.php on line 13

2020-04-02T10:05:02+00:00 CRITICAL Uncaught Error: Call to undefined function twentyseventeen_unique_id() in C:\xampp\htdocs\anhhaisang\wp-content\themes\demo\searchform.php:13
Stack trace:
#0 C:\xampp\htdocs\anhhaisang\wp-includes\general-template.php(258): require()
#1 C:\xampp\htdocs\anhhaisang\wp-content\themes\demo\404.php(26): get_search_form()
#2 C:\xampp\htdocs\anhhaisang\wp-includes\template-loader.php(98): include('C:\\xampp\\htdocs...')
#3 C:\xampp\htdocs\anhhaisang\wp-blog-header.php(19): require_once('C:\\xampp\\htdocs...')
#4 C:\xampp\htdocs\anhhaisang\index.php(17): require('C:\\xampp\\htdocs...')
#5 {main}
  thrown in C:\xampp\htdocs\anhhaisang\wp-content\themes\demo\searchform.php on line 13

2020-04-02T10:05:04+00:00 CRITICAL Uncaught Error: Call to undefined function twentyseventeen_unique_id() in C:\xampp\htdocs\anhhaisang\wp-content\themes\demo\searchform.php:13
Stack trace:
#0 C:\xampp\htdocs\anhhaisang\wp-includes\general-template.php(258): require()
#1 C:\xampp\htdocs\anhhaisang\wp-content\themes\demo\404.php(26): get_search_form()
#2 C:\xampp\htdocs\anhhaisang\wp-includes\template-loader.php(98): include('C:\\xampp\\htdocs...')
#3 C:\xampp\htdocs\anhhaisang\wp-blog-header.php(19): require_once('C:\\xampp\\htdocs...')
#4 C:\xampp\htdocs\anhhaisang\index.php(17): require('C:\\xampp\\htdocs...')
#5 {main}
  thrown in C:\xampp\htdocs\anhhaisang\wp-content\themes\demo\searchform.php on line 13

2020-04-02T10:05:06+00:00 CRITICAL Uncaught Error: Call to undefined function twentyseventeen_unique_id() in C:\xampp\htdocs\anhhaisang\wp-content\themes\demo\searchform.php:13
Stack trace:
#0 C:\xampp\htdocs\anhhaisang\wp-includes\general-template.php(258): require()
#1 C:\xampp\htdocs\anhhaisang\wp-content\themes\demo\404.php(26): get_search_form()
#2 C:\xampp\htdocs\anhhaisang\wp-includes\template-loader.php(98): include('C:\\xampp\\htdocs...')
#3 C:\xampp\htdocs\anhhaisang\wp-blog-header.php(19): require_once('C:\\xampp\\htdocs...')
#4 C:\xampp\htdocs\anhhaisang\index.php(17): require('C:\\xampp\\htdocs...')
#5 {main}
  thrown in C:\xampp\htdocs\anhhaisang\wp-content\themes\demo\searchform.php on line 13

2020-04-02T10:26:56+00:00 CRITICAL Uncaught Error: Call to undefined function twentyseventeen_unique_id() in C:\xampp\htdocs\anhhaisang\wp-content\themes\demo\searchform.php:13
Stack trace:
#0 C:\xampp\htdocs\anhhaisang\wp-includes\general-template.php(258): require()
#1 C:\xampp\htdocs\anhhaisang\wp-content\themes\demo\404.php(26): get_search_form()
#2 C:\xampp\htdocs\anhhaisang\wp-includes\template-loader.php(98): include('C:\\xampp\\htdocs...')
#3 C:\xampp\htdocs\anhhaisang\wp-blog-header.php(19): require_once('C:\\xampp\\htdocs...')
#4 C:\xampp\htdocs\anhhaisang\index.php(17): require('C:\\xampp\\htdocs...')
#5 {main}
  thrown in C:\xampp\htdocs\anhhaisang\wp-content\themes\demo\searchform.php on line 13

2020-04-02T10:26:58+00:00 CRITICAL Uncaught Error: Call to undefined function twentyseventeen_unique_id() in C:\xampp\htdocs\anhhaisang\wp-content\themes\demo\searchform.php:13
Stack trace:
#0 C:\xampp\htdocs\anhhaisang\wp-includes\general-template.php(258): require()
#1 C:\xampp\htdocs\anhhaisang\wp-content\themes\demo\404.php(26): get_search_form()
#2 C:\xampp\htdocs\anhhaisang\wp-includes\template-loader.php(98): include('C:\\xampp\\htdocs...')
#3 C:\xampp\htdocs\anhhaisang\wp-blog-header.php(19): require_once('C:\\xampp\\htdocs...')
#4 C:\xampp\htdocs\anhhaisang\index.php(17): require('C:\\xampp\\htdocs...')
#5 {main}
  thrown in C:\xampp\htdocs\anhhaisang\wp-content\themes\demo\searchform.php on line 13

2020-04-02T10:27:00+00:00 CRITICAL Uncaught Error: Call to undefined function twentyseventeen_unique_id() in C:\xampp\htdocs\anhhaisang\wp-content\themes\demo\searchform.php:13
Stack trace:
#0 C:\xampp\htdocs\anhhaisang\wp-includes\general-template.php(258): require()
#1 C:\xampp\htdocs\anhhaisang\wp-content\themes\demo\404.php(26): get_search_form()
#2 C:\xampp\htdocs\anhhaisang\wp-includes\template-loader.php(98): include('C:\\xampp\\htdocs...')
#3 C:\xampp\htdocs\anhhaisang\wp-blog-header.php(19): require_once('C:\\xampp\\htdocs...')
#4 C:\xampp\htdocs\anhhaisang\index.php(17): require('C:\\xampp\\htdocs...')
#5 {main}
  thrown in C:\xampp\htdocs\anhhaisang\wp-content\themes\demo\searchform.php on line 13

2020-04-02T10:30:54+00:00 CRITICAL Uncaught Error: Call to undefined function twentyseventeen_unique_id() in C:\xampp\htdocs\anhhaisang\wp-content\themes\demo\searchform.php:13
Stack trace:
#0 C:\xampp\htdocs\anhhaisang\wp-includes\general-template.php(258): require()
#1 C:\xampp\htdocs\anhhaisang\wp-content\themes\demo\404.php(26): get_search_form()
#2 C:\xampp\htdocs\anhhaisang\wp-includes\template-loader.php(98): include('C:\\xampp\\htdocs...')
#3 C:\xampp\htdocs\anhhaisang\wp-blog-header.php(19): require_once('C:\\xampp\\htdocs...')
#4 C:\xampp\htdocs\anhhaisang\index.php(17): require('C:\\xampp\\htdocs...')
#5 {main}
  thrown in C:\xampp\htdocs\anhhaisang\wp-content\themes\demo\searchform.php on line 13

2020-04-02T10:30:56+00:00 CRITICAL Uncaught Error: Call to undefined function twentyseventeen_unique_id() in C:\xampp\htdocs\anhhaisang\wp-content\themes\demo\searchform.php:13
Stack trace:
#0 C:\xampp\htdocs\anhhaisang\wp-includes\general-template.php(258): require()
#1 C:\xampp\htdocs\anhhaisang\wp-content\themes\demo\404.php(26): get_search_form()
#2 C:\xampp\htdocs\anhhaisang\wp-includes\template-loader.php(98): include('C:\\xampp\\htdocs...')
#3 C:\xampp\htdocs\anhhaisang\wp-blog-header.php(19): require_once('C:\\xampp\\htdocs...')
#4 C:\xampp\htdocs\anhhaisang\index.php(17): require('C:\\xampp\\htdocs...')
#5 {main}
  thrown in C:\xampp\htdocs\anhhaisang\wp-content\themes\demo\searchform.php on line 13

2020-04-02T10:30:58+00:00 CRITICAL Uncaught Error: Call to undefined function twentyseventeen_unique_id() in C:\xampp\htdocs\anhhaisang\wp-content\themes\demo\searchform.php:13
Stack trace:
#0 C:\xampp\htdocs\anhhaisang\wp-includes\general-template.php(258): require()
#1 C:\xampp\htdocs\anhhaisang\wp-content\themes\demo\404.php(26): get_search_form()
#2 C:\xampp\htdocs\anhhaisang\wp-includes\template-loader.php(98): include('C:\\xampp\\htdocs...')
#3 C:\xampp\htdocs\anhhaisang\wp-blog-header.php(19): require_once('C:\\xampp\\htdocs...')
#4 C:\xampp\htdocs\anhhaisang\index.php(17): require('C:\\xampp\\htdocs...')
#5 {main}
  thrown in C:\xampp\htdocs\anhhaisang\wp-content\themes\demo\searchform.php on line 13

2020-04-02T10:31:44+00:00 CRITICAL Uncaught Error: Call to undefined function twentyseventeen_unique_id() in C:\xampp\htdocs\anhhaisang\wp-content\themes\demo\searchform.php:13
Stack trace:
#0 C:\xampp\htdocs\anhhaisang\wp-includes\general-template.php(258): require()
#1 C:\xampp\htdocs\anhhaisang\wp-content\themes\demo\404.php(26): get_search_form()
#2 C:\xampp\htdocs\anhhaisang\wp-includes\template-loader.php(98): include('C:\\xampp\\htdocs...')
#3 C:\xampp\htdocs\anhhaisang\wp-blog-header.php(19): require_once('C:\\xampp\\htdocs...')
#4 C:\xampp\htdocs\anhhaisang\index.php(17): require('C:\\xampp\\htdocs...')
#5 {main}
  thrown in C:\xampp\htdocs\anhhaisang\wp-content\themes\demo\searchform.php on line 13

2020-04-02T10:35:21+00:00 CRITICAL Uncaught Error: Call to undefined function twentyseventeen_unique_id() in C:\xampp\htdocs\anhhaisang\wp-content\themes\demo\searchform.php:13
Stack trace:
#0 C:\xampp\htdocs\anhhaisang\wp-includes\general-template.php(258): require()
#1 C:\xampp\htdocs\anhhaisang\wp-content\themes\demo\404.php(26): get_search_form()
#2 C:\xampp\htdocs\anhhaisang\wp-includes\template-loader.php(98): include('C:\\xampp\\htdocs...')
#3 C:\xampp\htdocs\anhhaisang\wp-blog-header.php(19): require_once('C:\\xampp\\htdocs...')
#4 C:\xampp\htdocs\anhhaisang\index.php(17): require('C:\\xampp\\htdocs...')
#5 {main}
  thrown in C:\xampp\htdocs\anhhaisang\wp-content\themes\demo\searchform.php on line 13

2020-04-02T10:35:26+00:00 CRITICAL Uncaught Error: Call to undefined function twentyseventeen_unique_id() in C:\xampp\htdocs\anhhaisang\wp-content\themes\demo\searchform.php:13
Stack trace:
#0 C:\xampp\htdocs\anhhaisang\wp-includes\general-template.php(258): require()
#1 C:\xampp\htdocs\anhhaisang\wp-content\themes\demo\404.php(26): get_search_form()
#2 C:\xampp\htdocs\anhhaisang\wp-includes\template-loader.php(98): include('C:\\xampp\\htdocs...')
#3 C:\xampp\htdocs\anhhaisang\wp-blog-header.php(19): require_once('C:\\xampp\\htdocs...')
#4 C:\xampp\htdocs\anhhaisang\index.php(17): require('C:\\xampp\\htdocs...')
#5 {main}
  thrown in C:\xampp\htdocs\anhhaisang\wp-content\themes\demo\searchform.php on line 13

2020-04-02T10:35:29+00:00 CRITICAL Uncaught Error: Call to undefined function twentyseventeen_unique_id() in C:\xampp\htdocs\anhhaisang\wp-content\themes\demo\searchform.php:13
Stack trace:
#0 C:\xampp\htdocs\anhhaisang\wp-includes\general-template.php(258): require()
#1 C:\xampp\htdocs\anhhaisang\wp-content\themes\demo\404.php(26): get_search_form()
#2 C:\xampp\htdocs\anhhaisang\wp-includes\template-loader.php(98): include('C:\\xampp\\htdocs...')
#3 C:\xampp\htdocs\anhhaisang\wp-blog-header.php(19): require_once('C:\\xampp\\htdocs...')
#4 C:\xampp\htdocs\anhhaisang\index.php(17): require('C:\\xampp\\htdocs...')
#5 {main}
  thrown in C:\xampp\htdocs\anhhaisang\wp-content\themes\demo\searchform.php on line 13

2020-04-02T10:35:29+00:00 CRITICAL Uncaught Error: Call to undefined function twentyseventeen_unique_id() in C:\xampp\htdocs\anhhaisang\wp-content\themes\demo\searchform.php:13
Stack trace:
#0 C:\xampp\htdocs\anhhaisang\wp-includes\general-template.php(258): require()
#1 C:\xampp\htdocs\anhhaisang\wp-content\themes\demo\404.php(26): get_search_form()
#2 C:\xampp\htdocs\anhhaisang\wp-includes\template-loader.php(98): include('C:\\xampp\\htdocs...')
#3 C:\xampp\htdocs\anhhaisang\wp-blog-header.php(19): require_once('C:\\xampp\\htdocs...')
#4 C:\xampp\htdocs\anhhaisang\index.php(17): require('C:\\xampp\\htdocs...')
#5 {main}
  thrown in C:\xampp\htdocs\anhhaisang\wp-content\themes\demo\searchform.php on line 13

2020-04-02T10:37:45+00:00 CRITICAL Uncaught Error: Call to undefined function twentyseventeen_unique_id() in C:\xampp\htdocs\anhhaisang\wp-content\themes\demo\searchform.php:13
Stack trace:
#0 C:\xampp\htdocs\anhhaisang\wp-includes\general-template.php(258): require()
#1 C:\xampp\htdocs\anhhaisang\wp-content\themes\demo\404.php(26): get_search_form()
#2 C:\xampp\htdocs\anhhaisang\wp-includes\template-loader.php(98): include('C:\\xampp\\htdocs...')
#3 C:\xampp\htdocs\anhhaisang\wp-blog-header.php(19): require_once('C:\\xampp\\htdocs...')
#4 C:\xampp\htdocs\anhhaisang\index.php(17): require('C:\\xampp\\htdocs...')
#5 {main}
  thrown in C:\xampp\htdocs\anhhaisang\wp-content\themes\demo\searchform.php on line 13

2020-04-02T10:40:51+00:00 CRITICAL Uncaught Error: Call to undefined function twentyseventeen_unique_id() in C:\xampp\htdocs\anhhaisang\wp-content\themes\demo\searchform.php:13
Stack trace:
#0 C:\xampp\htdocs\anhhaisang\wp-includes\general-template.php(258): require()
#1 C:\xampp\htdocs\anhhaisang\wp-content\themes\demo\404.php(26): get_search_form()
#2 C:\xampp\htdocs\anhhaisang\wp-includes\template-loader.php(98): include('C:\\xampp\\htdocs...')
#3 C:\xampp\htdocs\anhhaisang\wp-blog-header.php(19): require_once('C:\\xampp\\htdocs...')
#4 C:\xampp\htdocs\anhhaisang\index.php(17): require('C:\\xampp\\htdocs...')
#5 {main}
  thrown in C:\xampp\htdocs\anhhaisang\wp-content\themes\demo\searchform.php on line 13

2020-04-02T10:40:53+00:00 CRITICAL Uncaught Error: Call to undefined function twentyseventeen_unique_id() in C:\xampp\htdocs\anhhaisang\wp-content\themes\demo\searchform.php:13
Stack trace:
#0 C:\xampp\htdocs\anhhaisang\wp-includes\general-template.php(258): require()
#1 C:\xampp\htdocs\anhhaisang\wp-content\themes\demo\404.php(26): get_search_form()
#2 C:\xampp\htdocs\anhhaisang\wp-includes\template-loader.php(98): include('C:\\xampp\\htdocs...')
#3 C:\xampp\htdocs\anhhaisang\wp-blog-header.php(19): require_once('C:\\xampp\\htdocs...')
#4 C:\xampp\htdocs\anhhaisang\index.php(17): require('C:\\xampp\\htdocs...')
#5 {main}
  thrown in C:\xampp\htdocs\anhhaisang\wp-content\themes\demo\searchform.php on line 13

2020-04-02T10:40:54+00:00 CRITICAL Uncaught Error: Call to undefined function twentyseventeen_unique_id() in C:\xampp\htdocs\anhhaisang\wp-content\themes\demo\searchform.php:13
Stack trace:
#0 C:\xampp\htdocs\anhhaisang\wp-includes\general-template.php(258): require()
#1 C:\xampp\htdocs\anhhaisang\wp-content\themes\demo\404.php(26): get_search_form()
#2 C:\xampp\htdocs\anhhaisang\wp-includes\template-loader.php(98): include('C:\\xampp\\htdocs...')
#3 C:\xampp\htdocs\anhhaisang\wp-blog-header.php(19): require_once('C:\\xampp\\htdocs...')
#4 C:\xampp\htdocs\anhhaisang\index.php(17): require('C:\\xampp\\htdocs...')
#5 {main}
  thrown in C:\xampp\htdocs\anhhaisang\wp-content\themes\demo\searchform.php on line 13

2020-04-02T10:40:56+00:00 CRITICAL Uncaught Error: Call to undefined function twentyseventeen_unique_id() in C:\xampp\htdocs\anhhaisang\wp-content\themes\demo\searchform.php:13
Stack trace:
#0 C:\xampp\htdocs\anhhaisang\wp-includes\general-template.php(258): require()
#1 C:\xampp\htdocs\anhhaisang\wp-content\themes\demo\404.php(26): get_search_form()
#2 C:\xampp\htdocs\anhhaisang\wp-includes\template-loader.php(98): include('C:\\xampp\\htdocs...')
#3 C:\xampp\htdocs\anhhaisang\wp-blog-header.php(19): require_once('C:\\xampp\\htdocs...')
#4 C:\xampp\htdocs\anhhaisang\index.php(17): require('C:\\xampp\\htdocs...')
#5 {main}
  thrown in C:\xampp\htdocs\anhhaisang\wp-content\themes\demo\searchform.php on line 13

2020-04-02T10:41:39+00:00 CRITICAL Uncaught Error: Call to undefined function twentyseventeen_unique_id() in C:\xampp\htdocs\anhhaisang\wp-content\themes\demo\searchform.php:13
Stack trace:
#0 C:\xampp\htdocs\anhhaisang\wp-includes\general-template.php(258): require()
#1 C:\xampp\htdocs\anhhaisang\wp-content\themes\demo\404.php(26): get_search_form()
#2 C:\xampp\htdocs\anhhaisang\wp-includes\template-loader.php(98): include('C:\\xampp\\htdocs...')
#3 C:\xampp\htdocs\anhhaisang\wp-blog-header.php(19): require_once('C:\\xampp\\htdocs...')
#4 C:\xampp\htdocs\anhhaisang\index.php(17): require('C:\\xampp\\htdocs...')
#5 {main}
  thrown in C:\xampp\htdocs\anhhaisang\wp-content\themes\demo\searchform.php on line 13

2020-04-02T10:41:40+00:00 CRITICAL Uncaught Error: Call to undefined function twentyseventeen_unique_id() in C:\xampp\htdocs\anhhaisang\wp-content\themes\demo\searchform.php:13
Stack trace:
#0 C:\xampp\htdocs\anhhaisang\wp-includes\general-template.php(258): require()
#1 C:\xampp\htdocs\anhhaisang\wp-content\themes\demo\404.php(26): get_search_form()
#2 C:\xampp\htdocs\anhhaisang\wp-includes\template-loader.php(98): include('C:\\xampp\\htdocs...')
#3 C:\xampp\htdocs\anhhaisang\wp-blog-header.php(19): require_once('C:\\xampp\\htdocs...')
#4 C:\xampp\htdocs\anhhaisang\index.php(17): require('C:\\xampp\\htdocs...')
#5 {main}
  thrown in C:\xampp\htdocs\anhhaisang\wp-content\themes\demo\searchform.php on line 13

2020-04-02T10:41:42+00:00 CRITICAL Uncaught Error: Call to undefined function twentyseventeen_unique_id() in C:\xampp\htdocs\anhhaisang\wp-content\themes\demo\searchform.php:13
Stack trace:
#0 C:\xampp\htdocs\anhhaisang\wp-includes\general-template.php(258): require()
#1 C:\xampp\htdocs\anhhaisang\wp-content\themes\demo\404.php(26): get_search_form()
#2 C:\xampp\htdocs\anhhaisang\wp-includes\template-loader.php(98): include('C:\\xampp\\htdocs...')
#3 C:\xampp\htdocs\anhhaisang\wp-blog-header.php(19): require_once('C:\\xampp\\htdocs...')
#4 C:\xampp\htdocs\anhhaisang\index.php(17): require('C:\\xampp\\htdocs...')
#5 {main}
  thrown in C:\xampp\htdocs\anhhaisang\wp-content\themes\demo\searchform.php on line 13

2020-04-02T10:41:45+00:00 CRITICAL Uncaught Error: Call to undefined function twentyseventeen_unique_id() in C:\xampp\htdocs\anhhaisang\wp-content\themes\demo\searchform.php:13
Stack trace:
#0 C:\xampp\htdocs\anhhaisang\wp-includes\general-template.php(258): require()
#1 C:\xampp\htdocs\anhhaisang\wp-content\themes\demo\404.php(26): get_search_form()
#2 C:\xampp\htdocs\anhhaisang\wp-includes\template-loader.php(98): include('C:\\xampp\\htdocs...')
#3 C:\xampp\htdocs\anhhaisang\wp-blog-header.php(19): require_once('C:\\xampp\\htdocs...')
#4 C:\xampp\htdocs\anhhaisang\index.php(17): require('C:\\xampp\\htdocs...')
#5 {main}
  thrown in C:\xampp\htdocs\anhhaisang\wp-content\themes\demo\searchform.php on line 13

2020-04-02T10:45:27+00:00 CRITICAL Uncaught Error: Call to undefined function twentyseventeen_unique_id() in C:\xampp\htdocs\anhhaisang\wp-content\themes\demo\searchform.php:13
Stack trace:
#0 C:\xampp\htdocs\anhhaisang\wp-includes\general-template.php(258): require()
#1 C:\xampp\htdocs\anhhaisang\wp-content\themes\demo\404.php(26): get_search_form()
#2 C:\xampp\htdocs\anhhaisang\wp-includes\template-loader.php(98): include('C:\\xampp\\htdocs...')
#3 C:\xampp\htdocs\anhhaisang\wp-blog-header.php(19): require_once('C:\\xampp\\htdocs...')
#4 C:\xampp\htdocs\anhhaisang\index.php(17): require('C:\\xampp\\htdocs...')
#5 {main}
  thrown in C:\xampp\htdocs\anhhaisang\wp-content\themes\demo\searchform.php on line 13

2020-04-02T10:45:29+00:00 CRITICAL Uncaught Error: Call to undefined function twentyseventeen_unique_id() in C:\xampp\htdocs\anhhaisang\wp-content\themes\demo\searchform.php:13
Stack trace:
#0 C:\xampp\htdocs\anhhaisang\wp-includes\general-template.php(258): require()
#1 C:\xampp\htdocs\anhhaisang\wp-content\themes\demo\404.php(26): get_search_form()
#2 C:\xampp\htdocs\anhhaisang\wp-includes\template-loader.php(98): include('C:\\xampp\\htdocs...')
#3 C:\xampp\htdocs\anhhaisang\wp-blog-header.php(19): require_once('C:\\xampp\\htdocs...')
#4 C:\xampp\htdocs\anhhaisang\index.php(17): require('C:\\xampp\\htdocs...')
#5 {main}
  thrown in C:\xampp\htdocs\anhhaisang\wp-content\themes\demo\searchform.php on line 13

2020-04-02T10:48:52+00:00 CRITICAL Uncaught Error: Call to undefined function twentyseventeen_unique_id() in C:\xampp\htdocs\anhhaisang\wp-content\themes\demo\searchform.php:13
Stack trace:
#0 C:\xampp\htdocs\anhhaisang\wp-includes\general-template.php(258): require()
#1 C:\xampp\htdocs\anhhaisang\wp-content\themes\demo\404.php(26): get_search_form()
#2 C:\xampp\htdocs\anhhaisang\wp-includes\template-loader.php(98): include('C:\\xampp\\htdocs...')
#3 C:\xampp\htdocs\anhhaisang\wp-blog-header.php(19): require_once('C:\\xampp\\htdocs...')
#4 C:\xampp\htdocs\anhhaisang\index.php(17): require('C:\\xampp\\htdocs...')
#5 {main}
  thrown in C:\xampp\htdocs\anhhaisang\wp-content\themes\demo\searchform.php on line 13

2020-04-02T11:00:56+00:00 CRITICAL Uncaught Error: Call to undefined function twentyseventeen_unique_id() in C:\xampp\htdocs\anhhaisang\wp-content\themes\demo\searchform.php:13
Stack trace:
#0 C:\xampp\htdocs\anhhaisang\wp-includes\general-template.php(258): require()
#1 C:\xampp\htdocs\anhhaisang\wp-content\themes\demo\404.php(26): get_search_form()
#2 C:\xampp\htdocs\anhhaisang\wp-includes\template-loader.php(98): include('C:\\xampp\\htdocs...')
#3 C:\xampp\htdocs\anhhaisang\wp-blog-header.php(19): require_once('C:\\xampp\\htdocs...')
#4 C:\xampp\htdocs\anhhaisang\index.php(17): require('C:\\xampp\\htdocs...')
#5 {main}
  thrown in C:\xampp\htdocs\anhhaisang\wp-content\themes\demo\searchform.php on line 13

2020-04-02T11:00:58+00:00 CRITICAL Uncaught Error: Call to undefined function twentyseventeen_unique_id() in C:\xampp\htdocs\anhhaisang\wp-content\themes\demo\searchform.php:13
Stack trace:
#0 C:\xampp\htdocs\anhhaisang\wp-includes\general-template.php(258): require()
#1 C:\xampp\htdocs\anhhaisang\wp-content\themes\demo\404.php(26): get_search_form()
#2 C:\xampp\htdocs\anhhaisang\wp-includes\template-loader.php(98): include('C:\\xampp\\htdocs...')
#3 C:\xampp\htdocs\anhhaisang\wp-blog-header.php(19): require_once('C:\\xampp\\htdocs...')
#4 C:\xampp\htdocs\anhhaisang\index.php(17): require('C:\\xampp\\htdocs...')
#5 {main}
  thrown in C:\xampp\htdocs\anhhaisang\wp-content\themes\demo\searchform.php on line 13

2020-04-02T11:01:00+00:00 CRITICAL Uncaught Error: Call to undefined function twentyseventeen_unique_id() in C:\xampp\htdocs\anhhaisang\wp-content\themes\demo\searchform.php:13
Stack trace:
#0 C:\xampp\htdocs\anhhaisang\wp-includes\general-template.php(258): require()
#1 C:\xampp\htdocs\anhhaisang\wp-content\themes\demo\404.php(26): get_search_form()
#2 C:\xampp\htdocs\anhhaisang\wp-includes\template-loader.php(98): include('C:\\xampp\\htdocs...')
#3 C:\xampp\htdocs\anhhaisang\wp-blog-header.php(19): require_once('C:\\xampp\\htdocs...')
#4 C:\xampp\htdocs\anhhaisang\index.php(17): require('C:\\xampp\\htdocs...')
#5 {main}
  thrown in C:\xampp\htdocs\anhhaisang\wp-content\themes\demo\searchform.php on line 13

2020-04-02T11:01:29+00:00 CRITICAL Uncaught Error: Call to undefined function twentyseventeen_unique_id() in C:\xampp\htdocs\anhhaisang\wp-content\themes\demo\searchform.php:13
Stack trace:
#0 C:\xampp\htdocs\anhhaisang\wp-includes\general-template.php(258): require()
#1 C:\xampp\htdocs\anhhaisang\wp-content\themes\demo\404.php(26): get_search_form()
#2 C:\xampp\htdocs\anhhaisang\wp-includes\template-loader.php(98): include('C:\\xampp\\htdocs...')
#3 C:\xampp\htdocs\anhhaisang\wp-blog-header.php(19): require_once('C:\\xampp\\htdocs...')
#4 C:\xampp\htdocs\anhhaisang\index.php(17): require('C:\\xampp\\htdocs...')
#5 {main}
  thrown in C:\xampp\htdocs\anhhaisang\wp-content\themes\demo\searchform.php on line 13

2020-04-02T11:06:23+00:00 CRITICAL Uncaught Error: Call to undefined function twentyseventeen_unique_id() in C:\xampp\htdocs\anhhaisang\wp-content\themes\demo\searchform.php:13
Stack trace:
#0 C:\xampp\htdocs\anhhaisang\wp-includes\general-template.php(258): require()
#1 C:\xampp\htdocs\anhhaisang\wp-content\themes\demo\404.php(26): get_search_form()
#2 C:\xampp\htdocs\anhhaisang\wp-includes\template-loader.php(98): include('C:\\xampp\\htdocs...')
#3 C:\xampp\htdocs\anhhaisang\wp-blog-header.php(19): require_once('C:\\xampp\\htdocs...')
#4 C:\xampp\htdocs\anhhaisang\index.php(17): require('C:\\xampp\\htdocs...')
#5 {main}
  thrown in C:\xampp\htdocs\anhhaisang\wp-content\themes\demo\searchform.php on line 13

2020-04-02T11:07:01+00:00 CRITICAL Uncaught Error: Call to undefined function twentyseventeen_unique_id() in C:\xampp\htdocs\anhhaisang\wp-content\themes\demo\searchform.php:13
Stack trace:
#0 C:\xampp\htdocs\anhhaisang\wp-includes\general-template.php(258): require()
#1 C:\xampp\htdocs\anhhaisang\wp-content\themes\demo\404.php(26): get_search_form()
#2 C:\xampp\htdocs\anhhaisang\wp-includes\template-loader.php(98): include('C:\\xampp\\htdocs...')
#3 C:\xampp\htdocs\anhhaisang\wp-blog-header.php(19): require_once('C:\\xampp\\htdocs...')
#4 C:\xampp\htdocs\anhhaisang\index.php(17): require('C:\\xampp\\htdocs...')
#5 {main}
  thrown in C:\xampp\htdocs\anhhaisang\wp-content\themes\demo\searchform.php on line 13

2020-04-02T11:13:03+00:00 CRITICAL Uncaught Error: Call to undefined function twentyseventeen_unique_id() in C:\xampp\htdocs\anhhaisang\wp-content\themes\demo\searchform.php:13
Stack trace:
#0 C:\xampp\htdocs\anhhaisang\wp-includes\general-template.php(258): require()
#1 C:\xampp\htdocs\anhhaisang\wp-content\themes\demo\404.php(26): get_search_form()
#2 C:\xampp\htdocs\anhhaisang\wp-includes\template-loader.php(98): include('C:\\xampp\\htdocs...')
#3 C:\xampp\htdocs\anhhaisang\wp-blog-header.php(19): require_once('C:\\xampp\\htdocs...')
#4 C:\xampp\htdocs\anhhaisang\index.php(17): require('C:\\xampp\\htdocs...')
#5 {main}
  thrown in C:\xampp\htdocs\anhhaisang\wp-content\themes\demo\searchform.php on line 13

2020-04-02T11:13:03+00:00 CRITICAL Uncaught Error: Call to undefined function twentyseventeen_unique_id() in C:\xampp\htdocs\anhhaisang\wp-content\themes\demo\searchform.php:13
Stack trace:
#0 C:\xampp\htdocs\anhhaisang\wp-includes\general-template.php(258): require()
#1 C:\xampp\htdocs\anhhaisang\wp-content\themes\demo\404.php(26): get_search_form()
#2 C:\xampp\htdocs\anhhaisang\wp-includes\template-loader.php(98): include('C:\\xampp\\htdocs...')
#3 C:\xampp\htdocs\anhhaisang\wp-blog-header.php(19): require_once('C:\\xampp\\htdocs...')
#4 C:\xampp\htdocs\anhhaisang\index.php(17): require('C:\\xampp\\htdocs...')
#5 {main}
  thrown in C:\xampp\htdocs\anhhaisang\wp-content\themes\demo\searchform.php on line 13

2020-04-02T11:13:05+00:00 CRITICAL Uncaught Error: Call to undefined function twentyseventeen_unique_id() in C:\xampp\htdocs\anhhaisang\wp-content\themes\demo\searchform.php:13
Stack trace:
#0 C:\xampp\htdocs\anhhaisang\wp-includes\general-template.php(258): require()
#1 C:\xampp\htdocs\anhhaisang\wp-content\themes\demo\404.php(26): get_search_form()
#2 C:\xampp\htdocs\anhhaisang\wp-includes\template-loader.php(98): include('C:\\xampp\\htdocs...')
#3 C:\xampp\htdocs\anhhaisang\wp-blog-header.php(19): require_once('C:\\xampp\\htdocs...')
#4 C:\xampp\htdocs\anhhaisang\index.php(17): require('C:\\xampp\\htdocs...')
#5 {main}
  thrown in C:\xampp\htdocs\anhhaisang\wp-content\themes\demo\searchform.php on line 13

2020-04-02T11:13:07+00:00 CRITICAL Uncaught Error: Call to undefined function twentyseventeen_unique_id() in C:\xampp\htdocs\anhhaisang\wp-content\themes\demo\searchform.php:13
Stack trace:
#0 C:\xampp\htdocs\anhhaisang\wp-includes\general-template.php(258): require()
#1 C:\xampp\htdocs\anhhaisang\wp-content\themes\demo\404.php(26): get_search_form()
#2 C:\xampp\htdocs\anhhaisang\wp-includes\template-loader.php(98): include('C:\\xampp\\htdocs...')
#3 C:\xampp\htdocs\anhhaisang\wp-blog-header.php(19): require_once('C:\\xampp\\htdocs...')
#4 C:\xampp\htdocs\anhhaisang\index.php(17): require('C:\\xampp\\htdocs...')
#5 {main}
  thrown in C:\xampp\htdocs\anhhaisang\wp-content\themes\demo\searchform.php on line 13

2020-04-02T11:17:39+00:00 CRITICAL Uncaught Error: Call to undefined function twentyseventeen_unique_id() in C:\xampp\htdocs\anhhaisang\wp-content\themes\demo\searchform.php:13
Stack trace:
#0 C:\xampp\htdocs\anhhaisang\wp-includes\general-template.php(258): require()
#1 C:\xampp\htdocs\anhhaisang\wp-content\themes\demo\404.php(26): get_search_form()
#2 C:\xampp\htdocs\anhhaisang\wp-includes\template-loader.php(98): include('C:\\xampp\\htdocs...')
#3 C:\xampp\htdocs\anhhaisang\wp-blog-header.php(19): require_once('C:\\xampp\\htdocs...')
#4 C:\xampp\htdocs\anhhaisang\index.php(17): require('C:\\xampp\\htdocs...')
#5 {main}
  thrown in C:\xampp\htdocs\anhhaisang\wp-content\themes\demo\searchform.php on line 13

2020-04-02T11:17:39+00:00 CRITICAL Uncaught Error: Call to undefined function twentyseventeen_unique_id() in C:\xampp\htdocs\anhhaisang\wp-content\themes\demo\searchform.php:13
Stack trace:
#0 C:\xampp\htdocs\anhhaisang\wp-includes\general-template.php(258): require()
#1 C:\xampp\htdocs\anhhaisang\wp-content\themes\demo\404.php(26): get_search_form()
#2 C:\xampp\htdocs\anhhaisang\wp-includes\template-loader.php(98): include('C:\\xampp\\htdocs...')
#3 C:\xampp\htdocs\anhhaisang\wp-blog-header.php(19): require_once('C:\\xampp\\htdocs...')
#4 C:\xampp\htdocs\anhhaisang\index.php(17): require('C:\\xampp\\htdocs...')
#5 {main}
  thrown in C:\xampp\htdocs\anhhaisang\wp-content\themes\demo\searchform.php on line 13

2020-04-02T11:17:42+00:00 CRITICAL Uncaught Error: Call to undefined function twentyseventeen_unique_id() in C:\xampp\htdocs\anhhaisang\wp-content\themes\demo\searchform.php:13
Stack trace:
#0 C:\xampp\htdocs\anhhaisang\wp-includes\general-template.php(258): require()
#1 C:\xampp\htdocs\anhhaisang\wp-content\themes\demo\404.php(26): get_search_form()
#2 C:\xampp\htdocs\anhhaisang\wp-includes\template-loader.php(98): include('C:\\xampp\\htdocs...')
#3 C:\xampp\htdocs\anhhaisang\wp-blog-header.php(19): require_once('C:\\xampp\\htdocs...')
#4 C:\xampp\htdocs\anhhaisang\index.php(17): require('C:\\xampp\\htdocs...')
#5 {main}
  thrown in C:\xampp\htdocs\anhhaisang\wp-content\themes\demo\searchform.php on line 13

2020-04-02T11:17:44+00:00 CRITICAL Uncaught Error: Call to undefined function twentyseventeen_unique_id() in C:\xampp\htdocs\anhhaisang\wp-content\themes\demo\searchform.php:13
Stack trace:
#0 C:\xampp\htdocs\anhhaisang\wp-includes\general-template.php(258): require()
#1 C:\xampp\htdocs\anhhaisang\wp-content\themes\demo\404.php(26): get_search_form()
#2 C:\xampp\htdocs\anhhaisang\wp-includes\template-loader.php(98): include('C:\\xampp\\htdocs...')
#3 C:\xampp\htdocs\anhhaisang\wp-blog-header.php(19): require_once('C:\\xampp\\htdocs...')
#4 C:\xampp\htdocs\anhhaisang\index.php(17): require('C:\\xampp\\htdocs...')
#5 {main}
  thrown in C:\xampp\htdocs\anhhaisang\wp-content\themes\demo\searchform.php on line 13

2020-04-02T11:18:50+00:00 CRITICAL Uncaught Error: Call to undefined function twentyseventeen_unique_id() in C:\xampp\htdocs\anhhaisang\wp-content\themes\demo\searchform.php:13
Stack trace:
#0 C:\xampp\htdocs\anhhaisang\wp-includes\general-template.php(258): require()
#1 C:\xampp\htdocs\anhhaisang\wp-content\themes\demo\404.php(26): get_search_form()
#2 C:\xampp\htdocs\anhhaisang\wp-includes\template-loader.php(98): include('C:\\xampp\\htdocs...')
#3 C:\xampp\htdocs\anhhaisang\wp-blog-header.php(19): require_once('C:\\xampp\\htdocs...')
#4 C:\xampp\htdocs\anhhaisang\index.php(17): require('C:\\xampp\\htdocs...')
#5 {main}
  thrown in C:\xampp\htdocs\anhhaisang\wp-content\themes\demo\searchform.php on line 13

2020-04-02T11:18:50+00:00 CRITICAL Uncaught Error: Call to undefined function twentyseventeen_unique_id() in C:\xampp\htdocs\anhhaisang\wp-content\themes\demo\searchform.php:13
Stack trace:
#0 C:\xampp\htdocs\anhhaisang\wp-includes\general-template.php(258): require()
#1 C:\xampp\htdocs\anhhaisang\wp-content\themes\demo\404.php(26): get_search_form()
#2 C:\xampp\htdocs\anhhaisang\wp-includes\template-loader.php(98): include('C:\\xampp\\htdocs...')
#3 C:\xampp\htdocs\anhhaisang\wp-blog-header.php(19): require_once('C:\\xampp\\htdocs...')
#4 C:\xampp\htdocs\anhhaisang\index.php(17): require('C:\\xampp\\htdocs...')
#5 {main}
  thrown in C:\xampp\htdocs\anhhaisang\wp-content\themes\demo\searchform.php on line 13

2020-04-02T11:18:52+00:00 CRITICAL Uncaught Error: Call to undefined function twentyseventeen_unique_id() in C:\xampp\htdocs\anhhaisang\wp-content\themes\demo\searchform.php:13
Stack trace:
#0 C:\xampp\htdocs\anhhaisang\wp-includes\general-template.php(258): require()
#1 C:\xampp\htdocs\anhhaisang\wp-content\themes\demo\404.php(26): get_search_form()
#2 C:\xampp\htdocs\anhhaisang\wp-includes\template-loader.php(98): include('C:\\xampp\\htdocs...')
#3 C:\xampp\htdocs\anhhaisang\wp-blog-header.php(19): require_once('C:\\xampp\\htdocs...')
#4 C:\xampp\htdocs\anhhaisang\index.php(17): require('C:\\xampp\\htdocs...')
#5 {main}
  thrown in C:\xampp\htdocs\anhhaisang\wp-content\themes\demo\searchform.php on line 13

2020-04-02T11:18:54+00:00 CRITICAL Uncaught Error: Call to undefined function twentyseventeen_unique_id() in C:\xampp\htdocs\anhhaisang\wp-content\themes\demo\searchform.php:13
Stack trace:
#0 C:\xampp\htdocs\anhhaisang\wp-includes\general-template.php(258): require()
#1 C:\xampp\htdocs\anhhaisang\wp-content\themes\demo\404.php(26): get_search_form()
#2 C:\xampp\htdocs\anhhaisang\wp-includes\template-loader.php(98): include('C:\\xampp\\htdocs...')
#3 C:\xampp\htdocs\anhhaisang\wp-blog-header.php(19): require_once('C:\\xampp\\htdocs...')
#4 C:\xampp\htdocs\anhhaisang\index.php(17): require('C:\\xampp\\htdocs...')
#5 {main}
  thrown in C:\xampp\htdocs\anhhaisang\wp-content\themes\demo\searchform.php on line 13

2020-04-02T11:19:50+00:00 CRITICAL Uncaught Error: Call to undefined function twentyseventeen_unique_id() in C:\xampp\htdocs\anhhaisang\wp-content\themes\demo\searchform.php:13
Stack trace:
#0 C:\xampp\htdocs\anhhaisang\wp-includes\general-template.php(258): require()
#1 C:\xampp\htdocs\anhhaisang\wp-content\themes\demo\404.php(26): get_search_form()
#2 C:\xampp\htdocs\anhhaisang\wp-includes\template-loader.php(98): include('C:\\xampp\\htdocs...')
#3 C:\xampp\htdocs\anhhaisang\wp-blog-header.php(19): require_once('C:\\xampp\\htdocs...')
#4 C:\xampp\htdocs\anhhaisang\index.php(17): require('C:\\xampp\\htdocs...')
#5 {main}
  thrown in C:\xampp\htdocs\anhhaisang\wp-content\themes\demo\searchform.php on line 13

2020-04-02T11:21:04+00:00 CRITICAL Uncaught Error: Call to undefined function twentyseventeen_unique_id() in C:\xampp\htdocs\anhhaisang\wp-content\themes\demo\searchform.php:13
Stack trace:
#0 C:\xampp\htdocs\anhhaisang\wp-includes\general-template.php(258): require()
#1 C:\xampp\htdocs\anhhaisang\wp-content\themes\demo\404.php(26): get_search_form()
#2 C:\xampp\htdocs\anhhaisang\wp-includes\template-loader.php(98): include('C:\\xampp\\htdocs...')
#3 C:\xampp\htdocs\anhhaisang\wp-blog-header.php(19): require_once('C:\\xampp\\htdocs...')
#4 C:\xampp\htdocs\anhhaisang\index.php(17): require('C:\\xampp\\htdocs...')
#5 {main}
  thrown in C:\xampp\htdocs\anhhaisang\wp-content\themes\demo\searchform.php on line 13

2020-04-02T11:22:54+00:00 CRITICAL Uncaught Error: Call to undefined function twentyseventeen_unique_id() in C:\xampp\htdocs\anhhaisang\wp-content\themes\demo\searchform.php:13
Stack trace:
#0 C:\xampp\htdocs\anhhaisang\wp-includes\general-template.php(258): require()
#1 C:\xampp\htdocs\anhhaisang\wp-content\themes\demo\404.php(26): get_search_form()
#2 C:\xampp\htdocs\anhhaisang\wp-includes\template-loader.php(98): include('C:\\xampp\\htdocs...')
#3 C:\xampp\htdocs\anhhaisang\wp-blog-header.php(19): require_once('C:\\xampp\\htdocs...')
#4 C:\xampp\htdocs\anhhaisang\index.php(17): require('C:\\xampp\\htdocs...')
#5 {main}
  thrown in C:\xampp\htdocs\anhhaisang\wp-content\themes\demo\searchform.php on line 13

2020-04-02T11:22:55+00:00 CRITICAL Uncaught Error: Call to undefined function twentyseventeen_unique_id() in C:\xampp\htdocs\anhhaisang\wp-content\themes\demo\searchform.php:13
Stack trace:
#0 C:\xampp\htdocs\anhhaisang\wp-includes\general-template.php(258): require()
#1 C:\xampp\htdocs\anhhaisang\wp-content\themes\demo\404.php(26): get_search_form()
#2 C:\xampp\htdocs\anhhaisang\wp-includes\template-loader.php(98): include('C:\\xampp\\htdocs...')
#3 C:\xampp\htdocs\anhhaisang\wp-blog-header.php(19): require_once('C:\\xampp\\htdocs...')
#4 C:\xampp\htdocs\anhhaisang\index.php(17): require('C:\\xampp\\htdocs...')
#5 {main}
  thrown in C:\xampp\htdocs\anhhaisang\wp-content\themes\demo\searchform.php on line 13

2020-04-02T11:22:56+00:00 CRITICAL Uncaught Error: Call to undefined function twentyseventeen_unique_id() in C:\xampp\htdocs\anhhaisang\wp-content\themes\demo\searchform.php:13
Stack trace:
#0 C:\xampp\htdocs\anhhaisang\wp-includes\general-template.php(258): require()
#1 C:\xampp\htdocs\anhhaisang\wp-content\themes\demo\404.php(26): get_search_form()
#2 C:\xampp\htdocs\anhhaisang\wp-includes\template-loader.php(98): include('C:\\xampp\\htdocs...')
#3 C:\xampp\htdocs\anhhaisang\wp-blog-header.php(19): require_once('C:\\xampp\\htdocs...')
#4 C:\xampp\htdocs\anhhaisang\index.php(17): require('C:\\xampp\\htdocs...')
#5 {main}
  thrown in C:\xampp\htdocs\anhhaisang\wp-content\themes\demo\searchform.php on line 13

2020-04-02T11:22:58+00:00 CRITICAL Uncaught Error: Call to undefined function twentyseventeen_unique_id() in C:\xampp\htdocs\anhhaisang\wp-content\themes\demo\searchform.php:13
Stack trace:
#0 C:\xampp\htdocs\anhhaisang\wp-includes\general-template.php(258): require()
#1 C:\xampp\htdocs\anhhaisang\wp-content\themes\demo\404.php(26): get_search_form()
#2 C:\xampp\htdocs\anhhaisang\wp-includes\template-loader.php(98): include('C:\\xampp\\htdocs...')
#3 C:\xampp\htdocs\anhhaisang\wp-blog-header.php(19): require_once('C:\\xampp\\htdocs...')
#4 C:\xampp\htdocs\anhhaisang\index.php(17): require('C:\\xampp\\htdocs...')
#5 {main}
  thrown in C:\xampp\htdocs\anhhaisang\wp-content\themes\demo\searchform.php on line 13

2020-04-02T11:23:26+00:00 CRITICAL Uncaught Error: Call to undefined function twentyseventeen_unique_id() in C:\xampp\htdocs\anhhaisang\wp-content\themes\demo\searchform.php:13
Stack trace:
#0 C:\xampp\htdocs\anhhaisang\wp-includes\general-template.php(258): require()
#1 C:\xampp\htdocs\anhhaisang\wp-content\themes\demo\404.php(26): get_search_form()
#2 C:\xampp\htdocs\anhhaisang\wp-includes\template-loader.php(98): include('C:\\xampp\\htdocs...')
#3 C:\xampp\htdocs\anhhaisang\wp-blog-header.php(19): require_once('C:\\xampp\\htdocs...')
#4 C:\xampp\htdocs\anhhaisang\index.php(17): require('C:\\xampp\\htdocs...')
#5 {main}
  thrown in C:\xampp\htdocs\anhhaisang\wp-content\themes\demo\searchform.php on line 13

2020-04-02T11:23:26+00:00 CRITICAL Uncaught Error: Call to undefined function twentyseventeen_unique_id() in C:\xampp\htdocs\anhhaisang\wp-content\themes\demo\searchform.php:13
Stack trace:
#0 C:\xampp\htdocs\anhhaisang\wp-includes\general-template.php(258): require()
#1 C:\xampp\htdocs\anhhaisang\wp-content\themes\demo\404.php(26): get_search_form()
#2 C:\xampp\htdocs\anhhaisang\wp-includes\template-loader.php(98): include('C:\\xampp\\htdocs...')
#3 C:\xampp\htdocs\anhhaisang\wp-blog-header.php(19): require_once('C:\\xampp\\htdocs...')
#4 C:\xampp\htdocs\anhhaisang\index.php(17): require('C:\\xampp\\htdocs...')
#5 {main}
  thrown in C:\xampp\htdocs\anhhaisang\wp-content\themes\demo\searchform.php on line 13

2020-04-02T11:23:28+00:00 CRITICAL Uncaught Error: Call to undefined function twentyseventeen_unique_id() in C:\xampp\htdocs\anhhaisang\wp-content\themes\demo\searchform.php:13
Stack trace:
#0 C:\xampp\htdocs\anhhaisang\wp-includes\general-template.php(258): require()
#1 C:\xampp\htdocs\anhhaisang\wp-content\themes\demo\404.php(26): get_search_form()
#2 C:\xampp\htdocs\anhhaisang\wp-includes\template-loader.php(98): include('C:\\xampp\\htdocs...')
#3 C:\xampp\htdocs\anhhaisang\wp-blog-header.php(19): require_once('C:\\xampp\\htdocs...')
#4 C:\xampp\htdocs\anhhaisang\index.php(17): require('C:\\xampp\\htdocs...')
#5 {main}
  thrown in C:\xampp\htdocs\anhhaisang\wp-content\themes\demo\searchform.php on line 13

2020-04-02T11:23:30+00:00 CRITICAL Uncaught Error: Call to undefined function twentyseventeen_unique_id() in C:\xampp\htdocs\anhhaisang\wp-content\themes\demo\searchform.php:13
Stack trace:
#0 C:\xampp\htdocs\anhhaisang\wp-includes\general-template.php(258): require()
#1 C:\xampp\htdocs\anhhaisang\wp-content\themes\demo\404.php(26): get_search_form()
#2 C:\xampp\htdocs\anhhaisang\wp-includes\template-loader.php(98): include('C:\\xampp\\htdocs...')
#3 C:\xampp\htdocs\anhhaisang\wp-blog-header.php(19): require_once('C:\\xampp\\htdocs...')
#4 C:\xampp\htdocs\anhhaisang\index.php(17): require('C:\\xampp\\htdocs...')
#5 {main}
  thrown in C:\xampp\htdocs\anhhaisang\wp-content\themes\demo\searchform.php on line 13

2020-04-02T11:24:15+00:00 CRITICAL Uncaught Error: Call to undefined function twentyseventeen_unique_id() in C:\xampp\htdocs\anhhaisang\wp-content\themes\demo\searchform.php:13
Stack trace:
#0 C:\xampp\htdocs\anhhaisang\wp-includes\general-template.php(258): require()
#1 C:\xampp\htdocs\anhhaisang\wp-content\themes\demo\404.php(26): get_search_form()
#2 C:\xampp\htdocs\anhhaisang\wp-includes\template-loader.php(98): include('C:\\xampp\\htdocs...')
#3 C:\xampp\htdocs\anhhaisang\wp-blog-header.php(19): require_once('C:\\xampp\\htdocs...')
#4 C:\xampp\htdocs\anhhaisang\index.php(17): require('C:\\xampp\\htdocs...')
#5 {main}
  thrown in C:\xampp\htdocs\anhhaisang\wp-content\themes\demo\searchform.php on line 13

2020-04-02T11:25:28+00:00 CRITICAL Uncaught Error: Call to undefined function twentyseventeen_unique_id() in C:\xampp\htdocs\anhhaisang\wp-content\themes\demo\searchform.php:13
Stack trace:
#0 C:\xampp\htdocs\anhhaisang\wp-includes\general-template.php(258): require()
#1 C:\xampp\htdocs\anhhaisang\wp-content\themes\demo\404.php(26): get_search_form()
#2 C:\xampp\htdocs\anhhaisang\wp-includes\template-loader.php(98): include('C:\\xampp\\htdocs...')
#3 C:\xampp\htdocs\anhhaisang\wp-blog-header.php(19): require_once('C:\\xampp\\htdocs...')
#4 C:\xampp\htdocs\anhhaisang\index.php(17): require('C:\\xampp\\htdocs...')
#5 {main}
  thrown in C:\xampp\htdocs\anhhaisang\wp-content\themes\demo\searchform.php on line 13

2020-04-02T11:25:28+00:00 CRITICAL Uncaught Error: Call to undefined function twentyseventeen_unique_id() in C:\xampp\htdocs\anhhaisang\wp-content\themes\demo\searchform.php:13
Stack trace:
#0 C:\xampp\htdocs\anhhaisang\wp-includes\general-template.php(258): require()
#1 C:\xampp\htdocs\anhhaisang\wp-content\themes\demo\404.php(26): get_search_form()
#2 C:\xampp\htdocs\anhhaisang\wp-includes\template-loader.php(98): include('C:\\xampp\\htdocs...')
#3 C:\xampp\htdocs\anhhaisang\wp-blog-header.php(19): require_once('C:\\xampp\\htdocs...')
#4 C:\xampp\htdocs\anhhaisang\index.php(17): require('C:\\xampp\\htdocs...')
#5 {main}
  thrown in C:\xampp\htdocs\anhhaisang\wp-content\themes\demo\searchform.php on line 13

2020-04-02T11:25:30+00:00 CRITICAL Uncaught Error: Call to undefined function twentyseventeen_unique_id() in C:\xampp\htdocs\anhhaisang\wp-content\themes\demo\searchform.php:13
Stack trace:
#0 C:\xampp\htdocs\anhhaisang\wp-includes\general-template.php(258): require()
#1 C:\xampp\htdocs\anhhaisang\wp-content\themes\demo\404.php(26): get_search_form()
#2 C:\xampp\htdocs\anhhaisang\wp-includes\template-loader.php(98): include('C:\\xampp\\htdocs...')
#3 C:\xampp\htdocs\anhhaisang\wp-blog-header.php(19): require_once('C:\\xampp\\htdocs...')
#4 C:\xampp\htdocs\anhhaisang\index.php(17): require('C:\\xampp\\htdocs...')
#5 {main}
  thrown in C:\xampp\htdocs\anhhaisang\wp-content\themes\demo\searchform.php on line 13

2020-04-02T11:25:33+00:00 CRITICAL Uncaught Error: Call to undefined function twentyseventeen_unique_id() in C:\xampp\htdocs\anhhaisang\wp-content\themes\demo\searchform.php:13
Stack trace:
#0 C:\xampp\htdocs\anhhaisang\wp-includes\general-template.php(258): require()
#1 C:\xampp\htdocs\anhhaisang\wp-content\themes\demo\404.php(26): get_search_form()
#2 C:\xampp\htdocs\anhhaisang\wp-includes\template-loader.php(98): include('C:\\xampp\\htdocs...')
#3 C:\xampp\htdocs\anhhaisang\wp-blog-header.php(19): require_once('C:\\xampp\\htdocs...')
#4 C:\xampp\htdocs\anhhaisang\index.php(17): require('C:\\xampp\\htdocs...')
#5 {main}
  thrown in C:\xampp\htdocs\anhhaisang\wp-content\themes\demo\searchform.php on line 13

2020-04-02T14:01:22+00:00 CRITICAL Uncaught Error: Call to undefined function twentyseventeen_unique_id() in C:\xampp\htdocs\anhhaisang\wp-content\themes\demo\searchform.php:13
Stack trace:
#0 C:\xampp\htdocs\anhhaisang\wp-includes\general-template.php(258): require()
#1 C:\xampp\htdocs\anhhaisang\wp-content\themes\demo\404.php(26): get_search_form()
#2 C:\xampp\htdocs\anhhaisang\wp-includes\template-loader.php(98): include('C:\\xampp\\htdocs...')
#3 C:\xampp\htdocs\anhhaisang\wp-blog-header.php(19): require_once('C:\\xampp\\htdocs...')
#4 C:\xampp\htdocs\anhhaisang\index.php(17): require('C:\\xampp\\htdocs...')
#5 {main}
  thrown in C:\xampp\htdocs\anhhaisang\wp-content\themes\demo\searchform.php on line 13

2020-04-02T14:01:22+00:00 CRITICAL Uncaught Error: Call to undefined function twentyseventeen_unique_id() in C:\xampp\htdocs\anhhaisang\wp-content\themes\demo\searchform.php:13
Stack trace:
#0 C:\xampp\htdocs\anhhaisang\wp-includes\general-template.php(258): require()
#1 C:\xampp\htdocs\anhhaisang\wp-content\themes\demo\404.php(26): get_search_form()
#2 C:\xampp\htdocs\anhhaisang\wp-includes\template-loader.php(98): include('C:\\xampp\\htdocs...')
#3 C:\xampp\htdocs\anhhaisang\wp-blog-header.php(19): require_once('C:\\xampp\\htdocs...')
#4 C:\xampp\htdocs\anhhaisang\index.php(17): require('C:\\xampp\\htdocs...')
#5 {main}
  thrown in C:\xampp\htdocs\anhhaisang\wp-content\themes\demo\searchform.php on line 13

2020-04-02T14:01:29+00:00 CRITICAL Uncaught Error: Call to undefined function twentyseventeen_unique_id() in C:\xampp\htdocs\anhhaisang\wp-content\themes\demo\searchform.php:13
Stack trace:
#0 C:\xampp\htdocs\anhhaisang\wp-includes\general-template.php(258): require()
#1 C:\xampp\htdocs\anhhaisang\wp-content\themes\demo\404.php(26): get_search_form()
#2 C:\xampp\htdocs\anhhaisang\wp-includes\template-loader.php(98): include('C:\\xampp\\htdocs...')
#3 C:\xampp\htdocs\anhhaisang\wp-blog-header.php(19): require_once('C:\\xampp\\htdocs...')
#4 C:\xampp\htdocs\anhhaisang\index.php(17): require('C:\\xampp\\htdocs...')
#5 {main}
  thrown in C:\xampp\htdocs\anhhaisang\wp-content\themes\demo\searchform.php on line 13

2020-04-02T14:01:29+00:00 CRITICAL Uncaught Error: Call to undefined function twentyseventeen_unique_id() in C:\xampp\htdocs\anhhaisang\wp-content\themes\demo\searchform.php:13
Stack trace:
#0 C:\xampp\htdocs\anhhaisang\wp-includes\general-template.php(258): require()
#1 C:\xampp\htdocs\anhhaisang\wp-content\themes\demo\404.php(26): get_search_form()
#2 C:\xampp\htdocs\anhhaisang\wp-includes\template-loader.php(98): include('C:\\xampp\\htdocs...')
#3 C:\xampp\htdocs\anhhaisang\wp-blog-header.php(19): require_once('C:\\xampp\\htdocs...')
#4 C:\xampp\htdocs\anhhaisang\index.php(17): require('C:\\xampp\\htdocs...')
#5 {main}
  thrown in C:\xampp\htdocs\anhhaisang\wp-content\themes\demo\searchform.php on line 13

2020-04-02T14:23:18+00:00 CRITICAL Uncaught Error: Call to undefined function twentyseventeen_unique_id() in C:\xampp\htdocs\anhhaisang\wp-content\themes\demo\searchform.php:13
Stack trace:
#0 C:\xampp\htdocs\anhhaisang\wp-includes\general-template.php(258): require()
#1 C:\xampp\htdocs\anhhaisang\wp-content\themes\demo\404.php(26): get_search_form()
#2 C:\xampp\htdocs\anhhaisang\wp-includes\template-loader.php(98): include('C:\\xampp\\htdocs...')
#3 C:\xampp\htdocs\anhhaisang\wp-blog-header.php(19): require_once('C:\\xampp\\htdocs...')
#4 C:\xampp\htdocs\anhhaisang\index.php(17): require('C:\\xampp\\htdocs...')
#5 {main}
  thrown in C:\xampp\htdocs\anhhaisang\wp-content\themes\demo\searchform.php on line 13

2020-04-02T14:24:52+00:00 CRITICAL Uncaught Error: Call to undefined function twentyseventeen_unique_id() in C:\xampp\htdocs\anhhaisang\wp-content\themes\demo\searchform.php:13
Stack trace:
#0 C:\xampp\htdocs\anhhaisang\wp-includes\general-template.php(258): require()
#1 C:\xampp\htdocs\anhhaisang\wp-content\themes\demo\404.php(26): get_search_form()
#2 C:\xampp\htdocs\anhhaisang\wp-includes\template-loader.php(98): include('C:\\xampp\\htdocs...')
#3 C:\xampp\htdocs\anhhaisang\wp-blog-header.php(19): require_once('C:\\xampp\\htdocs...')
#4 C:\xampp\htdocs\anhhaisang\index.php(17): require('C:\\xampp\\htdocs...')
#5 {main}
  thrown in C:\xampp\htdocs\anhhaisang\wp-content\themes\demo\searchform.php on line 13

2020-04-02T14:27:17+00:00 CRITICAL Uncaught Error: Call to undefined function twentyseventeen_unique_id() in C:\xampp\htdocs\anhhaisang\wp-content\themes\demo\searchform.php:13
Stack trace:
#0 C:\xampp\htdocs\anhhaisang\wp-includes\general-template.php(258): require()
#1 C:\xampp\htdocs\anhhaisang\wp-content\themes\demo\404.php(26): get_search_form()
#2 C:\xampp\htdocs\anhhaisang\wp-includes\template-loader.php(98): include('C:\\xampp\\htdocs...')
#3 C:\xampp\htdocs\anhhaisang\wp-blog-header.php(19): require_once('C:\\xampp\\htdocs...')
#4 C:\xampp\htdocs\anhhaisang\index.php(17): require('C:\\xampp\\htdocs...')
#5 {main}
  thrown in C:\xampp\htdocs\anhhaisang\wp-content\themes\demo\searchform.php on line 13

2020-04-02T14:29:51+00:00 CRITICAL Uncaught Error: Call to undefined function twentyseventeen_unique_id() in C:\xampp\htdocs\anhhaisang\wp-content\themes\demo\searchform.php:13
Stack trace:
#0 C:\xampp\htdocs\anhhaisang\wp-includes\general-template.php(258): require()
#1 C:\xampp\htdocs\anhhaisang\wp-content\themes\demo\404.php(26): get_search_form()
#2 C:\xampp\htdocs\anhhaisang\wp-includes\template-loader.php(98): include('C:\\xampp\\htdocs...')
#3 C:\xampp\htdocs\anhhaisang\wp-blog-header.php(19): require_once('C:\\xampp\\htdocs...')
#4 C:\xampp\htdocs\anhhaisang\index.php(17): require('C:\\xampp\\htdocs...')
#5 {main}
  thrown in C:\xampp\htdocs\anhhaisang\wp-content\themes\demo\searchform.php on line 13

2020-04-02T14:31:47+00:00 CRITICAL Uncaught Error: Call to undefined function twentyseventeen_unique_id() in C:\xampp\htdocs\anhhaisang\wp-content\themes\demo\searchform.php:13
Stack trace:
#0 C:\xampp\htdocs\anhhaisang\wp-includes\general-template.php(258): require()
#1 C:\xampp\htdocs\anhhaisang\wp-content\themes\demo\404.php(26): get_search_form()
#2 C:\xampp\htdocs\anhhaisang\wp-includes\template-loader.php(98): include('C:\\xampp\\htdocs...')
#3 C:\xampp\htdocs\anhhaisang\wp-blog-header.php(19): require_once('C:\\xampp\\htdocs...')
#4 C:\xampp\htdocs\anhhaisang\index.php(17): require('C:\\xampp\\htdocs...')
#5 {main}
  thrown in C:\xampp\htdocs\anhhaisang\wp-content\themes\demo\searchform.php on line 13

2020-04-02T14:33:47+00:00 CRITICAL Uncaught Error: Call to undefined function twentyseventeen_unique_id() in C:\xampp\htdocs\anhhaisang\wp-content\themes\demo\searchform.php:13
Stack trace:
#0 C:\xampp\htdocs\anhhaisang\wp-includes\general-template.php(258): require()
#1 C:\xampp\htdocs\anhhaisang\wp-content\themes\demo\404.php(26): get_search_form()
#2 C:\xampp\htdocs\anhhaisang\wp-includes\template-loader.php(98): include('C:\\xampp\\htdocs...')
#3 C:\xampp\htdocs\anhhaisang\wp-blog-header.php(19): require_once('C:\\xampp\\htdocs...')
#4 C:\xampp\htdocs\anhhaisang\index.php(17): require('C:\\xampp\\htdocs...')
#5 {main}
  thrown in C:\xampp\htdocs\anhhaisang\wp-content\themes\demo\searchform.php on line 13

2020-04-02T14:36:45+00:00 CRITICAL Uncaught Error: Call to undefined function twentyseventeen_unique_id() in C:\xampp\htdocs\anhhaisang\wp-content\themes\demo\searchform.php:13
Stack trace:
#0 C:\xampp\htdocs\anhhaisang\wp-includes\general-template.php(258): require()
#1 C:\xampp\htdocs\anhhaisang\wp-content\themes\demo\404.php(26): get_search_form()
#2 C:\xampp\htdocs\anhhaisang\wp-includes\template-loader.php(98): include('C:\\xampp\\htdocs...')
#3 C:\xampp\htdocs\anhhaisang\wp-blog-header.php(19): require_once('C:\\xampp\\htdocs...')
#4 C:\xampp\htdocs\anhhaisang\index.php(17): require('C:\\xampp\\htdocs...')
#5 {main}
  thrown in C:\xampp\htdocs\anhhaisang\wp-content\themes\demo\searchform.php on line 13

2020-04-02T14:38:57+00:00 CRITICAL Uncaught Error: Call to undefined function twentyseventeen_unique_id() in C:\xampp\htdocs\anhhaisang\wp-content\themes\demo\searchform.php:13
Stack trace:
#0 C:\xampp\htdocs\anhhaisang\wp-includes\general-template.php(258): require()
#1 C:\xampp\htdocs\anhhaisang\wp-content\themes\demo\404.php(26): get_search_form()
#2 C:\xampp\htdocs\anhhaisang\wp-includes\template-loader.php(98): include('C:\\xampp\\htdocs...')
#3 C:\xampp\htdocs\anhhaisang\wp-blog-header.php(19): require_once('C:\\xampp\\htdocs...')
#4 C:\xampp\htdocs\anhhaisang\index.php(17): require('C:\\xampp\\htdocs...')
#5 {main}
  thrown in C:\xampp\htdocs\anhhaisang\wp-content\themes\demo\searchform.php on line 13

2020-04-02T14:39:32+00:00 CRITICAL Uncaught Error: Call to undefined function twentyseventeen_unique_id() in C:\xampp\htdocs\anhhaisang\wp-content\themes\demo\searchform.php:13
Stack trace:
#0 C:\xampp\htdocs\anhhaisang\wp-includes\general-template.php(258): require()
#1 C:\xampp\htdocs\anhhaisang\wp-content\themes\demo\404.php(26): get_search_form()
#2 C:\xampp\htdocs\anhhaisang\wp-includes\template-loader.php(98): include('C:\\xampp\\htdocs...')
#3 C:\xampp\htdocs\anhhaisang\wp-blog-header.php(19): require_once('C:\\xampp\\htdocs...')
#4 C:\xampp\htdocs\anhhaisang\index.php(17): require('C:\\xampp\\htdocs...')
#5 {main}
  thrown in C:\xampp\htdocs\anhhaisang\wp-content\themes\demo\searchform.php on line 13

2020-04-02T14:41:59+00:00 CRITICAL Uncaught Error: Call to undefined function twentyseventeen_unique_id() in C:\xampp\htdocs\anhhaisang\wp-content\themes\demo\searchform.php:13
Stack trace:
#0 C:\xampp\htdocs\anhhaisang\wp-includes\general-template.php(258): require()
#1 C:\xampp\htdocs\anhhaisang\wp-content\themes\demo\404.php(26): get_search_form()
#2 C:\xampp\htdocs\anhhaisang\wp-includes\template-loader.php(98): include('C:\\xampp\\htdocs...')
#3 C:\xampp\htdocs\anhhaisang\wp-blog-header.php(19): require_once('C:\\xampp\\htdocs...')
#4 C:\xampp\htdocs\anhhaisang\index.php(17): require('C:\\xampp\\htdocs...')
#5 {main}
  thrown in C:\xampp\htdocs\anhhaisang\wp-content\themes\demo\searchform.php on line 13

2020-04-02T14:42:35+00:00 CRITICAL Uncaught Error: Call to undefined function twentyseventeen_unique_id() in C:\xampp\htdocs\anhhaisang\wp-content\themes\demo\searchform.php:13
Stack trace:
#0 C:\xampp\htdocs\anhhaisang\wp-includes\general-template.php(258): require()
#1 C:\xampp\htdocs\anhhaisang\wp-content\themes\demo\404.php(26): get_search_form()
#2 C:\xampp\htdocs\anhhaisang\wp-includes\template-loader.php(98): include('C:\\xampp\\htdocs...')
#3 C:\xampp\htdocs\anhhaisang\wp-blog-header.php(19): require_once('C:\\xampp\\htdocs...')
#4 C:\xampp\htdocs\anhhaisang\index.php(17): require('C:\\xampp\\htdocs...')
#5 {main}
  thrown in C:\xampp\htdocs\anhhaisang\wp-content\themes\demo\searchform.php on line 13

2020-04-02T14:45:53+00:00 CRITICAL Uncaught Error: Call to undefined function twentyseventeen_unique_id() in C:\xampp\htdocs\anhhaisang\wp-content\themes\demo\searchform.php:13
Stack trace:
#0 C:\xampp\htdocs\anhhaisang\wp-includes\general-template.php(258): require()
#1 C:\xampp\htdocs\anhhaisang\wp-content\themes\demo\404.php(26): get_search_form()
#2 C:\xampp\htdocs\anhhaisang\wp-includes\template-loader.php(98): include('C:\\xampp\\htdocs...')
#3 C:\xampp\htdocs\anhhaisang\wp-blog-header.php(19): require_once('C:\\xampp\\htdocs...')
#4 C:\xampp\htdocs\anhhaisang\index.php(17): require('C:\\xampp\\htdocs...')
#5 {main}
  thrown in C:\xampp\htdocs\anhhaisang\wp-content\themes\demo\searchform.php on line 13

2020-04-02T14:48:42+00:00 CRITICAL Uncaught Error: Call to undefined function twentyseventeen_unique_id() in C:\xampp\htdocs\anhhaisang\wp-content\themes\demo\searchform.php:13
Stack trace:
#0 C:\xampp\htdocs\anhhaisang\wp-includes\general-template.php(258): require()
#1 C:\xampp\htdocs\anhhaisang\wp-content\themes\demo\404.php(26): get_search_form()
#2 C:\xampp\htdocs\anhhaisang\wp-includes\template-loader.php(98): include('C:\\xampp\\htdocs...')
#3 C:\xampp\htdocs\anhhaisang\wp-blog-header.php(19): require_once('C:\\xampp\\htdocs...')
#4 C:\xampp\htdocs\anhhaisang\index.php(17): require('C:\\xampp\\htdocs...')
#5 {main}
  thrown in C:\xampp\htdocs\anhhaisang\wp-content\themes\demo\searchform.php on line 13

2020-04-02T14:51:17+00:00 CRITICAL Uncaught Error: Call to undefined function twentyseventeen_unique_id() in C:\xampp\htdocs\anhhaisang\wp-content\themes\demo\searchform.php:13
Stack trace:
#0 C:\xampp\htdocs\anhhaisang\wp-includes\general-template.php(258): require()
#1 C:\xampp\htdocs\anhhaisang\wp-content\themes\demo\404.php(26): get_search_form()
#2 C:\xampp\htdocs\anhhaisang\wp-includes\template-loader.php(98): include('C:\\xampp\\htdocs...')
#3 C:\xampp\htdocs\anhhaisang\wp-blog-header.php(19): require_once('C:\\xampp\\htdocs...')
#4 C:\xampp\htdocs\anhhaisang\index.php(17): require('C:\\xampp\\htdocs...')
#5 {main}
  thrown in C:\xampp\htdocs\anhhaisang\wp-content\themes\demo\searchform.php on line 13

2020-04-02T14:52:52+00:00 CRITICAL Uncaught Error: Call to undefined function twentyseventeen_unique_id() in C:\xampp\htdocs\anhhaisang\wp-content\themes\demo\searchform.php:13
Stack trace:
#0 C:\xampp\htdocs\anhhaisang\wp-includes\general-template.php(258): require()
#1 C:\xampp\htdocs\anhhaisang\wp-content\themes\demo\404.php(26): get_search_form()
#2 C:\xampp\htdocs\anhhaisang\wp-includes\template-loader.php(98): include('C:\\xampp\\htdocs...')
#3 C:\xampp\htdocs\anhhaisang\wp-blog-header.php(19): require_once('C:\\xampp\\htdocs...')
#4 C:\xampp\htdocs\anhhaisang\index.php(17): require('C:\\xampp\\htdocs...')
#5 {main}
  thrown in C:\xampp\htdocs\anhhaisang\wp-content\themes\demo\searchform.php on line 13

2020-04-02T14:57:29+00:00 CRITICAL Uncaught Error: Call to undefined function twentyseventeen_unique_id() in C:\xampp\htdocs\anhhaisang\wp-content\themes\demo\searchform.php:13
Stack trace:
#0 C:\xampp\htdocs\anhhaisang\wp-includes\general-template.php(258): require()
#1 C:\xampp\htdocs\anhhaisang\wp-content\themes\demo\404.php(26): get_search_form()
#2 C:\xampp\htdocs\anhhaisang\wp-includes\template-loader.php(98): include('C:\\xampp\\htdocs...')
#3 C:\xampp\htdocs\anhhaisang\wp-blog-header.php(19): require_once('C:\\xampp\\htdocs...')
#4 C:\xampp\htdocs\anhhaisang\index.php(17): require('C:\\xampp\\htdocs...')
#5 {main}
  thrown in C:\xampp\htdocs\anhhaisang\wp-content\themes\demo\searchform.php on line 13

2020-04-02T14:58:09+00:00 CRITICAL Uncaught Error: Call to undefined function twentyseventeen_unique_id() in C:\xampp\htdocs\anhhaisang\wp-content\themes\demo\searchform.php:13
Stack trace:
#0 C:\xampp\htdocs\anhhaisang\wp-includes\general-template.php(258): require()
#1 C:\xampp\htdocs\anhhaisang\wp-content\themes\demo\404.php(26): get_search_form()
#2 C:\xampp\htdocs\anhhaisang\wp-includes\template-loader.php(98): include('C:\\xampp\\htdocs...')
#3 C:\xampp\htdocs\anhhaisang\wp-blog-header.php(19): require_once('C:\\xampp\\htdocs...')
#4 C:\xampp\htdocs\anhhaisang\index.php(17): require('C:\\xampp\\htdocs...')
#5 {main}
  thrown in C:\xampp\htdocs\anhhaisang\wp-content\themes\demo\searchform.php on line 13

2020-04-02T14:59:46+00:00 CRITICAL Uncaught Error: Call to undefined function twentyseventeen_unique_id() in C:\xampp\htdocs\anhhaisang\wp-content\themes\demo\searchform.php:13
Stack trace:
#0 C:\xampp\htdocs\anhhaisang\wp-includes\general-template.php(258): require()
#1 C:\xampp\htdocs\anhhaisang\wp-content\themes\demo\404.php(26): get_search_form()
#2 C:\xampp\htdocs\anhhaisang\wp-includes\template-loader.php(98): include('C:\\xampp\\htdocs...')
#3 C:\xampp\htdocs\anhhaisang\wp-blog-header.php(19): require_once('C:\\xampp\\htdocs...')
#4 C:\xampp\htdocs\anhhaisang\index.php(17): require('C:\\xampp\\htdocs...')
#5 {main}
  thrown in C:\xampp\htdocs\anhhaisang\wp-content\themes\demo\searchform.php on line 13

2020-04-02T15:02:48+00:00 CRITICAL Uncaught Error: Call to undefined function twentyseventeen_unique_id() in C:\xampp\htdocs\anhhaisang\wp-content\themes\demo\searchform.php:13
Stack trace:
#0 C:\xampp\htdocs\anhhaisang\wp-includes\general-template.php(258): require()
#1 C:\xampp\htdocs\anhhaisang\wp-content\themes\demo\404.php(26): get_search_form()
#2 C:\xampp\htdocs\anhhaisang\wp-includes\template-loader.php(98): include('C:\\xampp\\htdocs...')
#3 C:\xampp\htdocs\anhhaisang\wp-blog-header.php(19): require_once('C:\\xampp\\htdocs...')
#4 C:\xampp\htdocs\anhhaisang\index.php(17): require('C:\\xampp\\htdocs...')
#5 {main}
  thrown in C:\xampp\htdocs\anhhaisang\wp-content\themes\demo\searchform.php on line 13

2020-04-02T15:04:04+00:00 CRITICAL Uncaught Error: Call to undefined function twentyseventeen_unique_id() in C:\xampp\htdocs\anhhaisang\wp-content\themes\demo\searchform.php:13
Stack trace:
#0 C:\xampp\htdocs\anhhaisang\wp-includes\general-template.php(258): require()
#1 C:\xampp\htdocs\anhhaisang\wp-content\themes\demo\404.php(26): get_search_form()
#2 C:\xampp\htdocs\anhhaisang\wp-includes\template-loader.php(98): include('C:\\xampp\\htdocs...')
#3 C:\xampp\htdocs\anhhaisang\wp-blog-header.php(19): require_once('C:\\xampp\\htdocs...')
#4 C:\xampp\htdocs\anhhaisang\index.php(17): require('C:\\xampp\\htdocs...')
#5 {main}
  thrown in C:\xampp\htdocs\anhhaisang\wp-content\themes\demo\searchform.php on line 13

2020-04-02T15:04:45+00:00 CRITICAL Uncaught Error: Call to undefined function twentyseventeen_unique_id() in C:\xampp\htdocs\anhhaisang\wp-content\themes\demo\searchform.php:13
Stack trace:
#0 C:\xampp\htdocs\anhhaisang\wp-includes\general-template.php(258): require()
#1 C:\xampp\htdocs\anhhaisang\wp-content\themes\demo\404.php(26): get_search_form()
#2 C:\xampp\htdocs\anhhaisang\wp-includes\template-loader.php(98): include('C:\\xampp\\htdocs...')
#3 C:\xampp\htdocs\anhhaisang\wp-blog-header.php(19): require_once('C:\\xampp\\htdocs...')
#4 C:\xampp\htdocs\anhhaisang\index.php(17): require('C:\\xampp\\htdocs...')
#5 {main}
  thrown in C:\xampp\htdocs\anhhaisang\wp-content\themes\demo\searchform.php on line 13

2020-04-02T15:05:14+00:00 CRITICAL Uncaught Error: Call to undefined function twentyseventeen_unique_id() in C:\xampp\htdocs\anhhaisang\wp-content\themes\demo\searchform.php:13
Stack trace:
#0 C:\xampp\htdocs\anhhaisang\wp-includes\general-template.php(258): require()
#1 C:\xampp\htdocs\anhhaisang\wp-content\themes\demo\404.php(26): get_search_form()
#2 C:\xampp\htdocs\anhhaisang\wp-includes\template-loader.php(98): include('C:\\xampp\\htdocs...')
#3 C:\xampp\htdocs\anhhaisang\wp-blog-header.php(19): require_once('C:\\xampp\\htdocs...')
#4 C:\xampp\htdocs\anhhaisang\index.php(17): require('C:\\xampp\\htdocs...')
#5 {main}
  thrown in C:\xampp\htdocs\anhhaisang\wp-content\themes\demo\searchform.php on line 13

2020-04-02T15:18:44+00:00 CRITICAL Uncaught Error: Call to undefined function twentyseventeen_unique_id() in C:\xampp\htdocs\anhhaisang\wp-content\themes\demo\searchform.php:13
Stack trace:
#0 C:\xampp\htdocs\anhhaisang\wp-includes\general-template.php(258): require()
#1 C:\xampp\htdocs\anhhaisang\wp-content\themes\demo\404.php(26): get_search_form()
#2 C:\xampp\htdocs\anhhaisang\wp-includes\template-loader.php(98): include('C:\\xampp\\htdocs...')
#3 C:\xampp\htdocs\anhhaisang\wp-blog-header.php(19): require_once('C:\\xampp\\htdocs...')
#4 C:\xampp\htdocs\anhhaisang\index.php(17): require('C:\\xampp\\htdocs...')
#5 {main}
  thrown in C:\xampp\htdocs\anhhaisang\wp-content\themes\demo\searchform.php on line 13

