2020-03-26T01:34:47+00:00 CRITICAL Uncaught Error: Class 'Elementor\Post_Aside' not found in C:\xampp\htdocs\anhhaisang\wp-content\themes\demo\inc\elementor_widget\elementor_plugin.php:70
Stack trace:
#0 C:\xampp\htdocs\anhhaisang\wp-includes\class-wp-hook.php(288): Plugin->register_widgets(Object(Elementor\Widgets_Manager))
#1 C:\xampp\htdocs\anhhaisang\wp-includes\class-wp-hook.php(312): WP_Hook->apply_filters('', Array)
#2 C:\xampp\htdocs\anhhaisang\wp-includes\plugin.php(478): WP_Hook->do_action(Array)
#3 C:\xampp\htdocs\anhhaisang\wp-content\plugins\elementor\includes\managers\widgets.php(99): do_action('elementor/widge...', Object(Elementor\Widgets_Manager))
#4 C:\xampp\htdocs\anhhaisang\wp-content\plugins\elementor\includes\managers\widgets.php(235): Elementor\Widgets_Manager->init_widgets()
#5 C:\xampp\htdocs\anhhaisang\wp-content\plugins\elementor-pro\modules\global-widget\module.php(43): Elementor\Widgets_Manager->get_widget_types()
#6 C:\xampp\htdocs\anhhaisang\wp-includes\class-wp-hook.php(288): ElementorPro\Modules\GlobalWidget\Mo in C:\xampp\htdocs\anhhaisang\wp-content\themes\demo\inc\elementor_widget\elementor_plugin.php on line 70

2020-03-26T06:13:51+00:00 CRITICAL Uncaught Error: Call to undefined function twentyseventeen_sanitize_colorscheme() in C:\xampp\htdocs\anhhaisang\wp-content\themes\demo\inc\template-functions.php:62
Stack trace:
#0 C:\xampp\htdocs\anhhaisang\wp-includes\class-wp-hook.php(290): twentyseventeen_body_classes(Array)
#1 C:\xampp\htdocs\anhhaisang\wp-includes\plugin.php(206): WP_Hook->apply_filters(Array, Array)
#2 C:\xampp\htdocs\anhhaisang\wp-includes\post-template.php(832): apply_filters('body_class', Array, Array)
#3 C:\xampp\htdocs\anhhaisang\wp-includes\post-template.php(591): get_body_class(Array)
#4 C:\xampp\htdocs\anhhaisang\wp-content\plugins\elementor-pro\modules\theme-builder\views\theme-support-header.php(23): body_class()
#5 C:\xampp\htdocs\anhhaisang\wp-content\plugins\elementor-pro\modules\theme-builder\classes\theme-support.php(71): require('C:\\xampp\\htdocs...')
#6 C:\xampp\htdocs\anhhaisang\wp-includes\class-wp-hook.php(288): ElementorPro\Modules\ThemeBuilder\Classes\Theme_Support->get_header('shop')
#7 C:\xampp\htdocs\anhhaisan in C:\xampp\htdocs\anhhaisang\wp-content\themes\demo\inc\template-functions.php on line 62

2020-03-26T06:14:41+00:00 CRITICAL Uncaught Error: Call to undefined function twentyseventeen_is_frontpage() in C:\xampp\htdocs\anhhaisang\wp-content\themes\demo\template-parts\header\site-branding.php:33
Stack trace:
#0 C:\xampp\htdocs\anhhaisang\wp-includes\template.php(724): require()
#1 C:\xampp\htdocs\anhhaisang\wp-includes\template.php(671): load_template('C:\\xampp\\htdocs...', false)
#2 C:\xampp\htdocs\anhhaisang\wp-includes\general-template.php(168): locate_template(Array, true, false)
#3 C:\xampp\htdocs\anhhaisang\wp-content\themes\demo\template-parts\header\header-image.php(18): get_template_part('template-parts/...', 'branding')
#4 C:\xampp\htdocs\anhhaisang\wp-includes\template.php(724): require('C:\\xampp\\htdocs...')
#5 C:\xampp\htdocs\anhhaisang\wp-includes\template.php(671): load_template('C:\\xampp\\htdocs...', false)
#6 C:\xampp\htdocs\anhhaisang\wp-includes\general-template.php(168): locate_template(Array, true, false)
#7 C:\xampp\htdocs\anhhaisang\wp-content\themes\demo\header.php(32): get_template_part('template-parts/... in C:\xampp\htdocs\anhhaisang\wp-content\themes\demo\template-parts\header\site-branding.php on line 33

2020-03-26T06:16:12+00:00 CRITICAL Uncaught Error: Call to undefined function twentyseventeen_get_svg() in C:\xampp\htdocs\anhhaisang\wp-content\themes\demo\template-parts\navigation\navigation-top.php:15
Stack trace:
#0 C:\xampp\htdocs\anhhaisang\wp-includes\template.php(724): require()
#1 C:\xampp\htdocs\anhhaisang\wp-includes\template.php(671): load_template('C:\\xampp\\htdocs...', false)
#2 C:\xampp\htdocs\anhhaisang\wp-includes\general-template.php(168): locate_template(Array, true, false)
#3 C:\xampp\htdocs\anhhaisang\wp-content\themes\demo\header.php(37): get_template_part('template-parts/...', 'top')
#4 C:\xampp\htdocs\anhhaisang\wp-includes\template.php(722): require_once('C:\\xampp\\htdocs...')
#5 C:\xampp\htdocs\anhhaisang\wp-includes\template.php(671): load_template('C:\\xampp\\htdocs...', true)
#6 C:\xampp\htdocs\anhhaisang\wp-content\plugins\elementor-pro\modules\theme-builder\classes\theme-support.php(85): locate_template(Array, true)
#7 C:\xampp\htdocs\anhhaisang\wp-includes\class-wp-hook.php(288): ElementorPro\Modules\ThemeBui in C:\xampp\htdocs\anhhaisang\wp-content\themes\demo\template-parts\navigation\navigation-top.php on line 15

2020-03-26T06:17:03+00:00 CRITICAL Uncaught Error: Call to undefined function Elementor\twentyseventeen_time_link() in C:\xampp\htdocs\anhhaisang\wp-content\themes\demo\inc\elementor_widget\widgets\post_aside\post_aside.php:230
Stack trace:
#0 C:\xampp\htdocs\anhhaisang\wp-content\plugins\elementor\includes\base\widget-base.php(531): Elementor\Posts_aside->render()
#1 C:\xampp\htdocs\anhhaisang\wp-content\plugins\elementor\includes\base\widget-base.php(661): Elementor\Widget_Base->render_content()
#2 C:\xampp\htdocs\anhhaisang\wp-content\plugins\elementor\includes\base\element-base.php(668): Elementor\Widget_Base->_print_content()
#3 C:\xampp\htdocs\anhhaisang\wp-content\plugins\elementor\includes\base\element-base.php(884): Elementor\Element_Base->print_element()
#4 C:\xampp\htdocs\anhhaisang\wp-content\plugins\elementor\includes\base\element-base.php(668): Elementor\Element_Base->_print_content()
#5 C:\xampp\htdocs\anhhaisang\wp-content\plugins\elementor\includes\base\element-base.php(884): Elementor\Element_Base->print_element()
#6 C:\xampp in C:\xampp\htdocs\anhhaisang\wp-content\themes\demo\inc\elementor_widget\widgets\post_aside\post_aside.php on line 230

2020-03-26T06:19:20+00:00 CRITICAL Uncaught Error: Call to undefined function twentyseventeen_panel_count() in C:\xampp\htdocs\anhhaisang\wp-content\themes\demo\front-page.php:34
Stack trace:
#0 C:\xampp\htdocs\anhhaisang\wp-includes\template-loader.php(98): include()
#1 C:\xampp\htdocs\anhhaisang\wp-blog-header.php(19): require_once('C:\\xampp\\htdocs...')
#2 C:\xampp\htdocs\anhhaisang\index.php(17): require('C:\\xampp\\htdocs...')
#3 {main}
  thrown in C:\xampp\htdocs\anhhaisang\wp-content\themes\demo\front-page.php on line 34

2020-03-26T06:20:10+00:00 CRITICAL Uncaught Error: Call to undefined function twentyseventeen_unique_id() in C:\xampp\htdocs\anhhaisang\wp-content\themes\demo\searchform.php:13
Stack trace:
#0 C:\xampp\htdocs\anhhaisang\wp-includes\general-template.php(258): require()
#1 C:\xampp\htdocs\anhhaisang\wp-content\themes\demo\404.php(26): get_search_form()
#2 C:\xampp\htdocs\anhhaisang\wp-includes\template-loader.php(98): include('C:\\xampp\\htdocs...')
#3 C:\xampp\htdocs\anhhaisang\wp-blog-header.php(19): require_once('C:\\xampp\\htdocs...')
#4 C:\xampp\htdocs\anhhaisang\index.php(17): require('C:\\xampp\\htdocs...')
#5 {main}
  thrown in C:\xampp\htdocs\anhhaisang\wp-content\themes\demo\searchform.php on line 13

2020-03-26T06:20:34+00:00 CRITICAL Uncaught Error: Call to undefined function Elementor\twentyseventeen_time_link() in C:\xampp\htdocs\anhhaisang\wp-content\themes\demo\inc\elementor_widget\widgets\post_aside\post_aside.php:230
Stack trace:
#0 C:\xampp\htdocs\anhhaisang\wp-content\plugins\elementor\includes\base\widget-base.php(531): Elementor\Posts_aside->render()
#1 C:\xampp\htdocs\anhhaisang\wp-content\plugins\elementor\includes\base\widget-base.php(661): Elementor\Widget_Base->render_content()
#2 C:\xampp\htdocs\anhhaisang\wp-content\plugins\elementor\includes\base\element-base.php(668): Elementor\Widget_Base->_print_content()
#3 C:\xampp\htdocs\anhhaisang\wp-content\plugins\elementor\includes\base\element-base.php(884): Elementor\Element_Base->print_element()
#4 C:\xampp\htdocs\anhhaisang\wp-content\plugins\elementor\includes\base\element-base.php(668): Elementor\Element_Base->_print_content()
#5 C:\xampp\htdocs\anhhaisang\wp-content\plugins\elementor\includes\base\element-base.php(884): Elementor\Element_Base->print_element()
#6 C:\xampp in C:\xampp\htdocs\anhhaisang\wp-content\themes\demo\inc\elementor_widget\widgets\post_aside\post_aside.php on line 230

2020-03-26T06:21:44+00:00 CRITICAL Uncaught Error: Call to undefined function Elementor\twentyseventeen_time_link() in C:\xampp\htdocs\anhhaisang\wp-content\themes\demo\inc\elementor_widget\widgets\post_aside\post_aside.php:230
Stack trace:
#0 C:\xampp\htdocs\anhhaisang\wp-content\plugins\elementor\includes\base\widget-base.php(531): Elementor\Posts_aside->render()
#1 C:\xampp\htdocs\anhhaisang\wp-content\plugins\elementor\includes\base\widget-base.php(661): Elementor\Widget_Base->render_content()
#2 C:\xampp\htdocs\anhhaisang\wp-content\plugins\elementor\includes\base\element-base.php(668): Elementor\Widget_Base->_print_content()
#3 C:\xampp\htdocs\anhhaisang\wp-content\plugins\elementor\includes\base\element-base.php(884): Elementor\Element_Base->print_element()
#4 C:\xampp\htdocs\anhhaisang\wp-content\plugins\elementor\includes\base\element-base.php(668): Elementor\Element_Base->_print_content()
#5 C:\xampp\htdocs\anhhaisang\wp-content\plugins\elementor\includes\base\element-base.php(884): Elementor\Element_Base->print_element()
#6 C:\xampp in C:\xampp\htdocs\anhhaisang\wp-content\themes\demo\inc\elementor_widget\widgets\post_aside\post_aside.php on line 230

2020-03-26T06:22:54+00:00 CRITICAL Uncaught Error: Call to undefined function twentyseventeen_unique_id() in C:\xampp\htdocs\anhhaisang\wp-content\themes\demo\searchform.php:13
Stack trace:
#0 C:\xampp\htdocs\anhhaisang\wp-includes\general-template.php(258): require()
#1 C:\xampp\htdocs\anhhaisang\wp-content\themes\demo\404.php(26): get_search_form()
#2 C:\xampp\htdocs\anhhaisang\wp-includes\template-loader.php(98): include('C:\\xampp\\htdocs...')
#3 C:\xampp\htdocs\anhhaisang\wp-blog-header.php(19): require_once('C:\\xampp\\htdocs...')
#4 C:\xampp\htdocs\anhhaisang\index.php(17): require('C:\\xampp\\htdocs...')
#5 {main}
  thrown in C:\xampp\htdocs\anhhaisang\wp-content\themes\demo\searchform.php on line 13

2020-03-26T06:25:35+00:00 CRITICAL Uncaught Error: Call to undefined function Elementor\twentyseventeen_time_link() in C:\xampp\htdocs\anhhaisang\wp-content\themes\demo\inc\elementor_widget\widgets\post_aside\post_aside.php:230
Stack trace:
#0 C:\xampp\htdocs\anhhaisang\wp-content\plugins\elementor\includes\base\widget-base.php(531): Elementor\Posts_aside->render()
#1 C:\xampp\htdocs\anhhaisang\wp-content\plugins\elementor\includes\base\widget-base.php(661): Elementor\Widget_Base->render_content()
#2 C:\xampp\htdocs\anhhaisang\wp-content\plugins\elementor\includes\base\element-base.php(668): Elementor\Widget_Base->_print_content()
#3 C:\xampp\htdocs\anhhaisang\wp-content\plugins\elementor\includes\base\element-base.php(884): Elementor\Element_Base->print_element()
#4 C:\xampp\htdocs\anhhaisang\wp-content\plugins\elementor\includes\base\element-base.php(668): Elementor\Element_Base->_print_content()
#5 C:\xampp\htdocs\anhhaisang\wp-content\plugins\elementor\includes\base\element-base.php(884): Elementor\Element_Base->print_element()
#6 C:\xampp in C:\xampp\htdocs\anhhaisang\wp-content\themes\demo\inc\elementor_widget\widgets\post_aside\post_aside.php on line 230

2020-03-26T06:26:32+00:00 CRITICAL Uncaught Error: Call to undefined function twentyseventeen_entry_footer() in C:\xampp\htdocs\anhhaisang\wp-content\themes\demo\template-parts\post\content.php:97
Stack trace:
#0 C:\xampp\htdocs\anhhaisang\wp-includes\template.php(724): require()
#1 C:\xampp\htdocs\anhhaisang\wp-includes\template.php(671): load_template('C:\\xampp\\htdocs...', false)
#2 C:\xampp\htdocs\anhhaisang\wp-includes\general-template.php(168): locate_template(Array, true, false)
#3 C:\xampp\htdocs\anhhaisang\wp-content\themes\demo\single.php(61): get_template_part('template-parts/...', '')
#4 C:\xampp\htdocs\anhhaisang\wp-includes\template-loader.php(98): include('C:\\xampp\\htdocs...')
#5 C:\xampp\htdocs\anhhaisang\wp-blog-header.php(19): require_once('C:\\xampp\\htdocs...')
#6 C:\xampp\htdocs\anhhaisang\index.php(17): require('C:\\xampp\\htdocs...')
#7 {main}
  thrown in C:\xampp\htdocs\anhhaisang\wp-content\themes\demo\template-parts\post\content.php on line 97

2020-03-26T06:26:35+00:00 CRITICAL Uncaught Error: Call to undefined function twentyseventeen_entry_footer() in C:\xampp\htdocs\anhhaisang\wp-content\themes\demo\template-parts\post\content.php:97
Stack trace:
#0 C:\xampp\htdocs\anhhaisang\wp-includes\template.php(724): require()
#1 C:\xampp\htdocs\anhhaisang\wp-includes\template.php(671): load_template('C:\\xampp\\htdocs...', false)
#2 C:\xampp\htdocs\anhhaisang\wp-includes\general-template.php(168): locate_template(Array, true, false)
#3 C:\xampp\htdocs\anhhaisang\wp-content\themes\demo\single.php(61): get_template_part('template-parts/...', '')
#4 C:\xampp\htdocs\anhhaisang\wp-includes\template-loader.php(98): include('C:\\xampp\\htdocs...')
#5 C:\xampp\htdocs\anhhaisang\wp-blog-header.php(19): require_once('C:\\xampp\\htdocs...')
#6 C:\xampp\htdocs\anhhaisang\index.php(17): require('C:\\xampp\\htdocs...')
#7 {main}
  thrown in C:\xampp\htdocs\anhhaisang\wp-content\themes\demo\template-parts\post\content.php on line 97

2020-03-26T06:26:54+00:00 CRITICAL Uncaught Error: Call to undefined function Elementor\twentyseventeen_time_link() in C:\xampp\htdocs\anhhaisang\wp-content\themes\demo\inc\elementor_widget\widgets\post_aside\post_aside.php:230
Stack trace:
#0 C:\xampp\htdocs\anhhaisang\wp-content\plugins\elementor\includes\base\widget-base.php(531): Elementor\Posts_aside->render()
#1 C:\xampp\htdocs\anhhaisang\wp-content\plugins\elementor\includes\base\widget-base.php(644): Elementor\Widget_Base->render_content()
#2 C:\xampp\htdocs\anhhaisang\wp-content\plugins\elementor\includes\base\element-base.php(746): Elementor\Widget_Base->get_raw_data(true)
#3 C:\xampp\htdocs\anhhaisang\wp-content\plugins\elementor\includes\base\element-base.php(746): Elementor\Element_Base->get_raw_data(true)
#4 C:\xampp\htdocs\anhhaisang\wp-content\plugins\elementor\core\base\document.php(713): Elementor\Element_Base->get_raw_data(true)
#5 C:\xampp\htdocs\anhhaisang\wp-content\plugins\elementor-pro\modules\theme-builder\documents\theme-document.php(197): Elementor\Core\Base\Document in C:\xampp\htdocs\anhhaisang\wp-content\themes\demo\inc\elementor_widget\widgets\post_aside\post_aside.php on line 230

2020-03-26T06:27:45+00:00 CRITICAL Uncaught Error: Call to undefined function twentyseventeen_entry_footer() in C:\xampp\htdocs\anhhaisang\wp-content\themes\demo\template-parts\post\content.php:97
Stack trace:
#0 C:\xampp\htdocs\anhhaisang\wp-includes\template.php(724): require()
#1 C:\xampp\htdocs\anhhaisang\wp-includes\template.php(671): load_template('C:\\xampp\\htdocs...', false)
#2 C:\xampp\htdocs\anhhaisang\wp-includes\general-template.php(168): locate_template(Array, true, false)
#3 C:\xampp\htdocs\anhhaisang\wp-content\themes\demo\single.php(61): get_template_part('template-parts/...', '')
#4 C:\xampp\htdocs\anhhaisang\wp-includes\template-loader.php(98): include('C:\\xampp\\htdocs...')
#5 C:\xampp\htdocs\anhhaisang\wp-blog-header.php(19): require_once('C:\\xampp\\htdocs...')
#6 C:\xampp\htdocs\anhhaisang\index.php(17): require('C:\\xampp\\htdocs...')
#7 {main}
  thrown in C:\xampp\htdocs\anhhaisang\wp-content\themes\demo\template-parts\post\content.php on line 97

2020-03-26T06:27:47+00:00 CRITICAL Uncaught Error: Call to undefined function twentyseventeen_entry_footer() in C:\xampp\htdocs\anhhaisang\wp-content\themes\demo\template-parts\post\content.php:97
Stack trace:
#0 C:\xampp\htdocs\anhhaisang\wp-includes\template.php(724): require()
#1 C:\xampp\htdocs\anhhaisang\wp-includes\template.php(671): load_template('C:\\xampp\\htdocs...', false)
#2 C:\xampp\htdocs\anhhaisang\wp-includes\general-template.php(168): locate_template(Array, true, false)
#3 C:\xampp\htdocs\anhhaisang\wp-content\themes\demo\single.php(61): get_template_part('template-parts/...', '')
#4 C:\xampp\htdocs\anhhaisang\wp-includes\template-loader.php(98): include('C:\\xampp\\htdocs...')
#5 C:\xampp\htdocs\anhhaisang\wp-blog-header.php(19): require_once('C:\\xampp\\htdocs...')
#6 C:\xampp\htdocs\anhhaisang\index.php(17): require('C:\\xampp\\htdocs...')
#7 {main}
  thrown in C:\xampp\htdocs\anhhaisang\wp-content\themes\demo\template-parts\post\content.php on line 97

2020-03-26T06:27:58+00:00 CRITICAL Uncaught Error: Call to undefined function twentyseventeen_entry_footer() in C:\xampp\htdocs\anhhaisang\wp-content\themes\demo\template-parts\post\content.php:97
Stack trace:
#0 C:\xampp\htdocs\anhhaisang\wp-includes\template.php(724): require()
#1 C:\xampp\htdocs\anhhaisang\wp-includes\template.php(671): load_template('C:\\xampp\\htdocs...', false)
#2 C:\xampp\htdocs\anhhaisang\wp-includes\general-template.php(168): locate_template(Array, true, false)
#3 C:\xampp\htdocs\anhhaisang\wp-content\themes\demo\single.php(61): get_template_part('template-parts/...', '')
#4 C:\xampp\htdocs\anhhaisang\wp-includes\template-loader.php(98): include('C:\\xampp\\htdocs...')
#5 C:\xampp\htdocs\anhhaisang\wp-blog-header.php(19): require_once('C:\\xampp\\htdocs...')
#6 C:\xampp\htdocs\anhhaisang\index.php(17): require('C:\\xampp\\htdocs...')
#7 {main}
  thrown in C:\xampp\htdocs\anhhaisang\wp-content\themes\demo\template-parts\post\content.php on line 97

2020-03-26T06:28:47+00:00 CRITICAL Uncaught Error: Call to undefined function twentyseventeen_entry_footer() in C:\xampp\htdocs\anhhaisang\wp-content\themes\demo\template-parts\post\content.php:90
Stack trace:
#0 C:\xampp\htdocs\anhhaisang\wp-includes\template.php(724): require()
#1 C:\xampp\htdocs\anhhaisang\wp-includes\template.php(671): load_template('C:\\xampp\\htdocs...', false)
#2 C:\xampp\htdocs\anhhaisang\wp-includes\general-template.php(168): locate_template(Array, true, false)
#3 C:\xampp\htdocs\anhhaisang\wp-content\themes\demo\single.php(61): get_template_part('template-parts/...', '')
#4 C:\xampp\htdocs\anhhaisang\wp-includes\template-loader.php(98): include('C:\\xampp\\htdocs...')
#5 C:\xampp\htdocs\anhhaisang\wp-blog-header.php(19): require_once('C:\\xampp\\htdocs...')
#6 C:\xampp\htdocs\anhhaisang\index.php(17): require('C:\\xampp\\htdocs...')
#7 {main}
  thrown in C:\xampp\htdocs\anhhaisang\wp-content\themes\demo\template-parts\post\content.php on line 90

2020-03-26T06:34:17+00:00 CRITICAL Uncaught Error: Call to undefined function twentyseventeen_unique_id() in C:\xampp\htdocs\anhhaisang\wp-content\themes\demo\searchform.php:13
Stack trace:
#0 C:\xampp\htdocs\anhhaisang\wp-includes\general-template.php(258): require()
#1 C:\xampp\htdocs\anhhaisang\wp-content\themes\demo\404.php(26): get_search_form()
#2 C:\xampp\htdocs\anhhaisang\wp-includes\template-loader.php(98): include('C:\\xampp\\htdocs...')
#3 C:\xampp\htdocs\anhhaisang\wp-blog-header.php(19): require_once('C:\\xampp\\htdocs...')
#4 C:\xampp\htdocs\anhhaisang\index.php(17): require('C:\\xampp\\htdocs...')
#5 {main}
  thrown in C:\xampp\htdocs\anhhaisang\wp-content\themes\demo\searchform.php on line 13

2020-03-26T06:39:11+00:00 CRITICAL Uncaught Error: Call to undefined function twentyseventeen_unique_id() in C:\xampp\htdocs\anhhaisang\wp-content\themes\demo\searchform.php:13
Stack trace:
#0 C:\xampp\htdocs\anhhaisang\wp-includes\general-template.php(258): require()
#1 C:\xampp\htdocs\anhhaisang\wp-content\themes\demo\404.php(26): get_search_form()
#2 C:\xampp\htdocs\anhhaisang\wp-includes\template-loader.php(98): include('C:\\xampp\\htdocs...')
#3 C:\xampp\htdocs\anhhaisang\wp-blog-header.php(19): require_once('C:\\xampp\\htdocs...')
#4 C:\xampp\htdocs\anhhaisang\index.php(17): require('C:\\xampp\\htdocs...')
#5 {main}
  thrown in C:\xampp\htdocs\anhhaisang\wp-content\themes\demo\searchform.php on line 13

2020-03-26T06:39:16+00:00 CRITICAL Uncaught Error: Call to undefined function twentyseventeen_time_link() in C:\xampp\htdocs\anhhaisang\wp-content\themes\demo\template-parts\post\content.php:45
Stack trace:
#0 C:\xampp\htdocs\anhhaisang\wp-includes\template.php(724): require()
#1 C:\xampp\htdocs\anhhaisang\wp-includes\template.php(671): load_template('C:\\xampp\\htdocs...', false)
#2 C:\xampp\htdocs\anhhaisang\wp-includes\general-template.php(168): locate_template(Array, true, false)
#3 C:\xampp\htdocs\anhhaisang\wp-content\themes\demo\single.php(61): get_template_part('template-parts/...', '')
#4 C:\xampp\htdocs\anhhaisang\wp-includes\template-loader.php(98): include('C:\\xampp\\htdocs...')
#5 C:\xampp\htdocs\anhhaisang\wp-blog-header.php(19): require_once('C:\\xampp\\htdocs...')
#6 C:\xampp\htdocs\anhhaisang\index.php(17): require('C:\\xampp\\htdocs...')
#7 {main}
  thrown in C:\xampp\htdocs\anhhaisang\wp-content\themes\demo\template-parts\post\content.php on line 45

2020-03-26T06:39:57+00:00 CRITICAL Uncaught Error: Call to undefined function twentyseventeen_get_svg() in C:\xampp\htdocs\anhhaisang\wp-content\themes\demo\comments.php:85
Stack trace:
#0 C:\xampp\htdocs\anhhaisang\wp-includes\comment-template.php(1508): require()
#1 C:\xampp\htdocs\anhhaisang\wp-content\themes\demo\single.php(65): comments_template()
#2 C:\xampp\htdocs\anhhaisang\wp-includes\template-loader.php(98): include('C:\\xampp\\htdocs...')
#3 C:\xampp\htdocs\anhhaisang\wp-blog-header.php(19): require_once('C:\\xampp\\htdocs...')
#4 C:\xampp\htdocs\anhhaisang\index.php(17): require('C:\\xampp\\htdocs...')
#5 {main}
  thrown in C:\xampp\htdocs\anhhaisang\wp-content\themes\demo\comments.php on line 85

2020-03-26T06:40:30+00:00 CRITICAL Uncaught Error: Call to undefined function twentyseventeen_get_svg() in C:\xampp\htdocs\anhhaisang\wp-content\themes\demo\comments.php:85
Stack trace:
#0 C:\xampp\htdocs\anhhaisang\wp-includes\comment-template.php(1508): require()
#1 C:\xampp\htdocs\anhhaisang\wp-content\themes\demo\single.php(65): comments_template()
#2 C:\xampp\htdocs\anhhaisang\wp-includes\template-loader.php(98): include('C:\\xampp\\htdocs...')
#3 C:\xampp\htdocs\anhhaisang\wp-blog-header.php(19): require_once('C:\\xampp\\htdocs...')
#4 C:\xampp\htdocs\anhhaisang\index.php(17): require('C:\\xampp\\htdocs...')
#5 {main}
  thrown in C:\xampp\htdocs\anhhaisang\wp-content\themes\demo\comments.php on line 85

2020-03-26T06:40:40+00:00 CRITICAL Uncaught Error: Call to undefined function twentyseventeen_get_svg() in C:\xampp\htdocs\anhhaisang\wp-content\themes\demo\comments.php:85
Stack trace:
#0 C:\xampp\htdocs\anhhaisang\wp-includes\comment-template.php(1508): require()
#1 C:\xampp\htdocs\anhhaisang\wp-content\themes\demo\single.php(65): comments_template()
#2 C:\xampp\htdocs\anhhaisang\wp-includes\template-loader.php(98): include('C:\\xampp\\htdocs...')
#3 C:\xampp\htdocs\anhhaisang\wp-blog-header.php(19): require_once('C:\\xampp\\htdocs...')
#4 C:\xampp\htdocs\anhhaisang\index.php(17): require('C:\\xampp\\htdocs...')
#5 {main}
  thrown in C:\xampp\htdocs\anhhaisang\wp-content\themes\demo\comments.php on line 85

2020-03-26T06:51:18+00:00 CRITICAL Uncaught Error: Call to undefined function twentyseventeen_get_svg() in C:\xampp\htdocs\anhhaisang\wp-content\themes\demo\comments.php:85
Stack trace:
#0 C:\xampp\htdocs\anhhaisang\wp-includes\comment-template.php(1508): require()
#1 C:\xampp\htdocs\anhhaisang\wp-content\themes\demo\single.php(65): comments_template()
#2 C:\xampp\htdocs\anhhaisang\wp-includes\template-loader.php(98): include('C:\\xampp\\htdocs...')
#3 C:\xampp\htdocs\anhhaisang\wp-blog-header.php(19): require_once('C:\\xampp\\htdocs...')
#4 C:\xampp\htdocs\anhhaisang\index.php(17): require('C:\\xampp\\htdocs...')
#5 {main}
  thrown in C:\xampp\htdocs\anhhaisang\wp-content\themes\demo\comments.php on line 85

2020-03-26T06:51:58+00:00 CRITICAL Uncaught Error: Call to undefined function twentyseventeen_get_svg() in C:\xampp\htdocs\anhhaisang\wp-content\themes\demo\comments.php:85
Stack trace:
#0 C:\xampp\htdocs\anhhaisang\wp-includes\comment-template.php(1508): require()
#1 C:\xampp\htdocs\anhhaisang\wp-content\themes\demo\single.php(65): comments_template()
#2 C:\xampp\htdocs\anhhaisang\wp-includes\template-loader.php(98): include('C:\\xampp\\htdocs...')
#3 C:\xampp\htdocs\anhhaisang\wp-blog-header.php(19): require_once('C:\\xampp\\htdocs...')
#4 C:\xampp\htdocs\anhhaisang\index.php(17): require('C:\\xampp\\htdocs...')
#5 {main}
  thrown in C:\xampp\htdocs\anhhaisang\wp-content\themes\demo\comments.php on line 85

2020-03-26T06:55:59+00:00 CRITICAL Uncaught Error: Call to undefined function twentyseventeen_get_svg() in C:\xampp\htdocs\anhhaisang\wp-content\themes\demo\comments.php:85
Stack trace:
#0 C:\xampp\htdocs\anhhaisang\wp-includes\comment-template.php(1508): require()
#1 C:\xampp\htdocs\anhhaisang\wp-content\themes\demo\single.php(65): comments_template()
#2 C:\xampp\htdocs\anhhaisang\wp-includes\template-loader.php(98): include('C:\\xampp\\htdocs...')
#3 C:\xampp\htdocs\anhhaisang\wp-blog-header.php(19): require_once('C:\\xampp\\htdocs...')
#4 C:\xampp\htdocs\anhhaisang\index.php(17): require('C:\\xampp\\htdocs...')
#5 {main}
  thrown in C:\xampp\htdocs\anhhaisang\wp-content\themes\demo\comments.php on line 85

2020-03-26T06:58:19+00:00 CRITICAL Uncaught Error: Call to undefined function twentyseventeen_unique_id() in C:\xampp\htdocs\anhhaisang\wp-content\themes\demo\searchform.php:13
Stack trace:
#0 C:\xampp\htdocs\anhhaisang\wp-includes\general-template.php(258): require()
#1 C:\xampp\htdocs\anhhaisang\wp-content\themes\demo\404.php(26): get_search_form()
#2 C:\xampp\htdocs\anhhaisang\wp-includes\template-loader.php(98): include('C:\\xampp\\htdocs...')
#3 C:\xampp\htdocs\anhhaisang\wp-blog-header.php(19): require_once('C:\\xampp\\htdocs...')
#4 C:\xampp\htdocs\anhhaisang\index.php(17): require('C:\\xampp\\htdocs...')
#5 {main}
  thrown in C:\xampp\htdocs\anhhaisang\wp-content\themes\demo\searchform.php on line 13

2020-03-26T06:59:36+00:00 CRITICAL Uncaught Error: Call to undefined function twentyseventeen_unique_id() in C:\xampp\htdocs\anhhaisang\wp-content\themes\demo\searchform.php:13
Stack trace:
#0 C:\xampp\htdocs\anhhaisang\wp-includes\general-template.php(258): require()
#1 C:\xampp\htdocs\anhhaisang\wp-content\themes\demo\404.php(26): get_search_form()
#2 C:\xampp\htdocs\anhhaisang\wp-includes\template-loader.php(98): include('C:\\xampp\\htdocs...')
#3 C:\xampp\htdocs\anhhaisang\wp-blog-header.php(19): require_once('C:\\xampp\\htdocs...')
#4 C:\xampp\htdocs\anhhaisang\index.php(17): require('C:\\xampp\\htdocs...')
#5 {main}
  thrown in C:\xampp\htdocs\anhhaisang\wp-content\themes\demo\searchform.php on line 13

2020-03-26T07:02:14+00:00 CRITICAL Uncaught Error: Call to undefined function twentyseventeen_unique_id() in C:\xampp\htdocs\anhhaisang\wp-content\themes\demo\searchform.php:13
Stack trace:
#0 C:\xampp\htdocs\anhhaisang\wp-includes\general-template.php(258): require()
#1 C:\xampp\htdocs\anhhaisang\wp-content\themes\demo\404.php(26): get_search_form()
#2 C:\xampp\htdocs\anhhaisang\wp-includes\template-loader.php(98): include('C:\\xampp\\htdocs...')
#3 C:\xampp\htdocs\anhhaisang\wp-blog-header.php(19): require_once('C:\\xampp\\htdocs...')
#4 C:\xampp\htdocs\anhhaisang\index.php(17): require('C:\\xampp\\htdocs...')
#5 {main}
  thrown in C:\xampp\htdocs\anhhaisang\wp-content\themes\demo\searchform.php on line 13

2020-03-26T07:05:45+00:00 CRITICAL Uncaught Error: Call to undefined function twentyseventeen_unique_id() in C:\xampp\htdocs\anhhaisang\wp-content\themes\demo\searchform.php:13
Stack trace:
#0 C:\xampp\htdocs\anhhaisang\wp-includes\general-template.php(258): require()
#1 C:\xampp\htdocs\anhhaisang\wp-content\themes\demo\404.php(26): get_search_form()
#2 C:\xampp\htdocs\anhhaisang\wp-includes\template-loader.php(98): include('C:\\xampp\\htdocs...')
#3 C:\xampp\htdocs\anhhaisang\wp-blog-header.php(19): require_once('C:\\xampp\\htdocs...')
#4 C:\xampp\htdocs\anhhaisang\index.php(17): require('C:\\xampp\\htdocs...')
#5 {main}
  thrown in C:\xampp\htdocs\anhhaisang\wp-content\themes\demo\searchform.php on line 13

2020-03-26T07:06:55+00:00 CRITICAL Uncaught Error: Call to undefined function twentyseventeen_unique_id() in C:\xampp\htdocs\anhhaisang\wp-content\themes\demo\searchform.php:13
Stack trace:
#0 C:\xampp\htdocs\anhhaisang\wp-includes\general-template.php(258): require()
#1 C:\xampp\htdocs\anhhaisang\wp-content\themes\demo\404.php(26): get_search_form()
#2 C:\xampp\htdocs\anhhaisang\wp-includes\template-loader.php(98): include('C:\\xampp\\htdocs...')
#3 C:\xampp\htdocs\anhhaisang\wp-blog-header.php(19): require_once('C:\\xampp\\htdocs...')
#4 C:\xampp\htdocs\anhhaisang\index.php(17): require('C:\\xampp\\htdocs...')
#5 {main}
  thrown in C:\xampp\htdocs\anhhaisang\wp-content\themes\demo\searchform.php on line 13

2020-03-26T07:11:20+00:00 CRITICAL Uncaught Error: Call to undefined function twentyseventeen_unique_id() in C:\xampp\htdocs\anhhaisang\wp-content\themes\demo\searchform.php:13
Stack trace:
#0 C:\xampp\htdocs\anhhaisang\wp-includes\general-template.php(258): require()
#1 C:\xampp\htdocs\anhhaisang\wp-content\themes\demo\404.php(26): get_search_form()
#2 C:\xampp\htdocs\anhhaisang\wp-includes\template-loader.php(98): include('C:\\xampp\\htdocs...')
#3 C:\xampp\htdocs\anhhaisang\wp-blog-header.php(19): require_once('C:\\xampp\\htdocs...')
#4 C:\xampp\htdocs\anhhaisang\index.php(17): require('C:\\xampp\\htdocs...')
#5 {main}
  thrown in C:\xampp\htdocs\anhhaisang\wp-content\themes\demo\searchform.php on line 13

2020-03-26T07:14:07+00:00 CRITICAL Uncaught Error: Call to undefined function twentyseventeen_unique_id() in C:\xampp\htdocs\anhhaisang\wp-content\themes\demo\searchform.php:13
Stack trace:
#0 C:\xampp\htdocs\anhhaisang\wp-includes\general-template.php(258): require()
#1 C:\xampp\htdocs\anhhaisang\wp-content\themes\demo\404.php(26): get_search_form()
#2 C:\xampp\htdocs\anhhaisang\wp-includes\template-loader.php(98): include('C:\\xampp\\htdocs...')
#3 C:\xampp\htdocs\anhhaisang\wp-blog-header.php(19): require_once('C:\\xampp\\htdocs...')
#4 C:\xampp\htdocs\anhhaisang\index.php(17): require('C:\\xampp\\htdocs...')
#5 {main}
  thrown in C:\xampp\htdocs\anhhaisang\wp-content\themes\demo\searchform.php on line 13

2020-03-26T07:17:14+00:00 CRITICAL Uncaught Error: Call to undefined function twentyseventeen_unique_id() in C:\xampp\htdocs\anhhaisang\wp-content\themes\demo\searchform.php:13
Stack trace:
#0 C:\xampp\htdocs\anhhaisang\wp-includes\general-template.php(258): require()
#1 C:\xampp\htdocs\anhhaisang\wp-content\themes\demo\404.php(26): get_search_form()
#2 C:\xampp\htdocs\anhhaisang\wp-includes\template-loader.php(98): include('C:\\xampp\\htdocs...')
#3 C:\xampp\htdocs\anhhaisang\wp-blog-header.php(19): require_once('C:\\xampp\\htdocs...')
#4 C:\xampp\htdocs\anhhaisang\index.php(17): require('C:\\xampp\\htdocs...')
#5 {main}
  thrown in C:\xampp\htdocs\anhhaisang\wp-content\themes\demo\searchform.php on line 13

2020-03-26T07:17:27+00:00 CRITICAL Uncaught Error: Call to undefined function twentyseventeen_unique_id() in C:\xampp\htdocs\anhhaisang\wp-content\themes\demo\searchform.php:13
Stack trace:
#0 C:\xampp\htdocs\anhhaisang\wp-includes\general-template.php(258): require()
#1 C:\xampp\htdocs\anhhaisang\wp-content\themes\demo\404.php(26): get_search_form()
#2 C:\xampp\htdocs\anhhaisang\wp-includes\template-loader.php(98): include('C:\\xampp\\htdocs...')
#3 C:\xampp\htdocs\anhhaisang\wp-blog-header.php(19): require_once('C:\\xampp\\htdocs...')
#4 C:\xampp\htdocs\anhhaisang\index.php(17): require('C:\\xampp\\htdocs...')
#5 {main}
  thrown in C:\xampp\htdocs\anhhaisang\wp-content\themes\demo\searchform.php on line 13

2020-03-26T07:29:11+00:00 CRITICAL Uncaught Error: Call to undefined function twentyseventeen_unique_id() in C:\xampp\htdocs\anhhaisang\wp-content\themes\demo\searchform.php:13
Stack trace:
#0 C:\xampp\htdocs\anhhaisang\wp-includes\general-template.php(258): require()
#1 C:\xampp\htdocs\anhhaisang\wp-content\themes\demo\404.php(26): get_search_form()
#2 C:\xampp\htdocs\anhhaisang\wp-includes\template-loader.php(98): include('C:\\xampp\\htdocs...')
#3 C:\xampp\htdocs\anhhaisang\wp-blog-header.php(19): require_once('C:\\xampp\\htdocs...')
#4 C:\xampp\htdocs\anhhaisang\index.php(17): require('C:\\xampp\\htdocs...')
#5 {main}
  thrown in C:\xampp\htdocs\anhhaisang\wp-content\themes\demo\searchform.php on line 13

2020-03-26T07:30:06+00:00 CRITICAL Uncaught Error: Call to undefined function twentyseventeen_unique_id() in C:\xampp\htdocs\anhhaisang\wp-content\themes\demo\searchform.php:13
Stack trace:
#0 C:\xampp\htdocs\anhhaisang\wp-includes\general-template.php(258): require()
#1 C:\xampp\htdocs\anhhaisang\wp-content\themes\demo\404.php(26): get_search_form()
#2 C:\xampp\htdocs\anhhaisang\wp-includes\template-loader.php(98): include('C:\\xampp\\htdocs...')
#3 C:\xampp\htdocs\anhhaisang\wp-blog-header.php(19): require_once('C:\\xampp\\htdocs...')
#4 C:\xampp\htdocs\anhhaisang\index.php(17): require('C:\\xampp\\htdocs...')
#5 {main}
  thrown in C:\xampp\htdocs\anhhaisang\wp-content\themes\demo\searchform.php on line 13

2020-03-26T07:30:51+00:00 CRITICAL Uncaught Error: Call to undefined function twentyseventeen_unique_id() in C:\xampp\htdocs\anhhaisang\wp-content\themes\demo\searchform.php:13
Stack trace:
#0 C:\xampp\htdocs\anhhaisang\wp-includes\general-template.php(258): require()
#1 C:\xampp\htdocs\anhhaisang\wp-content\themes\demo\404.php(26): get_search_form()
#2 C:\xampp\htdocs\anhhaisang\wp-includes\template-loader.php(98): include('C:\\xampp\\htdocs...')
#3 C:\xampp\htdocs\anhhaisang\wp-blog-header.php(19): require_once('C:\\xampp\\htdocs...')
#4 C:\xampp\htdocs\anhhaisang\index.php(17): require('C:\\xampp\\htdocs...')
#5 {main}
  thrown in C:\xampp\htdocs\anhhaisang\wp-content\themes\demo\searchform.php on line 13

2020-03-26T07:43:03+00:00 CRITICAL Uncaught Error: Call to undefined function twentyseventeen_unique_id() in C:\xampp\htdocs\anhhaisang\wp-content\themes\demo\searchform.php:13
Stack trace:
#0 C:\xampp\htdocs\anhhaisang\wp-includes\general-template.php(258): require()
#1 C:\xampp\htdocs\anhhaisang\wp-content\themes\demo\404.php(26): get_search_form()
#2 C:\xampp\htdocs\anhhaisang\wp-includes\template-loader.php(98): include('C:\\xampp\\htdocs...')
#3 C:\xampp\htdocs\anhhaisang\wp-blog-header.php(19): require_once('C:\\xampp\\htdocs...')
#4 C:\xampp\htdocs\anhhaisang\index.php(17): require('C:\\xampp\\htdocs...')
#5 {main}
  thrown in C:\xampp\htdocs\anhhaisang\wp-content\themes\demo\searchform.php on line 13

2020-03-26T07:45:38+00:00 CRITICAL Uncaught Error: Call to undefined function twentyseventeen_unique_id() in C:\xampp\htdocs\anhhaisang\wp-content\themes\demo\searchform.php:13
Stack trace:
#0 C:\xampp\htdocs\anhhaisang\wp-includes\general-template.php(258): require()
#1 C:\xampp\htdocs\anhhaisang\wp-content\themes\demo\404.php(26): get_search_form()
#2 C:\xampp\htdocs\anhhaisang\wp-includes\template-loader.php(98): include('C:\\xampp\\htdocs...')
#3 C:\xampp\htdocs\anhhaisang\wp-blog-header.php(19): require_once('C:\\xampp\\htdocs...')
#4 C:\xampp\htdocs\anhhaisang\index.php(17): require('C:\\xampp\\htdocs...')
#5 {main}
  thrown in C:\xampp\htdocs\anhhaisang\wp-content\themes\demo\searchform.php on line 13

2020-03-26T07:56:38+00:00 CRITICAL Uncaught Error: Call to undefined function twentyseventeen_unique_id() in C:\xampp\htdocs\anhhaisang\wp-content\themes\demo\searchform.php:13
Stack trace:
#0 C:\xampp\htdocs\anhhaisang\wp-includes\general-template.php(258): require()
#1 C:\xampp\htdocs\anhhaisang\wp-content\themes\demo\404.php(26): get_search_form()
#2 C:\xampp\htdocs\anhhaisang\wp-includes\template-loader.php(98): include('C:\\xampp\\htdocs...')
#3 C:\xampp\htdocs\anhhaisang\wp-blog-header.php(19): require_once('C:\\xampp\\htdocs...')
#4 C:\xampp\htdocs\anhhaisang\index.php(17): require('C:\\xampp\\htdocs...')
#5 {main}
  thrown in C:\xampp\htdocs\anhhaisang\wp-content\themes\demo\searchform.php on line 13

2020-03-26T08:00:59+00:00 CRITICAL Uncaught Error: Call to undefined function twentyseventeen_unique_id() in C:\xampp\htdocs\anhhaisang\wp-content\themes\demo\searchform.php:13
Stack trace:
#0 C:\xampp\htdocs\anhhaisang\wp-includes\general-template.php(258): require()
#1 C:\xampp\htdocs\anhhaisang\wp-content\themes\demo\404.php(26): get_search_form()
#2 C:\xampp\htdocs\anhhaisang\wp-includes\template-loader.php(98): include('C:\\xampp\\htdocs...')
#3 C:\xampp\htdocs\anhhaisang\wp-blog-header.php(19): require_once('C:\\xampp\\htdocs...')
#4 C:\xampp\htdocs\anhhaisang\index.php(17): require('C:\\xampp\\htdocs...')
#5 {main}
  thrown in C:\xampp\htdocs\anhhaisang\wp-content\themes\demo\searchform.php on line 13

2020-03-26T08:20:04+00:00 CRITICAL Uncaught Error: Call to undefined function twentyseventeen_unique_id() in C:\xampp\htdocs\anhhaisang\wp-content\themes\demo\searchform.php:13
Stack trace:
#0 C:\xampp\htdocs\anhhaisang\wp-includes\general-template.php(258): require()
#1 C:\xampp\htdocs\anhhaisang\wp-content\themes\demo\404.php(26): get_search_form()
#2 C:\xampp\htdocs\anhhaisang\wp-includes\template-loader.php(98): include('C:\\xampp\\htdocs...')
#3 C:\xampp\htdocs\anhhaisang\wp-blog-header.php(19): require_once('C:\\xampp\\htdocs...')
#4 C:\xampp\htdocs\anhhaisang\index.php(17): require('C:\\xampp\\htdocs...')
#5 {main}
  thrown in C:\xampp\htdocs\anhhaisang\wp-content\themes\demo\searchform.php on line 13

2020-03-26T08:20:35+00:00 CRITICAL Uncaught Error: Call to undefined function twentyseventeen_unique_id() in C:\xampp\htdocs\anhhaisang\wp-content\themes\demo\searchform.php:13
Stack trace:
#0 C:\xampp\htdocs\anhhaisang\wp-includes\general-template.php(258): require()
#1 C:\xampp\htdocs\anhhaisang\wp-content\themes\demo\404.php(26): get_search_form()
#2 C:\xampp\htdocs\anhhaisang\wp-includes\template-loader.php(98): include('C:\\xampp\\htdocs...')
#3 C:\xampp\htdocs\anhhaisang\wp-blog-header.php(19): require_once('C:\\xampp\\htdocs...')
#4 C:\xampp\htdocs\anhhaisang\index.php(17): require('C:\\xampp\\htdocs...')
#5 {main}
  thrown in C:\xampp\htdocs\anhhaisang\wp-content\themes\demo\searchform.php on line 13

2020-03-26T08:26:16+00:00 CRITICAL Uncaught Error: Call to undefined function twentyseventeen_unique_id() in C:\xampp\htdocs\anhhaisang\wp-content\themes\demo\searchform.php:13
Stack trace:
#0 C:\xampp\htdocs\anhhaisang\wp-includes\general-template.php(258): require()
#1 C:\xampp\htdocs\anhhaisang\wp-content\themes\demo\404.php(26): get_search_form()
#2 C:\xampp\htdocs\anhhaisang\wp-includes\template-loader.php(98): include('C:\\xampp\\htdocs...')
#3 C:\xampp\htdocs\anhhaisang\wp-blog-header.php(19): require_once('C:\\xampp\\htdocs...')
#4 C:\xampp\htdocs\anhhaisang\index.php(17): require('C:\\xampp\\htdocs...')
#5 {main}
  thrown in C:\xampp\htdocs\anhhaisang\wp-content\themes\demo\searchform.php on line 13

2020-03-26T08:29:07+00:00 CRITICAL Uncaught Error: Call to undefined function twentyseventeen_unique_id() in C:\xampp\htdocs\anhhaisang\wp-content\themes\demo\searchform.php:13
Stack trace:
#0 C:\xampp\htdocs\anhhaisang\wp-includes\general-template.php(258): require()
#1 C:\xampp\htdocs\anhhaisang\wp-content\themes\demo\404.php(26): get_search_form()
#2 C:\xampp\htdocs\anhhaisang\wp-includes\template-loader.php(98): include('C:\\xampp\\htdocs...')
#3 C:\xampp\htdocs\anhhaisang\wp-blog-header.php(19): require_once('C:\\xampp\\htdocs...')
#4 C:\xampp\htdocs\anhhaisang\index.php(17): require('C:\\xampp\\htdocs...')
#5 {main}
  thrown in C:\xampp\htdocs\anhhaisang\wp-content\themes\demo\searchform.php on line 13

2020-03-26T08:37:02+00:00 CRITICAL Uncaught Error: Call to undefined function twentyseventeen_unique_id() in C:\xampp\htdocs\anhhaisang\wp-content\themes\demo\searchform.php:13
Stack trace:
#0 C:\xampp\htdocs\anhhaisang\wp-includes\general-template.php(258): require()
#1 C:\xampp\htdocs\anhhaisang\wp-content\themes\demo\404.php(26): get_search_form()
#2 C:\xampp\htdocs\anhhaisang\wp-includes\template-loader.php(98): include('C:\\xampp\\htdocs...')
#3 C:\xampp\htdocs\anhhaisang\wp-blog-header.php(19): require_once('C:\\xampp\\htdocs...')
#4 C:\xampp\htdocs\anhhaisang\index.php(17): require('C:\\xampp\\htdocs...')
#5 {main}
  thrown in C:\xampp\htdocs\anhhaisang\wp-content\themes\demo\searchform.php on line 13

2020-03-26T08:39:56+00:00 CRITICAL Uncaught Error: Call to undefined function twentyseventeen_unique_id() in C:\xampp\htdocs\anhhaisang\wp-content\themes\demo\searchform.php:13
Stack trace:
#0 C:\xampp\htdocs\anhhaisang\wp-includes\general-template.php(258): require()
#1 C:\xampp\htdocs\anhhaisang\wp-content\themes\demo\404.php(26): get_search_form()
#2 C:\xampp\htdocs\anhhaisang\wp-includes\template-loader.php(98): include('C:\\xampp\\htdocs...')
#3 C:\xampp\htdocs\anhhaisang\wp-blog-header.php(19): require_once('C:\\xampp\\htdocs...')
#4 C:\xampp\htdocs\anhhaisang\index.php(17): require('C:\\xampp\\htdocs...')
#5 {main}
  thrown in C:\xampp\htdocs\anhhaisang\wp-content\themes\demo\searchform.php on line 13

2020-03-26T08:41:22+00:00 CRITICAL Uncaught Error: Call to undefined function twentyseventeen_unique_id() in C:\xampp\htdocs\anhhaisang\wp-content\themes\demo\searchform.php:13
Stack trace:
#0 C:\xampp\htdocs\anhhaisang\wp-includes\general-template.php(258): require()
#1 C:\xampp\htdocs\anhhaisang\wp-content\themes\demo\404.php(26): get_search_form()
#2 C:\xampp\htdocs\anhhaisang\wp-includes\template-loader.php(98): include('C:\\xampp\\htdocs...')
#3 C:\xampp\htdocs\anhhaisang\wp-blog-header.php(19): require_once('C:\\xampp\\htdocs...')
#4 C:\xampp\htdocs\anhhaisang\index.php(17): require('C:\\xampp\\htdocs...')
#5 {main}
  thrown in C:\xampp\htdocs\anhhaisang\wp-content\themes\demo\searchform.php on line 13

2020-03-26T08:45:15+00:00 CRITICAL Uncaught Error: Call to undefined function twentyseventeen_unique_id() in C:\xampp\htdocs\anhhaisang\wp-content\themes\demo\searchform.php:13
Stack trace:
#0 C:\xampp\htdocs\anhhaisang\wp-includes\general-template.php(258): require()
#1 C:\xampp\htdocs\anhhaisang\wp-content\themes\demo\404.php(26): get_search_form()
#2 C:\xampp\htdocs\anhhaisang\wp-includes\template-loader.php(98): include('C:\\xampp\\htdocs...')
#3 C:\xampp\htdocs\anhhaisang\wp-blog-header.php(19): require_once('C:\\xampp\\htdocs...')
#4 C:\xampp\htdocs\anhhaisang\index.php(17): require('C:\\xampp\\htdocs...')
#5 {main}
  thrown in C:\xampp\htdocs\anhhaisang\wp-content\themes\demo\searchform.php on line 13

2020-03-26T08:46:08+00:00 CRITICAL Uncaught Error: Call to undefined function twentyseventeen_unique_id() in C:\xampp\htdocs\anhhaisang\wp-content\themes\demo\searchform.php:13
Stack trace:
#0 C:\xampp\htdocs\anhhaisang\wp-includes\general-template.php(258): require()
#1 C:\xampp\htdocs\anhhaisang\wp-content\themes\demo\404.php(26): get_search_form()
#2 C:\xampp\htdocs\anhhaisang\wp-includes\template-loader.php(98): include('C:\\xampp\\htdocs...')
#3 C:\xampp\htdocs\anhhaisang\wp-blog-header.php(19): require_once('C:\\xampp\\htdocs...')
#4 C:\xampp\htdocs\anhhaisang\index.php(17): require('C:\\xampp\\htdocs...')
#5 {main}
  thrown in C:\xampp\htdocs\anhhaisang\wp-content\themes\demo\searchform.php on line 13

2020-03-26T08:46:32+00:00 CRITICAL Uncaught Error: Call to undefined function twentyseventeen_unique_id() in C:\xampp\htdocs\anhhaisang\wp-content\themes\demo\searchform.php:13
Stack trace:
#0 C:\xampp\htdocs\anhhaisang\wp-includes\general-template.php(258): require()
#1 C:\xampp\htdocs\anhhaisang\wp-content\themes\demo\404.php(26): get_search_form()
#2 C:\xampp\htdocs\anhhaisang\wp-includes\template-loader.php(98): include('C:\\xampp\\htdocs...')
#3 C:\xampp\htdocs\anhhaisang\wp-blog-header.php(19): require_once('C:\\xampp\\htdocs...')
#4 C:\xampp\htdocs\anhhaisang\index.php(17): require('C:\\xampp\\htdocs...')
#5 {main}
  thrown in C:\xampp\htdocs\anhhaisang\wp-content\themes\demo\searchform.php on line 13

2020-03-26T08:47:48+00:00 CRITICAL Uncaught Error: Call to undefined function twentyseventeen_unique_id() in C:\xampp\htdocs\anhhaisang\wp-content\themes\demo\searchform.php:13
Stack trace:
#0 C:\xampp\htdocs\anhhaisang\wp-includes\general-template.php(258): require()
#1 C:\xampp\htdocs\anhhaisang\wp-content\themes\demo\404.php(26): get_search_form()
#2 C:\xampp\htdocs\anhhaisang\wp-includes\template-loader.php(98): include('C:\\xampp\\htdocs...')
#3 C:\xampp\htdocs\anhhaisang\wp-blog-header.php(19): require_once('C:\\xampp\\htdocs...')
#4 C:\xampp\htdocs\anhhaisang\index.php(17): require('C:\\xampp\\htdocs...')
#5 {main}
  thrown in C:\xampp\htdocs\anhhaisang\wp-content\themes\demo\searchform.php on line 13

2020-03-26T08:52:25+00:00 CRITICAL Uncaught Error: Call to undefined function twentyseventeen_unique_id() in C:\xampp\htdocs\anhhaisang\wp-content\themes\demo\searchform.php:13
Stack trace:
#0 C:\xampp\htdocs\anhhaisang\wp-includes\general-template.php(258): require()
#1 C:\xampp\htdocs\anhhaisang\wp-content\themes\demo\404.php(26): get_search_form()
#2 C:\xampp\htdocs\anhhaisang\wp-includes\template-loader.php(98): include('C:\\xampp\\htdocs...')
#3 C:\xampp\htdocs\anhhaisang\wp-blog-header.php(19): require_once('C:\\xampp\\htdocs...')
#4 C:\xampp\htdocs\anhhaisang\index.php(17): require('C:\\xampp\\htdocs...')
#5 {main}
  thrown in C:\xampp\htdocs\anhhaisang\wp-content\themes\demo\searchform.php on line 13

2020-03-26T08:52:33+00:00 CRITICAL Uncaught Error: Call to undefined function twentyseventeen_unique_id() in C:\xampp\htdocs\anhhaisang\wp-content\themes\demo\searchform.php:13
Stack trace:
#0 C:\xampp\htdocs\anhhaisang\wp-includes\general-template.php(258): require()
#1 C:\xampp\htdocs\anhhaisang\wp-content\themes\demo\404.php(26): get_search_form()
#2 C:\xampp\htdocs\anhhaisang\wp-includes\template-loader.php(98): include('C:\\xampp\\htdocs...')
#3 C:\xampp\htdocs\anhhaisang\wp-blog-header.php(19): require_once('C:\\xampp\\htdocs...')
#4 C:\xampp\htdocs\anhhaisang\index.php(17): require('C:\\xampp\\htdocs...')
#5 {main}
  thrown in C:\xampp\htdocs\anhhaisang\wp-content\themes\demo\searchform.php on line 13

2020-03-26T08:58:53+00:00 CRITICAL Uncaught Error: Call to undefined function twentyseventeen_unique_id() in C:\xampp\htdocs\anhhaisang\wp-content\themes\demo\searchform.php:13
Stack trace:
#0 C:\xampp\htdocs\anhhaisang\wp-includes\general-template.php(258): require()
#1 C:\xampp\htdocs\anhhaisang\wp-content\themes\demo\404.php(26): get_search_form()
#2 C:\xampp\htdocs\anhhaisang\wp-includes\template-loader.php(98): include('C:\\xampp\\htdocs...')
#3 C:\xampp\htdocs\anhhaisang\wp-blog-header.php(19): require_once('C:\\xampp\\htdocs...')
#4 C:\xampp\htdocs\anhhaisang\index.php(17): require('C:\\xampp\\htdocs...')
#5 {main}
  thrown in C:\xampp\htdocs\anhhaisang\wp-content\themes\demo\searchform.php on line 13

2020-03-26T09:06:54+00:00 CRITICAL Uncaught Error: Call to undefined function twentyseventeen_unique_id() in C:\xampp\htdocs\anhhaisang\wp-content\themes\demo\searchform.php:13
Stack trace:
#0 C:\xampp\htdocs\anhhaisang\wp-includes\general-template.php(258): require()
#1 C:\xampp\htdocs\anhhaisang\wp-content\themes\demo\404.php(26): get_search_form()
#2 C:\xampp\htdocs\anhhaisang\wp-includes\template-loader.php(98): include('C:\\xampp\\htdocs...')
#3 C:\xampp\htdocs\anhhaisang\wp-blog-header.php(19): require_once('C:\\xampp\\htdocs...')
#4 C:\xampp\htdocs\anhhaisang\index.php(17): require('C:\\xampp\\htdocs...')
#5 {main}
  thrown in C:\xampp\htdocs\anhhaisang\wp-content\themes\demo\searchform.php on line 13

2020-03-26T09:14:48+00:00 CRITICAL Uncaught Error: Call to undefined function twentyseventeen_unique_id() in C:\xampp\htdocs\anhhaisang\wp-content\themes\demo\searchform.php:13
Stack trace:
#0 C:\xampp\htdocs\anhhaisang\wp-includes\general-template.php(258): require()
#1 C:\xampp\htdocs\anhhaisang\wp-content\themes\demo\404.php(26): get_search_form()
#2 C:\xampp\htdocs\anhhaisang\wp-includes\template-loader.php(98): include('C:\\xampp\\htdocs...')
#3 C:\xampp\htdocs\anhhaisang\wp-blog-header.php(19): require_once('C:\\xampp\\htdocs...')
#4 C:\xampp\htdocs\anhhaisang\index.php(17): require('C:\\xampp\\htdocs...')
#5 {main}
  thrown in C:\xampp\htdocs\anhhaisang\wp-content\themes\demo\searchform.php on line 13

2020-03-26T09:17:19+00:00 CRITICAL Uncaught Error: Call to undefined function twentyseventeen_unique_id() in C:\xampp\htdocs\anhhaisang\wp-content\themes\demo\searchform.php:13
Stack trace:
#0 C:\xampp\htdocs\anhhaisang\wp-includes\general-template.php(258): require()
#1 C:\xampp\htdocs\anhhaisang\wp-content\themes\demo\404.php(26): get_search_form()
#2 C:\xampp\htdocs\anhhaisang\wp-includes\template-loader.php(98): include('C:\\xampp\\htdocs...')
#3 C:\xampp\htdocs\anhhaisang\wp-blog-header.php(19): require_once('C:\\xampp\\htdocs...')
#4 C:\xampp\htdocs\anhhaisang\index.php(17): require('C:\\xampp\\htdocs...')
#5 {main}
  thrown in C:\xampp\htdocs\anhhaisang\wp-content\themes\demo\searchform.php on line 13

2020-03-26T09:38:28+00:00 CRITICAL Uncaught Error: Call to undefined function twentyseventeen_unique_id() in C:\xampp\htdocs\anhhaisang\wp-content\themes\demo\searchform.php:13
Stack trace:
#0 C:\xampp\htdocs\anhhaisang\wp-includes\general-template.php(258): require()
#1 C:\xampp\htdocs\anhhaisang\wp-content\themes\demo\404.php(26): get_search_form()
#2 C:\xampp\htdocs\anhhaisang\wp-includes\template-loader.php(98): include('C:\\xampp\\htdocs...')
#3 C:\xampp\htdocs\anhhaisang\wp-blog-header.php(19): require_once('C:\\xampp\\htdocs...')
#4 C:\xampp\htdocs\anhhaisang\index.php(17): require('C:\\xampp\\htdocs...')
#5 {main}
  thrown in C:\xampp\htdocs\anhhaisang\wp-content\themes\demo\searchform.php on line 13

2020-03-26T09:39:16+00:00 CRITICAL Uncaught Error: Call to undefined function twentyseventeen_unique_id() in C:\xampp\htdocs\anhhaisang\wp-content\themes\demo\searchform.php:13
Stack trace:
#0 C:\xampp\htdocs\anhhaisang\wp-includes\general-template.php(258): require()
#1 C:\xampp\htdocs\anhhaisang\wp-content\themes\demo\404.php(26): get_search_form()
#2 C:\xampp\htdocs\anhhaisang\wp-includes\template-loader.php(98): include('C:\\xampp\\htdocs...')
#3 C:\xampp\htdocs\anhhaisang\wp-blog-header.php(19): require_once('C:\\xampp\\htdocs...')
#4 C:\xampp\htdocs\anhhaisang\index.php(17): require('C:\\xampp\\htdocs...')
#5 {main}
  thrown in C:\xampp\htdocs\anhhaisang\wp-content\themes\demo\searchform.php on line 13

2020-03-26T09:39:41+00:00 CRITICAL Uncaught Error: Call to undefined function twentyseventeen_unique_id() in C:\xampp\htdocs\anhhaisang\wp-content\themes\demo\searchform.php:13
Stack trace:
#0 C:\xampp\htdocs\anhhaisang\wp-includes\general-template.php(258): require()
#1 C:\xampp\htdocs\anhhaisang\wp-content\themes\demo\404.php(26): get_search_form()
#2 C:\xampp\htdocs\anhhaisang\wp-includes\template-loader.php(98): include('C:\\xampp\\htdocs...')
#3 C:\xampp\htdocs\anhhaisang\wp-blog-header.php(19): require_once('C:\\xampp\\htdocs...')
#4 C:\xampp\htdocs\anhhaisang\index.php(17): require('C:\\xampp\\htdocs...')
#5 {main}
  thrown in C:\xampp\htdocs\anhhaisang\wp-content\themes\demo\searchform.php on line 13

2020-03-26T09:39:42+00:00 CRITICAL Uncaught Error: Call to undefined function twentyseventeen_unique_id() in C:\xampp\htdocs\anhhaisang\wp-content\themes\demo\searchform.php:13
Stack trace:
#0 C:\xampp\htdocs\anhhaisang\wp-includes\general-template.php(258): require()
#1 C:\xampp\htdocs\anhhaisang\wp-content\themes\demo\404.php(26): get_search_form()
#2 C:\xampp\htdocs\anhhaisang\wp-includes\template-loader.php(98): include('C:\\xampp\\htdocs...')
#3 C:\xampp\htdocs\anhhaisang\wp-blog-header.php(19): require_once('C:\\xampp\\htdocs...')
#4 C:\xampp\htdocs\anhhaisang\index.php(17): require('C:\\xampp\\htdocs...')
#5 {main}
  thrown in C:\xampp\htdocs\anhhaisang\wp-content\themes\demo\searchform.php on line 13

2020-03-26T09:39:44+00:00 CRITICAL Uncaught Error: Call to undefined function twentyseventeen_unique_id() in C:\xampp\htdocs\anhhaisang\wp-content\themes\demo\searchform.php:13
Stack trace:
#0 C:\xampp\htdocs\anhhaisang\wp-includes\general-template.php(258): require()
#1 C:\xampp\htdocs\anhhaisang\wp-content\themes\demo\404.php(26): get_search_form()
#2 C:\xampp\htdocs\anhhaisang\wp-includes\template-loader.php(98): include('C:\\xampp\\htdocs...')
#3 C:\xampp\htdocs\anhhaisang\wp-blog-header.php(19): require_once('C:\\xampp\\htdocs...')
#4 C:\xampp\htdocs\anhhaisang\index.php(17): require('C:\\xampp\\htdocs...')
#5 {main}
  thrown in C:\xampp\htdocs\anhhaisang\wp-content\themes\demo\searchform.php on line 13

2020-03-26T09:40:24+00:00 CRITICAL Uncaught Error: Call to undefined function twentyseventeen_unique_id() in C:\xampp\htdocs\anhhaisang\wp-content\themes\demo\searchform.php:13
Stack trace:
#0 C:\xampp\htdocs\anhhaisang\wp-includes\general-template.php(258): require()
#1 C:\xampp\htdocs\anhhaisang\wp-content\themes\demo\404.php(26): get_search_form()
#2 C:\xampp\htdocs\anhhaisang\wp-includes\template-loader.php(98): include('C:\\xampp\\htdocs...')
#3 C:\xampp\htdocs\anhhaisang\wp-blog-header.php(19): require_once('C:\\xampp\\htdocs...')
#4 C:\xampp\htdocs\anhhaisang\index.php(17): require('C:\\xampp\\htdocs...')
#5 {main}
  thrown in C:\xampp\htdocs\anhhaisang\wp-content\themes\demo\searchform.php on line 13

2020-03-26T09:40:24+00:00 CRITICAL Uncaught Error: Call to undefined function twentyseventeen_unique_id() in C:\xampp\htdocs\anhhaisang\wp-content\themes\demo\searchform.php:13
Stack trace:
#0 C:\xampp\htdocs\anhhaisang\wp-includes\general-template.php(258): require()
#1 C:\xampp\htdocs\anhhaisang\wp-content\themes\demo\404.php(26): get_search_form()
#2 C:\xampp\htdocs\anhhaisang\wp-includes\template-loader.php(98): include('C:\\xampp\\htdocs...')
#3 C:\xampp\htdocs\anhhaisang\wp-blog-header.php(19): require_once('C:\\xampp\\htdocs...')
#4 C:\xampp\htdocs\anhhaisang\index.php(17): require('C:\\xampp\\htdocs...')
#5 {main}
  thrown in C:\xampp\htdocs\anhhaisang\wp-content\themes\demo\searchform.php on line 13

2020-03-26T09:40:26+00:00 CRITICAL Uncaught Error: Call to undefined function twentyseventeen_unique_id() in C:\xampp\htdocs\anhhaisang\wp-content\themes\demo\searchform.php:13
Stack trace:
#0 C:\xampp\htdocs\anhhaisang\wp-includes\general-template.php(258): require()
#1 C:\xampp\htdocs\anhhaisang\wp-content\themes\demo\404.php(26): get_search_form()
#2 C:\xampp\htdocs\anhhaisang\wp-includes\template-loader.php(98): include('C:\\xampp\\htdocs...')
#3 C:\xampp\htdocs\anhhaisang\wp-blog-header.php(19): require_once('C:\\xampp\\htdocs...')
#4 C:\xampp\htdocs\anhhaisang\index.php(17): require('C:\\xampp\\htdocs...')
#5 {main}
  thrown in C:\xampp\htdocs\anhhaisang\wp-content\themes\demo\searchform.php on line 13

2020-03-26T09:40:28+00:00 CRITICAL Uncaught Error: Call to undefined function twentyseventeen_unique_id() in C:\xampp\htdocs\anhhaisang\wp-content\themes\demo\searchform.php:13
Stack trace:
#0 C:\xampp\htdocs\anhhaisang\wp-includes\general-template.php(258): require()
#1 C:\xampp\htdocs\anhhaisang\wp-content\themes\demo\404.php(26): get_search_form()
#2 C:\xampp\htdocs\anhhaisang\wp-includes\template-loader.php(98): include('C:\\xampp\\htdocs...')
#3 C:\xampp\htdocs\anhhaisang\wp-blog-header.php(19): require_once('C:\\xampp\\htdocs...')
#4 C:\xampp\htdocs\anhhaisang\index.php(17): require('C:\\xampp\\htdocs...')
#5 {main}
  thrown in C:\xampp\htdocs\anhhaisang\wp-content\themes\demo\searchform.php on line 13

2020-03-26T09:48:46+00:00 CRITICAL Uncaught Error: Call to undefined function twentyseventeen_unique_id() in C:\xampp\htdocs\anhhaisang\wp-content\themes\demo\searchform.php:13
Stack trace:
#0 C:\xampp\htdocs\anhhaisang\wp-includes\general-template.php(258): require()
#1 C:\xampp\htdocs\anhhaisang\wp-content\themes\demo\404.php(26): get_search_form()
#2 C:\xampp\htdocs\anhhaisang\wp-includes\template-loader.php(98): include('C:\\xampp\\htdocs...')
#3 C:\xampp\htdocs\anhhaisang\wp-blog-header.php(19): require_once('C:\\xampp\\htdocs...')
#4 C:\xampp\htdocs\anhhaisang\index.php(17): require('C:\\xampp\\htdocs...')
#5 {main}
  thrown in C:\xampp\htdocs\anhhaisang\wp-content\themes\demo\searchform.php on line 13

2020-03-26T09:48:46+00:00 CRITICAL Uncaught Error: Call to undefined function twentyseventeen_unique_id() in C:\xampp\htdocs\anhhaisang\wp-content\themes\demo\searchform.php:13
Stack trace:
#0 C:\xampp\htdocs\anhhaisang\wp-includes\general-template.php(258): require()
#1 C:\xampp\htdocs\anhhaisang\wp-content\themes\demo\404.php(26): get_search_form()
#2 C:\xampp\htdocs\anhhaisang\wp-includes\template-loader.php(98): include('C:\\xampp\\htdocs...')
#3 C:\xampp\htdocs\anhhaisang\wp-blog-header.php(19): require_once('C:\\xampp\\htdocs...')
#4 C:\xampp\htdocs\anhhaisang\index.php(17): require('C:\\xampp\\htdocs...')
#5 {main}
  thrown in C:\xampp\htdocs\anhhaisang\wp-content\themes\demo\searchform.php on line 13

2020-03-26T09:48:48+00:00 CRITICAL Uncaught Error: Call to undefined function twentyseventeen_unique_id() in C:\xampp\htdocs\anhhaisang\wp-content\themes\demo\searchform.php:13
Stack trace:
#0 C:\xampp\htdocs\anhhaisang\wp-includes\general-template.php(258): require()
#1 C:\xampp\htdocs\anhhaisang\wp-content\themes\demo\404.php(26): get_search_form()
#2 C:\xampp\htdocs\anhhaisang\wp-includes\template-loader.php(98): include('C:\\xampp\\htdocs...')
#3 C:\xampp\htdocs\anhhaisang\wp-blog-header.php(19): require_once('C:\\xampp\\htdocs...')
#4 C:\xampp\htdocs\anhhaisang\index.php(17): require('C:\\xampp\\htdocs...')
#5 {main}
  thrown in C:\xampp\htdocs\anhhaisang\wp-content\themes\demo\searchform.php on line 13

2020-03-26T09:48:50+00:00 CRITICAL Uncaught Error: Call to undefined function twentyseventeen_unique_id() in C:\xampp\htdocs\anhhaisang\wp-content\themes\demo\searchform.php:13
Stack trace:
#0 C:\xampp\htdocs\anhhaisang\wp-includes\general-template.php(258): require()
#1 C:\xampp\htdocs\anhhaisang\wp-content\themes\demo\404.php(26): get_search_form()
#2 C:\xampp\htdocs\anhhaisang\wp-includes\template-loader.php(98): include('C:\\xampp\\htdocs...')
#3 C:\xampp\htdocs\anhhaisang\wp-blog-header.php(19): require_once('C:\\xampp\\htdocs...')
#4 C:\xampp\htdocs\anhhaisang\index.php(17): require('C:\\xampp\\htdocs...')
#5 {main}
  thrown in C:\xampp\htdocs\anhhaisang\wp-content\themes\demo\searchform.php on line 13

2020-03-26T09:54:41+00:00 CRITICAL Uncaught Error: Call to undefined function twentyseventeen_unique_id() in C:\xampp\htdocs\anhhaisang\wp-content\themes\demo\searchform.php:13
Stack trace:
#0 C:\xampp\htdocs\anhhaisang\wp-includes\general-template.php(258): require()
#1 C:\xampp\htdocs\anhhaisang\wp-content\themes\demo\404.php(26): get_search_form()
#2 C:\xampp\htdocs\anhhaisang\wp-includes\template-loader.php(98): include('C:\\xampp\\htdocs...')
#3 C:\xampp\htdocs\anhhaisang\wp-blog-header.php(19): require_once('C:\\xampp\\htdocs...')
#4 C:\xampp\htdocs\anhhaisang\index.php(17): require('C:\\xampp\\htdocs...')
#5 {main}
  thrown in C:\xampp\htdocs\anhhaisang\wp-content\themes\demo\searchform.php on line 13

2020-03-26T09:54:43+00:00 CRITICAL Uncaught Error: Call to undefined function twentyseventeen_unique_id() in C:\xampp\htdocs\anhhaisang\wp-content\themes\demo\searchform.php:13
Stack trace:
#0 C:\xampp\htdocs\anhhaisang\wp-includes\general-template.php(258): require()
#1 C:\xampp\htdocs\anhhaisang\wp-content\themes\demo\404.php(26): get_search_form()
#2 C:\xampp\htdocs\anhhaisang\wp-includes\template-loader.php(98): include('C:\\xampp\\htdocs...')
#3 C:\xampp\htdocs\anhhaisang\wp-blog-header.php(19): require_once('C:\\xampp\\htdocs...')
#4 C:\xampp\htdocs\anhhaisang\index.php(17): require('C:\\xampp\\htdocs...')
#5 {main}
  thrown in C:\xampp\htdocs\anhhaisang\wp-content\themes\demo\searchform.php on line 13

2020-03-26T09:54:45+00:00 CRITICAL Uncaught Error: Call to undefined function twentyseventeen_unique_id() in C:\xampp\htdocs\anhhaisang\wp-content\themes\demo\searchform.php:13
Stack trace:
#0 C:\xampp\htdocs\anhhaisang\wp-includes\general-template.php(258): require()
#1 C:\xampp\htdocs\anhhaisang\wp-content\themes\demo\404.php(26): get_search_form()
#2 C:\xampp\htdocs\anhhaisang\wp-includes\template-loader.php(98): include('C:\\xampp\\htdocs...')
#3 C:\xampp\htdocs\anhhaisang\wp-blog-header.php(19): require_once('C:\\xampp\\htdocs...')
#4 C:\xampp\htdocs\anhhaisang\index.php(17): require('C:\\xampp\\htdocs...')
#5 {main}
  thrown in C:\xampp\htdocs\anhhaisang\wp-content\themes\demo\searchform.php on line 13

2020-03-26T09:55:53+00:00 CRITICAL Uncaught Error: Call to undefined function twentyseventeen_unique_id() in C:\xampp\htdocs\anhhaisang\wp-content\themes\demo\searchform.php:13
Stack trace:
#0 C:\xampp\htdocs\anhhaisang\wp-includes\general-template.php(258): require()
#1 C:\xampp\htdocs\anhhaisang\wp-content\themes\demo\404.php(26): get_search_form()
#2 C:\xampp\htdocs\anhhaisang\wp-includes\template-loader.php(98): include('C:\\xampp\\htdocs...')
#3 C:\xampp\htdocs\anhhaisang\wp-blog-header.php(19): require_once('C:\\xampp\\htdocs...')
#4 C:\xampp\htdocs\anhhaisang\index.php(17): require('C:\\xampp\\htdocs...')
#5 {main}
  thrown in C:\xampp\htdocs\anhhaisang\wp-content\themes\demo\searchform.php on line 13

2020-03-26T10:00:49+00:00 CRITICAL Uncaught Error: Call to undefined function twentyseventeen_unique_id() in C:\xampp\htdocs\anhhaisang\wp-content\themes\demo\searchform.php:13
Stack trace:
#0 C:\xampp\htdocs\anhhaisang\wp-includes\general-template.php(258): require()
#1 C:\xampp\htdocs\anhhaisang\wp-content\themes\demo\404.php(26): get_search_form()
#2 C:\xampp\htdocs\anhhaisang\wp-includes\template-loader.php(98): include('C:\\xampp\\htdocs...')
#3 C:\xampp\htdocs\anhhaisang\wp-blog-header.php(19): require_once('C:\\xampp\\htdocs...')
#4 C:\xampp\htdocs\anhhaisang\index.php(17): require('C:\\xampp\\htdocs...')
#5 {main}
  thrown in C:\xampp\htdocs\anhhaisang\wp-content\themes\demo\searchform.php on line 13

2020-03-26T10:01:42+00:00 CRITICAL Uncaught Error: Call to undefined function twentyseventeen_unique_id() in C:\xampp\htdocs\anhhaisang\wp-content\themes\demo\searchform.php:13
Stack trace:
#0 C:\xampp\htdocs\anhhaisang\wp-includes\general-template.php(258): require()
#1 C:\xampp\htdocs\anhhaisang\wp-content\themes\demo\404.php(26): get_search_form()
#2 C:\xampp\htdocs\anhhaisang\wp-includes\template-loader.php(98): include('C:\\xampp\\htdocs...')
#3 C:\xampp\htdocs\anhhaisang\wp-blog-header.php(19): require_once('C:\\xampp\\htdocs...')
#4 C:\xampp\htdocs\anhhaisang\index.php(17): require('C:\\xampp\\htdocs...')
#5 {main}
  thrown in C:\xampp\htdocs\anhhaisang\wp-content\themes\demo\searchform.php on line 13

2020-03-26T10:02:30+00:00 CRITICAL Uncaught Error: Call to undefined function twentyseventeen_unique_id() in C:\xampp\htdocs\anhhaisang\wp-content\themes\demo\searchform.php:13
Stack trace:
#0 C:\xampp\htdocs\anhhaisang\wp-includes\general-template.php(258): require()
#1 C:\xampp\htdocs\anhhaisang\wp-content\themes\demo\404.php(26): get_search_form()
#2 C:\xampp\htdocs\anhhaisang\wp-includes\template-loader.php(98): include('C:\\xampp\\htdocs...')
#3 C:\xampp\htdocs\anhhaisang\wp-blog-header.php(19): require_once('C:\\xampp\\htdocs...')
#4 C:\xampp\htdocs\anhhaisang\index.php(17): require('C:\\xampp\\htdocs...')
#5 {main}
  thrown in C:\xampp\htdocs\anhhaisang\wp-content\themes\demo\searchform.php on line 13

2020-03-26T10:03:07+00:00 CRITICAL Uncaught Error: Call to undefined function twentyseventeen_unique_id() in C:\xampp\htdocs\anhhaisang\wp-content\themes\demo\searchform.php:13
Stack trace:
#0 C:\xampp\htdocs\anhhaisang\wp-includes\general-template.php(258): require()
#1 C:\xampp\htdocs\anhhaisang\wp-content\themes\demo\404.php(26): get_search_form()
#2 C:\xampp\htdocs\anhhaisang\wp-includes\template-loader.php(98): include('C:\\xampp\\htdocs...')
#3 C:\xampp\htdocs\anhhaisang\wp-blog-header.php(19): require_once('C:\\xampp\\htdocs...')
#4 C:\xampp\htdocs\anhhaisang\index.php(17): require('C:\\xampp\\htdocs...')
#5 {main}
  thrown in C:\xampp\htdocs\anhhaisang\wp-content\themes\demo\searchform.php on line 13

2020-03-26T10:03:17+00:00 CRITICAL Uncaught Error: Call to undefined function twentyseventeen_unique_id() in C:\xampp\htdocs\anhhaisang\wp-content\themes\demo\searchform.php:13
Stack trace:
#0 C:\xampp\htdocs\anhhaisang\wp-includes\general-template.php(258): require()
#1 C:\xampp\htdocs\anhhaisang\wp-content\themes\demo\404.php(26): get_search_form()
#2 C:\xampp\htdocs\anhhaisang\wp-includes\template-loader.php(98): include('C:\\xampp\\htdocs...')
#3 C:\xampp\htdocs\anhhaisang\wp-blog-header.php(19): require_once('C:\\xampp\\htdocs...')
#4 C:\xampp\htdocs\anhhaisang\index.php(17): require('C:\\xampp\\htdocs...')
#5 {main}
  thrown in C:\xampp\htdocs\anhhaisang\wp-content\themes\demo\searchform.php on line 13

2020-03-26T10:03:35+00:00 CRITICAL Uncaught Error: Call to undefined function twentyseventeen_unique_id() in C:\xampp\htdocs\anhhaisang\wp-content\themes\demo\searchform.php:13
Stack trace:
#0 C:\xampp\htdocs\anhhaisang\wp-includes\general-template.php(258): require()
#1 C:\xampp\htdocs\anhhaisang\wp-content\themes\demo\404.php(26): get_search_form()
#2 C:\xampp\htdocs\anhhaisang\wp-includes\template-loader.php(98): include('C:\\xampp\\htdocs...')
#3 C:\xampp\htdocs\anhhaisang\wp-blog-header.php(19): require_once('C:\\xampp\\htdocs...')
#4 C:\xampp\htdocs\anhhaisang\index.php(17): require('C:\\xampp\\htdocs...')
#5 {main}
  thrown in C:\xampp\htdocs\anhhaisang\wp-content\themes\demo\searchform.php on line 13

2020-03-26T10:03:37+00:00 CRITICAL Uncaught Error: Call to undefined function twentyseventeen_unique_id() in C:\xampp\htdocs\anhhaisang\wp-content\themes\demo\searchform.php:13
Stack trace:
#0 C:\xampp\htdocs\anhhaisang\wp-includes\general-template.php(258): require()
#1 C:\xampp\htdocs\anhhaisang\wp-content\themes\demo\404.php(26): get_search_form()
#2 C:\xampp\htdocs\anhhaisang\wp-includes\template-loader.php(98): include('C:\\xampp\\htdocs...')
#3 C:\xampp\htdocs\anhhaisang\wp-blog-header.php(19): require_once('C:\\xampp\\htdocs...')
#4 C:\xampp\htdocs\anhhaisang\index.php(17): require('C:\\xampp\\htdocs...')
#5 {main}
  thrown in C:\xampp\htdocs\anhhaisang\wp-content\themes\demo\searchform.php on line 13

2020-03-26T10:03:40+00:00 CRITICAL Uncaught Error: Call to undefined function twentyseventeen_unique_id() in C:\xampp\htdocs\anhhaisang\wp-content\themes\demo\searchform.php:13
Stack trace:
#0 C:\xampp\htdocs\anhhaisang\wp-includes\general-template.php(258): require()
#1 C:\xampp\htdocs\anhhaisang\wp-content\themes\demo\404.php(26): get_search_form()
#2 C:\xampp\htdocs\anhhaisang\wp-includes\template-loader.php(98): include('C:\\xampp\\htdocs...')
#3 C:\xampp\htdocs\anhhaisang\wp-blog-header.php(19): require_once('C:\\xampp\\htdocs...')
#4 C:\xampp\htdocs\anhhaisang\index.php(17): require('C:\\xampp\\htdocs...')
#5 {main}
  thrown in C:\xampp\htdocs\anhhaisang\wp-content\themes\demo\searchform.php on line 13

2020-03-26T10:03:41+00:00 CRITICAL Uncaught Error: Call to undefined function twentyseventeen_unique_id() in C:\xampp\htdocs\anhhaisang\wp-content\themes\demo\searchform.php:13
Stack trace:
#0 C:\xampp\htdocs\anhhaisang\wp-includes\general-template.php(258): require()
#1 C:\xampp\htdocs\anhhaisang\wp-content\themes\demo\404.php(26): get_search_form()
#2 C:\xampp\htdocs\anhhaisang\wp-includes\template-loader.php(98): include('C:\\xampp\\htdocs...')
#3 C:\xampp\htdocs\anhhaisang\wp-blog-header.php(19): require_once('C:\\xampp\\htdocs...')
#4 C:\xampp\htdocs\anhhaisang\index.php(17): require('C:\\xampp\\htdocs...')
#5 {main}
  thrown in C:\xampp\htdocs\anhhaisang\wp-content\themes\demo\searchform.php on line 13

2020-03-26T10:03:41+00:00 CRITICAL Uncaught Error: Call to undefined function twentyseventeen_unique_id() in C:\xampp\htdocs\anhhaisang\wp-content\themes\demo\searchform.php:13
Stack trace:
#0 C:\xampp\htdocs\anhhaisang\wp-includes\general-template.php(258): require()
#1 C:\xampp\htdocs\anhhaisang\wp-content\themes\demo\404.php(26): get_search_form()
#2 C:\xampp\htdocs\anhhaisang\wp-includes\template-loader.php(98): include('C:\\xampp\\htdocs...')
#3 C:\xampp\htdocs\anhhaisang\wp-blog-header.php(19): require_once('C:\\xampp\\htdocs...')
#4 C:\xampp\htdocs\anhhaisang\index.php(17): require('C:\\xampp\\htdocs...')
#5 {main}
  thrown in C:\xampp\htdocs\anhhaisang\wp-content\themes\demo\searchform.php on line 13

2020-03-26T10:03:42+00:00 CRITICAL Uncaught Error: Call to undefined function twentyseventeen_unique_id() in C:\xampp\htdocs\anhhaisang\wp-content\themes\demo\searchform.php:13
Stack trace:
#0 C:\xampp\htdocs\anhhaisang\wp-includes\general-template.php(258): require()
#1 C:\xampp\htdocs\anhhaisang\wp-content\themes\demo\404.php(26): get_search_form()
#2 C:\xampp\htdocs\anhhaisang\wp-includes\template-loader.php(98): include('C:\\xampp\\htdocs...')
#3 C:\xampp\htdocs\anhhaisang\wp-blog-header.php(19): require_once('C:\\xampp\\htdocs...')
#4 C:\xampp\htdocs\anhhaisang\index.php(17): require('C:\\xampp\\htdocs...')
#5 {main}
  thrown in C:\xampp\htdocs\anhhaisang\wp-content\themes\demo\searchform.php on line 13

2020-03-26T10:03:44+00:00 CRITICAL Uncaught Error: Call to undefined function twentyseventeen_unique_id() in C:\xampp\htdocs\anhhaisang\wp-content\themes\demo\searchform.php:13
Stack trace:
#0 C:\xampp\htdocs\anhhaisang\wp-includes\general-template.php(258): require()
#1 C:\xampp\htdocs\anhhaisang\wp-content\themes\demo\404.php(26): get_search_form()
#2 C:\xampp\htdocs\anhhaisang\wp-includes\template-loader.php(98): include('C:\\xampp\\htdocs...')
#3 C:\xampp\htdocs\anhhaisang\wp-blog-header.php(19): require_once('C:\\xampp\\htdocs...')
#4 C:\xampp\htdocs\anhhaisang\index.php(17): require('C:\\xampp\\htdocs...')
#5 {main}
  thrown in C:\xampp\htdocs\anhhaisang\wp-content\themes\demo\searchform.php on line 13

2020-03-26T10:09:10+00:00 CRITICAL Uncaught Error: Call to undefined function twentyseventeen_unique_id() in C:\xampp\htdocs\anhhaisang\wp-content\themes\demo\searchform.php:13
Stack trace:
#0 C:\xampp\htdocs\anhhaisang\wp-includes\general-template.php(258): require()
#1 C:\xampp\htdocs\anhhaisang\wp-content\themes\demo\404.php(26): get_search_form()
#2 C:\xampp\htdocs\anhhaisang\wp-includes\template-loader.php(98): include('C:\\xampp\\htdocs...')
#3 C:\xampp\htdocs\anhhaisang\wp-blog-header.php(19): require_once('C:\\xampp\\htdocs...')
#4 C:\xampp\htdocs\anhhaisang\index.php(17): require('C:\\xampp\\htdocs...')
#5 {main}
  thrown in C:\xampp\htdocs\anhhaisang\wp-content\themes\demo\searchform.php on line 13

2020-03-26T10:09:55+00:00 CRITICAL Uncaught Error: Call to undefined function twentyseventeen_unique_id() in C:\xampp\htdocs\anhhaisang\wp-content\themes\demo\searchform.php:13
Stack trace:
#0 C:\xampp\htdocs\anhhaisang\wp-includes\general-template.php(258): require()
#1 C:\xampp\htdocs\anhhaisang\wp-content\themes\demo\404.php(26): get_search_form()
#2 C:\xampp\htdocs\anhhaisang\wp-includes\template-loader.php(98): include('C:\\xampp\\htdocs...')
#3 C:\xampp\htdocs\anhhaisang\wp-blog-header.php(19): require_once('C:\\xampp\\htdocs...')
#4 C:\xampp\htdocs\anhhaisang\index.php(17): require('C:\\xampp\\htdocs...')
#5 {main}
  thrown in C:\xampp\htdocs\anhhaisang\wp-content\themes\demo\searchform.php on line 13

2020-03-26T10:09:56+00:00 CRITICAL Uncaught Error: Call to undefined function twentyseventeen_unique_id() in C:\xampp\htdocs\anhhaisang\wp-content\themes\demo\searchform.php:13
Stack trace:
#0 C:\xampp\htdocs\anhhaisang\wp-includes\general-template.php(258): require()
#1 C:\xampp\htdocs\anhhaisang\wp-content\themes\demo\404.php(26): get_search_form()
#2 C:\xampp\htdocs\anhhaisang\wp-includes\template-loader.php(98): include('C:\\xampp\\htdocs...')
#3 C:\xampp\htdocs\anhhaisang\wp-blog-header.php(19): require_once('C:\\xampp\\htdocs...')
#4 C:\xampp\htdocs\anhhaisang\index.php(17): require('C:\\xampp\\htdocs...')
#5 {main}
  thrown in C:\xampp\htdocs\anhhaisang\wp-content\themes\demo\searchform.php on line 13

2020-03-26T10:09:57+00:00 CRITICAL Uncaught Error: Call to undefined function twentyseventeen_unique_id() in C:\xampp\htdocs\anhhaisang\wp-content\themes\demo\searchform.php:13
Stack trace:
#0 C:\xampp\htdocs\anhhaisang\wp-includes\general-template.php(258): require()
#1 C:\xampp\htdocs\anhhaisang\wp-content\themes\demo\404.php(26): get_search_form()
#2 C:\xampp\htdocs\anhhaisang\wp-includes\template-loader.php(98): include('C:\\xampp\\htdocs...')
#3 C:\xampp\htdocs\anhhaisang\wp-blog-header.php(19): require_once('C:\\xampp\\htdocs...')
#4 C:\xampp\htdocs\anhhaisang\index.php(17): require('C:\\xampp\\htdocs...')
#5 {main}
  thrown in C:\xampp\htdocs\anhhaisang\wp-content\themes\demo\searchform.php on line 13

2020-03-26T10:10:30+00:00 CRITICAL Uncaught Error: Call to undefined function twentyseventeen_unique_id() in C:\xampp\htdocs\anhhaisang\wp-content\themes\demo\searchform.php:13
Stack trace:
#0 C:\xampp\htdocs\anhhaisang\wp-includes\general-template.php(258): require()
#1 C:\xampp\htdocs\anhhaisang\wp-content\themes\demo\404.php(26): get_search_form()
#2 C:\xampp\htdocs\anhhaisang\wp-includes\template-loader.php(98): include('C:\\xampp\\htdocs...')
#3 C:\xampp\htdocs\anhhaisang\wp-blog-header.php(19): require_once('C:\\xampp\\htdocs...')
#4 C:\xampp\htdocs\anhhaisang\index.php(17): require('C:\\xampp\\htdocs...')
#5 {main}
  thrown in C:\xampp\htdocs\anhhaisang\wp-content\themes\demo\searchform.php on line 13

2020-03-26T10:10:32+00:00 CRITICAL Uncaught Error: Call to undefined function twentyseventeen_unique_id() in C:\xampp\htdocs\anhhaisang\wp-content\themes\demo\searchform.php:13
Stack trace:
#0 C:\xampp\htdocs\anhhaisang\wp-includes\general-template.php(258): require()
#1 C:\xampp\htdocs\anhhaisang\wp-content\themes\demo\404.php(26): get_search_form()
#2 C:\xampp\htdocs\anhhaisang\wp-includes\template-loader.php(98): include('C:\\xampp\\htdocs...')
#3 C:\xampp\htdocs\anhhaisang\wp-blog-header.php(19): require_once('C:\\xampp\\htdocs...')
#4 C:\xampp\htdocs\anhhaisang\index.php(17): require('C:\\xampp\\htdocs...')
#5 {main}
  thrown in C:\xampp\htdocs\anhhaisang\wp-content\themes\demo\searchform.php on line 13

2020-03-26T10:10:33+00:00 CRITICAL Uncaught Error: Call to undefined function twentyseventeen_unique_id() in C:\xampp\htdocs\anhhaisang\wp-content\themes\demo\searchform.php:13
Stack trace:
#0 C:\xampp\htdocs\anhhaisang\wp-includes\general-template.php(258): require()
#1 C:\xampp\htdocs\anhhaisang\wp-content\themes\demo\404.php(26): get_search_form()
#2 C:\xampp\htdocs\anhhaisang\wp-includes\template-loader.php(98): include('C:\\xampp\\htdocs...')
#3 C:\xampp\htdocs\anhhaisang\wp-blog-header.php(19): require_once('C:\\xampp\\htdocs...')
#4 C:\xampp\htdocs\anhhaisang\index.php(17): require('C:\\xampp\\htdocs...')
#5 {main}
  thrown in C:\xampp\htdocs\anhhaisang\wp-content\themes\demo\searchform.php on line 13

2020-03-26T10:11:04+00:00 CRITICAL Uncaught Error: Call to undefined function twentyseventeen_unique_id() in C:\xampp\htdocs\anhhaisang\wp-content\themes\demo\searchform.php:13
Stack trace:
#0 C:\xampp\htdocs\anhhaisang\wp-includes\general-template.php(258): require()
#1 C:\xampp\htdocs\anhhaisang\wp-content\themes\demo\404.php(26): get_search_form()
#2 C:\xampp\htdocs\anhhaisang\wp-includes\template-loader.php(98): include('C:\\xampp\\htdocs...')
#3 C:\xampp\htdocs\anhhaisang\wp-blog-header.php(19): require_once('C:\\xampp\\htdocs...')
#4 C:\xampp\htdocs\anhhaisang\index.php(17): require('C:\\xampp\\htdocs...')
#5 {main}
  thrown in C:\xampp\htdocs\anhhaisang\wp-content\themes\demo\searchform.php on line 13

2020-03-26T10:11:05+00:00 CRITICAL Uncaught Error: Call to undefined function twentyseventeen_unique_id() in C:\xampp\htdocs\anhhaisang\wp-content\themes\demo\searchform.php:13
Stack trace:
#0 C:\xampp\htdocs\anhhaisang\wp-includes\general-template.php(258): require()
#1 C:\xampp\htdocs\anhhaisang\wp-content\themes\demo\404.php(26): get_search_form()
#2 C:\xampp\htdocs\anhhaisang\wp-includes\template-loader.php(98): include('C:\\xampp\\htdocs...')
#3 C:\xampp\htdocs\anhhaisang\wp-blog-header.php(19): require_once('C:\\xampp\\htdocs...')
#4 C:\xampp\htdocs\anhhaisang\index.php(17): require('C:\\xampp\\htdocs...')
#5 {main}
  thrown in C:\xampp\htdocs\anhhaisang\wp-content\themes\demo\searchform.php on line 13

2020-03-26T10:11:07+00:00 CRITICAL Uncaught Error: Call to undefined function twentyseventeen_unique_id() in C:\xampp\htdocs\anhhaisang\wp-content\themes\demo\searchform.php:13
Stack trace:
#0 C:\xampp\htdocs\anhhaisang\wp-includes\general-template.php(258): require()
#1 C:\xampp\htdocs\anhhaisang\wp-content\themes\demo\404.php(26): get_search_form()
#2 C:\xampp\htdocs\anhhaisang\wp-includes\template-loader.php(98): include('C:\\xampp\\htdocs...')
#3 C:\xampp\htdocs\anhhaisang\wp-blog-header.php(19): require_once('C:\\xampp\\htdocs...')
#4 C:\xampp\htdocs\anhhaisang\index.php(17): require('C:\\xampp\\htdocs...')
#5 {main}
  thrown in C:\xampp\htdocs\anhhaisang\wp-content\themes\demo\searchform.php on line 13

2020-03-26T10:11:41+00:00 CRITICAL Uncaught Error: Call to undefined function twentyseventeen_unique_id() in C:\xampp\htdocs\anhhaisang\wp-content\themes\demo\searchform.php:13
Stack trace:
#0 C:\xampp\htdocs\anhhaisang\wp-includes\general-template.php(258): require()
#1 C:\xampp\htdocs\anhhaisang\wp-content\themes\demo\404.php(26): get_search_form()
#2 C:\xampp\htdocs\anhhaisang\wp-includes\template-loader.php(98): include('C:\\xampp\\htdocs...')
#3 C:\xampp\htdocs\anhhaisang\wp-blog-header.php(19): require_once('C:\\xampp\\htdocs...')
#4 C:\xampp\htdocs\anhhaisang\index.php(17): require('C:\\xampp\\htdocs...')
#5 {main}
  thrown in C:\xampp\htdocs\anhhaisang\wp-content\themes\demo\searchform.php on line 13

2020-03-26T10:11:42+00:00 CRITICAL Uncaught Error: Call to undefined function twentyseventeen_unique_id() in C:\xampp\htdocs\anhhaisang\wp-content\themes\demo\searchform.php:13
Stack trace:
#0 C:\xampp\htdocs\anhhaisang\wp-includes\general-template.php(258): require()
#1 C:\xampp\htdocs\anhhaisang\wp-content\themes\demo\404.php(26): get_search_form()
#2 C:\xampp\htdocs\anhhaisang\wp-includes\template-loader.php(98): include('C:\\xampp\\htdocs...')
#3 C:\xampp\htdocs\anhhaisang\wp-blog-header.php(19): require_once('C:\\xampp\\htdocs...')
#4 C:\xampp\htdocs\anhhaisang\index.php(17): require('C:\\xampp\\htdocs...')
#5 {main}
  thrown in C:\xampp\htdocs\anhhaisang\wp-content\themes\demo\searchform.php on line 13

2020-03-26T10:11:44+00:00 CRITICAL Uncaught Error: Call to undefined function twentyseventeen_unique_id() in C:\xampp\htdocs\anhhaisang\wp-content\themes\demo\searchform.php:13
Stack trace:
#0 C:\xampp\htdocs\anhhaisang\wp-includes\general-template.php(258): require()
#1 C:\xampp\htdocs\anhhaisang\wp-content\themes\demo\404.php(26): get_search_form()
#2 C:\xampp\htdocs\anhhaisang\wp-includes\template-loader.php(98): include('C:\\xampp\\htdocs...')
#3 C:\xampp\htdocs\anhhaisang\wp-blog-header.php(19): require_once('C:\\xampp\\htdocs...')
#4 C:\xampp\htdocs\anhhaisang\index.php(17): require('C:\\xampp\\htdocs...')
#5 {main}
  thrown in C:\xampp\htdocs\anhhaisang\wp-content\themes\demo\searchform.php on line 13

2020-03-26T10:12:41+00:00 CRITICAL Uncaught Error: Call to undefined function twentyseventeen_unique_id() in C:\xampp\htdocs\anhhaisang\wp-content\themes\demo\searchform.php:13
Stack trace:
#0 C:\xampp\htdocs\anhhaisang\wp-includes\general-template.php(258): require()
#1 C:\xampp\htdocs\anhhaisang\wp-content\themes\demo\404.php(26): get_search_form()
#2 C:\xampp\htdocs\anhhaisang\wp-includes\template-loader.php(98): include('C:\\xampp\\htdocs...')
#3 C:\xampp\htdocs\anhhaisang\wp-blog-header.php(19): require_once('C:\\xampp\\htdocs...')
#4 C:\xampp\htdocs\anhhaisang\index.php(17): require('C:\\xampp\\htdocs...')
#5 {main}
  thrown in C:\xampp\htdocs\anhhaisang\wp-content\themes\demo\searchform.php on line 13

2020-03-26T10:12:42+00:00 CRITICAL Uncaught Error: Call to undefined function twentyseventeen_unique_id() in C:\xampp\htdocs\anhhaisang\wp-content\themes\demo\searchform.php:13
Stack trace:
#0 C:\xampp\htdocs\anhhaisang\wp-includes\general-template.php(258): require()
#1 C:\xampp\htdocs\anhhaisang\wp-content\themes\demo\404.php(26): get_search_form()
#2 C:\xampp\htdocs\anhhaisang\wp-includes\template-loader.php(98): include('C:\\xampp\\htdocs...')
#3 C:\xampp\htdocs\anhhaisang\wp-blog-header.php(19): require_once('C:\\xampp\\htdocs...')
#4 C:\xampp\htdocs\anhhaisang\index.php(17): require('C:\\xampp\\htdocs...')
#5 {main}
  thrown in C:\xampp\htdocs\anhhaisang\wp-content\themes\demo\searchform.php on line 13

2020-03-26T10:12:44+00:00 CRITICAL Uncaught Error: Call to undefined function twentyseventeen_unique_id() in C:\xampp\htdocs\anhhaisang\wp-content\themes\demo\searchform.php:13
Stack trace:
#0 C:\xampp\htdocs\anhhaisang\wp-includes\general-template.php(258): require()
#1 C:\xampp\htdocs\anhhaisang\wp-content\themes\demo\404.php(26): get_search_form()
#2 C:\xampp\htdocs\anhhaisang\wp-includes\template-loader.php(98): include('C:\\xampp\\htdocs...')
#3 C:\xampp\htdocs\anhhaisang\wp-blog-header.php(19): require_once('C:\\xampp\\htdocs...')
#4 C:\xampp\htdocs\anhhaisang\index.php(17): require('C:\\xampp\\htdocs...')
#5 {main}
  thrown in C:\xampp\htdocs\anhhaisang\wp-content\themes\demo\searchform.php on line 13

