2020-04-16T04:29:00+00:00 CRITICAL Uncaught Error: Call to undefined function twentyseventeen_get_svg() in C:\xampp\htdocs\anhhaisang\wp-content\themes\demo\archive.php:48
Stack trace:
#0 C:\xampp\htdocs\anhhaisang\wp-includes\template-loader.php(106): include()
#1 C:\xampp\htdocs\anhhaisang\wp-blog-header.php(19): require_once('C:\\xampp\\htdocs...')
#2 C:\xampp\htdocs\anhhaisang\index.php(17): require('C:\\xampp\\htdocs...')
#3 {main}
  thrown in C:\xampp\htdocs\anhhaisang\wp-content\themes\demo\archive.php on line 48

2020-04-16T04:53:09+00:00 CRITICAL syntax error, unexpected end of file in C:\xampp\htdocs\anhhaisang\wp-content\themes\demo\single-services.php on line 38

2020-04-16T04:55:05+00:00 CRITICAL syntax error, unexpected end of file in C:\xampp\htdocs\anhhaisang\wp-content\themes\demo\single-services.php on line 55

2020-04-16T06:12:00+00:00 CRITICAL Uncaught Error: Call to undefined function twentyseventeen_get_svg() in C:\xampp\htdocs\anhhaisang\wp-content\themes\demo\archive.php:48
Stack trace:
#0 C:\xampp\htdocs\anhhaisang\wp-includes\template-loader.php(106): include()
#1 C:\xampp\htdocs\anhhaisang\wp-blog-header.php(19): require_once('C:\\xampp\\htdocs...')
#2 C:\xampp\htdocs\anhhaisang\index.php(17): require('C:\\xampp\\htdocs...')
#3 {main}
  thrown in C:\xampp\htdocs\anhhaisang\wp-content\themes\demo\archive.php on line 48

2020-04-16T06:12:03+00:00 CRITICAL Uncaught Error: Call to undefined function twentyseventeen_get_svg() in C:\xampp\htdocs\anhhaisang\wp-content\themes\demo\archive.php:48
Stack trace:
#0 C:\xampp\htdocs\anhhaisang\wp-includes\template-loader.php(106): include()
#1 C:\xampp\htdocs\anhhaisang\wp-blog-header.php(19): require_once('C:\\xampp\\htdocs...')
#2 C:\xampp\htdocs\anhhaisang\index.php(17): require('C:\\xampp\\htdocs...')
#3 {main}
  thrown in C:\xampp\htdocs\anhhaisang\wp-content\themes\demo\archive.php on line 48

2020-04-16T06:13:14+00:00 CRITICAL Uncaught Error: Call to undefined function twentyseventeen_get_svg() in C:\xampp\htdocs\anhhaisang\wp-content\themes\demo\archive.php:48
Stack trace:
#0 C:\xampp\htdocs\anhhaisang\wp-includes\template-loader.php(106): include()
#1 C:\xampp\htdocs\anhhaisang\wp-blog-header.php(19): require_once('C:\\xampp\\htdocs...')
#2 C:\xampp\htdocs\anhhaisang\index.php(17): require('C:\\xampp\\htdocs...')
#3 {main}
  thrown in C:\xampp\htdocs\anhhaisang\wp-content\themes\demo\archive.php on line 48

2020-04-16T06:14:38+00:00 CRITICAL syntax error, unexpected ''before_page_number'' (T_CONSTANT_ENCAPSED_STRING), expecting ')' in C:\xampp\htdocs\anhhaisang\wp-content\themes\demo\archive.php on line 50

2020-04-16T06:43:37+00:00 CRITICAL syntax error, unexpected end of file, expecting elseif (T_ELSEIF) or else (T_ELSE) or endif (T_ENDIF) in C:\xampp\htdocs\anhhaisang\wp-content\themes\demo\archive.php on line 43

2020-04-16T06:43:39+00:00 CRITICAL syntax error, unexpected end of file, expecting elseif (T_ELSEIF) or else (T_ELSE) or endif (T_ENDIF) in C:\xampp\htdocs\anhhaisang\wp-content\themes\demo\archive.php on line 43

2020-04-16T06:43:44+00:00 CRITICAL syntax error, unexpected end of file, expecting elseif (T_ELSEIF) or else (T_ELSE) or endif (T_ENDIF) in C:\xampp\htdocs\anhhaisang\wp-content\themes\demo\archive.php on line 43

2020-04-16T06:44:27+00:00 CRITICAL syntax error, unexpected end of file, expecting elseif (T_ELSEIF) or else (T_ELSE) or endif (T_ENDIF) in C:\xampp\htdocs\anhhaisang\wp-content\themes\demo\archive.php on line 43

2020-04-16T06:44:39+00:00 CRITICAL syntax error, unexpected end of file, expecting elseif (T_ELSEIF) or else (T_ELSE) or endif (T_ENDIF) in C:\xampp\htdocs\anhhaisang\wp-content\themes\demo\archive.php on line 43

2020-04-16T06:44:41+00:00 CRITICAL syntax error, unexpected end of file, expecting elseif (T_ELSEIF) or else (T_ELSE) or endif (T_ENDIF) in C:\xampp\htdocs\anhhaisang\wp-content\themes\demo\archive.php on line 43

2020-04-16T06:45:16+00:00 CRITICAL Uncaught Error: Call to undefined function twentyseventeen_get_svg() in C:\xampp\htdocs\anhhaisang\wp-content\themes\demo\archive.php:48
Stack trace:
#0 C:\xampp\htdocs\anhhaisang\wp-includes\template-loader.php(106): include()
#1 C:\xampp\htdocs\anhhaisang\wp-blog-header.php(19): require_once('C:\\xampp\\htdocs...')
#2 C:\xampp\htdocs\anhhaisang\index.php(17): require('C:\\xampp\\htdocs...')
#3 {main}
  thrown in C:\xampp\htdocs\anhhaisang\wp-content\themes\demo\archive.php on line 48

2020-04-16T06:45:19+00:00 CRITICAL Uncaught Error: Call to undefined function twentyseventeen_get_svg() in C:\xampp\htdocs\anhhaisang\wp-content\themes\demo\archive.php:48
Stack trace:
#0 C:\xampp\htdocs\anhhaisang\wp-includes\template-loader.php(106): include()
#1 C:\xampp\htdocs\anhhaisang\wp-blog-header.php(19): require_once('C:\\xampp\\htdocs...')
#2 C:\xampp\htdocs\anhhaisang\index.php(17): require('C:\\xampp\\htdocs...')
#3 {main}
  thrown in C:\xampp\htdocs\anhhaisang\wp-content\themes\demo\archive.php on line 48

2020-04-16T06:45:32+00:00 CRITICAL Uncaught Error: Call to undefined function twentyseventeen_get_svg() in C:\xampp\htdocs\anhhaisang\wp-content\themes\demo\archive.php:48
Stack trace:
#0 C:\xampp\htdocs\anhhaisang\wp-includes\template-loader.php(106): include()
#1 C:\xampp\htdocs\anhhaisang\wp-blog-header.php(19): require_once('C:\\xampp\\htdocs...')
#2 C:\xampp\htdocs\anhhaisang\index.php(17): require('C:\\xampp\\htdocs...')
#3 {main}
  thrown in C:\xampp\htdocs\anhhaisang\wp-content\themes\demo\archive.php on line 48

2020-04-16T07:55:24+00:00 CRITICAL syntax error, unexpected ')' in C:\xampp\htdocs\anhhaisang\wp-content\themes\demo\inc\elementor_widget\widgets\services\layout\lists.php on line 4

