2020-04-12T02:57:49+00:00 CRITICAL Uncaught Error: Class 'Elementor\Pet_care' not found in C:\xampp\htdocs\anhhaisang\wp-content\themes\demo\inc\elementor_widget\elementor_plugin.php:89
Stack trace:
#0 C:\xampp\htdocs\anhhaisang\wp-includes\class-wp-hook.php(287): Plugin->register_widgets(Object(Elementor\Widgets_Manager))
#1 C:\xampp\htdocs\anhhaisang\wp-includes\class-wp-hook.php(311): WP_Hook->apply_filters('', Array)
#2 C:\xampp\htdocs\anhhaisang\wp-includes\plugin.php(478): WP_Hook->do_action(Array)
#3 C:\xampp\htdocs\anhhaisang\wp-content\plugins\elementor\includes\managers\widgets.php(99): do_action('elementor/widge...', Object(Elementor\Widgets_Manager))
#4 C:\xampp\htdocs\anhhaisang\wp-content\plugins\elementor\includes\managers\widgets.php(235): Elementor\Widgets_Manager->init_widgets()
#5 C:\xampp\htdocs\anhhaisang\wp-content\plugins\elementor\includes\elements\column.php(1026): Elementor\Widgets_Manager->get_widget_types('slider_revoluti...')
#6 C:\xampp\htdocs\anhhaisang\wp-content\plugins\elementor\includes\base\element-base.php( in C:\xampp\htdocs\anhhaisang\wp-content\themes\demo\inc\elementor_widget\elementor_plugin.php on line 89

2020-04-12T02:59:25+00:00 CRITICAL Uncaught Error: Class 'Elementor\Pet_care' not found in C:\xampp\htdocs\anhhaisang\wp-content\themes\demo\inc\elementor_widget\elementor_plugin.php:89
Stack trace:
#0 C:\xampp\htdocs\anhhaisang\wp-includes\class-wp-hook.php(287): Plugin->register_widgets(Object(Elementor\Widgets_Manager))
#1 C:\xampp\htdocs\anhhaisang\wp-includes\class-wp-hook.php(311): WP_Hook->apply_filters('', Array)
#2 C:\xampp\htdocs\anhhaisang\wp-includes\plugin.php(478): WP_Hook->do_action(Array)
#3 C:\xampp\htdocs\anhhaisang\wp-content\plugins\elementor\includes\managers\widgets.php(99): do_action('elementor/widge...', Object(Elementor\Widgets_Manager))
#4 C:\xampp\htdocs\anhhaisang\wp-content\plugins\elementor\includes\managers\widgets.php(235): Elementor\Widgets_Manager->init_widgets()
#5 C:\xampp\htdocs\anhhaisang\wp-content\plugins\elementor\includes\elements\column.php(1026): Elementor\Widgets_Manager->get_widget_types('slider_revoluti...')
#6 C:\xampp\htdocs\anhhaisang\wp-content\plugins\elementor\includes\base\element-base.php( in C:\xampp\htdocs\anhhaisang\wp-content\themes\demo\inc\elementor_widget\elementor_plugin.php on line 89

2020-04-12T03:00:06+00:00 CRITICAL Uncaught Error: Class 'Pet_care' not found in C:\xampp\htdocs\anhhaisang\wp-content\themes\demo\inc\elementor_widget\elementor_plugin.php:89
Stack trace:
#0 C:\xampp\htdocs\anhhaisang\wp-includes\class-wp-hook.php(287): Plugin->register_widgets(Object(Elementor\Widgets_Manager))
#1 C:\xampp\htdocs\anhhaisang\wp-includes\class-wp-hook.php(311): WP_Hook->apply_filters('', Array)
#2 C:\xampp\htdocs\anhhaisang\wp-includes\plugin.php(478): WP_Hook->do_action(Array)
#3 C:\xampp\htdocs\anhhaisang\wp-content\plugins\elementor\includes\managers\widgets.php(99): do_action('elementor/widge...', Object(Elementor\Widgets_Manager))
#4 C:\xampp\htdocs\anhhaisang\wp-content\plugins\elementor\includes\managers\widgets.php(235): Elementor\Widgets_Manager->init_widgets()
#5 C:\xampp\htdocs\anhhaisang\wp-content\plugins\elementor\includes\elements\column.php(1026): Elementor\Widgets_Manager->get_widget_types('slider_revoluti...')
#6 C:\xampp\htdocs\anhhaisang\wp-content\plugins\elementor\includes\base\element-base.php(936): Elem in C:\xampp\htdocs\anhhaisang\wp-content\themes\demo\inc\elementor_widget\elementor_plugin.php on line 89

2020-04-12T03:01:04+00:00 CRITICAL Uncaught Error: Class 'Elementor\Pet_Care' not found in C:\xampp\htdocs\anhhaisang\wp-content\themes\demo\inc\elementor_widget\elementor_plugin.php:89
Stack trace:
#0 C:\xampp\htdocs\anhhaisang\wp-includes\class-wp-hook.php(287): Plugin->register_widgets(Object(Elementor\Widgets_Manager))
#1 C:\xampp\htdocs\anhhaisang\wp-includes\class-wp-hook.php(311): WP_Hook->apply_filters('', Array)
#2 C:\xampp\htdocs\anhhaisang\wp-includes\plugin.php(478): WP_Hook->do_action(Array)
#3 C:\xampp\htdocs\anhhaisang\wp-content\plugins\elementor\includes\managers\widgets.php(99): do_action('elementor/widge...', Object(Elementor\Widgets_Manager))
#4 C:\xampp\htdocs\anhhaisang\wp-content\plugins\elementor\includes\managers\widgets.php(235): Elementor\Widgets_Manager->init_widgets()
#5 C:\xampp\htdocs\anhhaisang\wp-content\plugins\elementor\includes\elements\column.php(1026): Elementor\Widgets_Manager->get_widget_types('slider_revoluti...')
#6 C:\xampp\htdocs\anhhaisang\wp-content\plugins\elementor\includes\base\element-base.php( in C:\xampp\htdocs\anhhaisang\wp-content\themes\demo\inc\elementor_widget\elementor_plugin.php on line 89

2020-04-12T03:02:11+00:00 CRITICAL Uncaught Error: Class 'Elementor\Pet_cares' not found in C:\xampp\htdocs\anhhaisang\wp-content\themes\demo\inc\elementor_widget\elementor_plugin.php:87
Stack trace:
#0 C:\xampp\htdocs\anhhaisang\wp-includes\class-wp-hook.php(287): Plugin->register_widgets(Object(Elementor\Widgets_Manager))
#1 C:\xampp\htdocs\anhhaisang\wp-includes\class-wp-hook.php(311): WP_Hook->apply_filters('', Array)
#2 C:\xampp\htdocs\anhhaisang\wp-includes\plugin.php(478): WP_Hook->do_action(Array)
#3 C:\xampp\htdocs\anhhaisang\wp-content\plugins\elementor\includes\managers\widgets.php(99): do_action('elementor/widge...', Object(Elementor\Widgets_Manager))
#4 C:\xampp\htdocs\anhhaisang\wp-content\plugins\elementor\includes\managers\widgets.php(235): Elementor\Widgets_Manager->init_widgets()
#5 C:\xampp\htdocs\anhhaisang\wp-content\plugins\elementor\includes\elements\column.php(1026): Elementor\Widgets_Manager->get_widget_types('slider_revoluti...')
#6 C:\xampp\htdocs\anhhaisang\wp-content\plugins\elementor\includes\base\element-base.php in C:\xampp\htdocs\anhhaisang\wp-content\themes\demo\inc\elementor_widget\elementor_plugin.php on line 87

2020-04-12T03:02:47+00:00 CRITICAL Uncaught Error: Class 'Elementor\Pet_cares' not found in C:\xampp\htdocs\anhhaisang\wp-content\themes\demo\inc\elementor_widget\elementor_plugin.php:87
Stack trace:
#0 C:\xampp\htdocs\anhhaisang\wp-includes\class-wp-hook.php(287): Plugin->register_widgets(Object(Elementor\Widgets_Manager))
#1 C:\xampp\htdocs\anhhaisang\wp-includes\class-wp-hook.php(311): WP_Hook->apply_filters('', Array)
#2 C:\xampp\htdocs\anhhaisang\wp-includes\plugin.php(478): WP_Hook->do_action(Array)
#3 C:\xampp\htdocs\anhhaisang\wp-content\plugins\elementor\includes\managers\widgets.php(99): do_action('elementor/widge...', Object(Elementor\Widgets_Manager))
#4 C:\xampp\htdocs\anhhaisang\wp-content\plugins\elementor\includes\managers\widgets.php(235): Elementor\Widgets_Manager->init_widgets()
#5 C:\xampp\htdocs\anhhaisang\wp-content\plugins\elementor\includes\elements\column.php(1026): Elementor\Widgets_Manager->get_widget_types('slider_revoluti...')
#6 C:\xampp\htdocs\anhhaisang\wp-content\plugins\elementor\includes\base\element-base.php in C:\xampp\htdocs\anhhaisang\wp-content\themes\demo\inc\elementor_widget\elementor_plugin.php on line 87

2020-04-12T03:04:44+00:00 CRITICAL Uncaught Error: Class 'Elementor\Pet_Cares' not found in C:\xampp\htdocs\anhhaisang\wp-content\themes\demo\inc\elementor_widget\elementor_plugin.php:87
Stack trace:
#0 C:\xampp\htdocs\anhhaisang\wp-includes\class-wp-hook.php(287): Plugin->register_widgets(Object(Elementor\Widgets_Manager))
#1 C:\xampp\htdocs\anhhaisang\wp-includes\class-wp-hook.php(311): WP_Hook->apply_filters('', Array)
#2 C:\xampp\htdocs\anhhaisang\wp-includes\plugin.php(478): WP_Hook->do_action(Array)
#3 C:\xampp\htdocs\anhhaisang\wp-content\plugins\elementor\includes\managers\widgets.php(99): do_action('elementor/widge...', Object(Elementor\Widgets_Manager))
#4 C:\xampp\htdocs\anhhaisang\wp-content\plugins\elementor\includes\managers\widgets.php(235): Elementor\Widgets_Manager->init_widgets()
#5 C:\xampp\htdocs\anhhaisang\wp-content\plugins\elementor\includes\elements\column.php(1026): Elementor\Widgets_Manager->get_widget_types('slider_revoluti...')
#6 C:\xampp\htdocs\anhhaisang\wp-content\plugins\elementor\includes\base\element-base.php in C:\xampp\htdocs\anhhaisang\wp-content\themes\demo\inc\elementor_widget\elementor_plugin.php on line 87

